INFO:latte:========== Configuration ==========
INFO:latte:    march             = AVX-512
INFO:latte:    parallel_strategy = OPENMP
INFO:latte:    nthreads          = 64
INFO:latte:    codegen_strategy = AUTOVEC
INFO:latte:===================================
INFO:latte:Initializing ensembles and synthesizing functions...
INFO:latte:    ensemble1 [shape=(3, 224, 224)]
INFO:latte:    ensemble2 [shape=(64, 112, 112)]
INFO:latte:    ensemble3 [shape=(64, 112, 112)]
INFO:latte:    ensemble4 [shape=(64, 112, 112)]
INFO:latte:    ensemble5 [shape=(64, 56, 56)]
INFO:latte:    ensemble6 [shape=(64, 56, 56)]
INFO:latte:    ensemble7 [shape=(64, 56, 56)]
INFO:latte:    ensemble8 [shape=(64, 56, 56)]
INFO:latte:    ensemble9 [shape=(192, 56, 56)]
INFO:latte:    ensemble10 [shape=(192, 56, 56)]
INFO:latte:    ensemble11 [shape=(192, 56, 56)]
INFO:latte:    ensemble12 [shape=(192, 28, 28)]
INFO:latte:    ensemble13 [shape=(64, 28, 28)]
INFO:latte:    ensemble14 [shape=(64, 28, 28)]
INFO:latte:    ensemble15 [shape=(64, 28, 28)]
INFO:latte:    ensemble16 [shape=(96, 28, 28)]
INFO:latte:    ensemble17 [shape=(96, 28, 28)]
INFO:latte:    ensemble18 [shape=(96, 28, 28)]
INFO:latte:    ensemble19 [shape=(128, 28, 28)]
INFO:latte:    ensemble20 [shape=(128, 28, 28)]
INFO:latte:    ensemble21 [shape=(128, 28, 28)]
INFO:latte:    ensemble22 [shape=(16, 28, 28)]
INFO:latte:    ensemble23 [shape=(16, 28, 28)]
INFO:latte:    ensemble24 [shape=(16, 28, 28)]
INFO:latte:    ensemble25 [shape=(32, 28, 28)]
INFO:latte:    ensemble26 [shape=(32, 28, 28)]
INFO:latte:    ensemble27 [shape=(32, 28, 28)]
INFO:latte:    ensemble28 [shape=(192, 28, 28)]
INFO:latte:    ensemble29 [shape=(32, 28, 28)]
INFO:latte:    ensemble30 [shape=(32, 28, 28)]
INFO:latte:    ensemble31 [shape=(32, 28, 28)]
INFO:latte:    ensemble32 [shape=(256, 28, 28)]
INFO:latte:    ensemble33 [shape=(128, 28, 28)]
INFO:latte:    ensemble34 [shape=(128, 28, 28)]
INFO:latte:    ensemble35 [shape=(128, 28, 28)]
INFO:latte:    ensemble36 [shape=(128, 28, 28)]
INFO:latte:    ensemble37 [shape=(128, 28, 28)]
INFO:latte:    ensemble38 [shape=(128, 28, 28)]
INFO:latte:    ensemble39 [shape=(192, 28, 28)]
INFO:latte:    ensemble40 [shape=(192, 28, 28)]
INFO:latte:    ensemble41 [shape=(192, 28, 28)]
INFO:latte:    ensemble42 [shape=(32, 28, 28)]
INFO:latte:    ensemble43 [shape=(32, 28, 28)]
INFO:latte:    ensemble44 [shape=(32, 28, 28)]
INFO:latte:    ensemble45 [shape=(96, 28, 28)]
INFO:latte:    ensemble46 [shape=(96, 28, 28)]
INFO:latte:    ensemble47 [shape=(96, 28, 28)]
INFO:latte:    ensemble48 [shape=(256, 28, 28)]
INFO:latte:    ensemble49 [shape=(64, 28, 28)]
INFO:latte:    ensemble50 [shape=(64, 28, 28)]
INFO:latte:    ensemble51 [shape=(64, 28, 28)]
INFO:latte:    ensemble52 [shape=(480, 28, 28)]
INFO:latte:    ensemble53 [shape=(480, 14, 14)]
INFO:latte:    ensemble54 [shape=(192, 14, 14)]
INFO:latte:    ensemble55 [shape=(192, 14, 14)]
INFO:latte:    ensemble56 [shape=(192, 14, 14)]
INFO:latte:    ensemble57 [shape=(96, 14, 14)]
INFO:latte:    ensemble58 [shape=(96, 14, 14)]
INFO:latte:    ensemble59 [shape=(96, 14, 14)]
INFO:latte:    ensemble60 [shape=(208, 14, 14)]
INFO:latte:    ensemble61 [shape=(208, 14, 14)]
INFO:latte:    ensemble62 [shape=(208, 14, 14)]
INFO:latte:    ensemble63 [shape=(16, 14, 14)]
INFO:latte:    ensemble64 [shape=(16, 14, 14)]
INFO:latte:    ensemble65 [shape=(16, 14, 14)]
INFO:latte:    ensemble66 [shape=(48, 14, 14)]
INFO:latte:    ensemble67 [shape=(48, 14, 14)]
INFO:latte:    ensemble68 [shape=(48, 14, 14)]
INFO:latte:    ensemble69 [shape=(480, 14, 14)]
INFO:latte:    ensemble70 [shape=(64, 14, 14)]
INFO:latte:    ensemble71 [shape=(64, 14, 14)]
INFO:latte:    ensemble72 [shape=(64, 14, 14)]
INFO:latte:    ensemble73 [shape=(512, 14, 14)]
INFO:latte:    ensemble74 [shape=(512, 4, 4)]
INFO:latte:    ensemble75 [shape=(128, 4, 4)]
INFO:latte:    ensemble76 [shape=(128, 4, 4)]
INFO:latte:    ensemble77 [shape=(128, 4, 4)]
INFO:latte:    ensemble78 [shape=(1024,)]
INFO:latte:    ensemble79 [shape=(1024,)]
INFO:latte:    ensemble80 [shape=(1024,)]
INFO:latte:    ensemble81 [shape=(1008,)]
INFO:latte:    ensemble82 [shape=(1008,)]
INFO:latte:    ensemble83 [shape=(160, 14, 14)]
INFO:latte:    ensemble84 [shape=(160, 14, 14)]
INFO:latte:    ensemble85 [shape=(160, 14, 14)]
INFO:latte:    ensemble86 [shape=(112, 14, 14)]
INFO:latte:    ensemble87 [shape=(112, 14, 14)]
INFO:latte:    ensemble88 [shape=(112, 14, 14)]
INFO:latte:    ensemble89 [shape=(224, 14, 14)]
INFO:latte:    ensemble90 [shape=(224, 14, 14)]
INFO:latte:    ensemble91 [shape=(224, 14, 14)]
INFO:latte:    ensemble92 [shape=(32, 14, 14)]
INFO:latte:    ensemble93 [shape=(32, 14, 14)]
INFO:latte:    ensemble94 [shape=(32, 14, 14)]
INFO:latte:    ensemble95 [shape=(64, 14, 14)]
INFO:latte:    ensemble96 [shape=(64, 14, 14)]
INFO:latte:    ensemble97 [shape=(64, 14, 14)]
INFO:latte:    ensemble98 [shape=(512, 14, 14)]
INFO:latte:    ensemble99 [shape=(64, 14, 14)]
INFO:latte:    ensemble100 [shape=(64, 14, 14)]
INFO:latte:    ensemble101 [shape=(64, 14, 14)]
INFO:latte:    ensemble102 [shape=(512, 14, 14)]
INFO:latte:    ensemble103 [shape=(128, 14, 14)]
INFO:latte:    ensemble104 [shape=(128, 14, 14)]
INFO:latte:    ensemble105 [shape=(128, 14, 14)]
INFO:latte:    ensemble106 [shape=(128, 14, 14)]
INFO:latte:    ensemble107 [shape=(128, 14, 14)]
INFO:latte:    ensemble108 [shape=(128, 14, 14)]
INFO:latte:    ensemble109 [shape=(256, 14, 14)]
INFO:latte:    ensemble110 [shape=(256, 14, 14)]
INFO:latte:    ensemble111 [shape=(256, 14, 14)]
INFO:latte:    ensemble112 [shape=(32, 14, 14)]
INFO:latte:    ensemble113 [shape=(32, 14, 14)]
INFO:latte:    ensemble114 [shape=(32, 14, 14)]
INFO:latte:    ensemble115 [shape=(64, 14, 14)]
INFO:latte:    ensemble116 [shape=(64, 14, 14)]
INFO:latte:    ensemble117 [shape=(64, 14, 14)]
INFO:latte:    ensemble118 [shape=(512, 14, 14)]
INFO:latte:    ensemble119 [shape=(64, 14, 14)]
INFO:latte:    ensemble120 [shape=(64, 14, 14)]
INFO:latte:    ensemble121 [shape=(64, 14, 14)]
INFO:latte:    ensemble122 [shape=(512, 14, 14)]
INFO:latte:    ensemble123 [shape=(112, 14, 14)]
INFO:latte:    ensemble124 [shape=(112, 14, 14)]
INFO:latte:    ensemble125 [shape=(112, 14, 14)]
INFO:latte:    ensemble126 [shape=(144, 14, 14)]
INFO:latte:    ensemble127 [shape=(144, 14, 14)]
INFO:latte:    ensemble128 [shape=(144, 14, 14)]
INFO:latte:    ensemble129 [shape=(288, 14, 14)]
INFO:latte:    ensemble130 [shape=(288, 14, 14)]
INFO:latte:    ensemble131 [shape=(288, 14, 14)]
INFO:latte:    ensemble132 [shape=(32, 14, 14)]
INFO:latte:    ensemble133 [shape=(32, 14, 14)]
INFO:latte:    ensemble134 [shape=(32, 14, 14)]
INFO:latte:    ensemble135 [shape=(64, 14, 14)]
INFO:latte:    ensemble136 [shape=(64, 14, 14)]
INFO:latte:    ensemble137 [shape=(64, 14, 14)]
INFO:latte:    ensemble138 [shape=(512, 14, 14)]
INFO:latte:    ensemble139 [shape=(64, 14, 14)]
INFO:latte:    ensemble140 [shape=(64, 14, 14)]
INFO:latte:    ensemble141 [shape=(64, 14, 14)]
INFO:latte:    ensemble142 [shape=(528, 14, 14)]
INFO:latte:    ensemble143 [shape=(528, 4, 4)]
INFO:latte:    ensemble144 [shape=(128, 4, 4)]
INFO:latte:    ensemble145 [shape=(128, 4, 4)]
INFO:latte:    ensemble146 [shape=(128, 4, 4)]
INFO:latte:    ensemble147 [shape=(1024,)]
INFO:latte:    ensemble148 [shape=(1024,)]
INFO:latte:    ensemble149 [shape=(1024,)]
INFO:latte:    ensemble150 [shape=(1008,)]
INFO:latte:    ensemble151 [shape=(1008,)]
INFO:latte:    ensemble152 [shape=(256, 14, 14)]
INFO:latte:    ensemble153 [shape=(256, 14, 14)]
INFO:latte:    ensemble154 [shape=(256, 14, 14)]
INFO:latte:    ensemble155 [shape=(160, 14, 14)]
INFO:latte:    ensemble156 [shape=(160, 14, 14)]
INFO:latte:    ensemble157 [shape=(160, 14, 14)]
INFO:latte:    ensemble158 [shape=(320, 14, 14)]
INFO:latte:    ensemble159 [shape=(320, 14, 14)]
INFO:latte:    ensemble160 [shape=(320, 14, 14)]
INFO:latte:    ensemble161 [shape=(32, 14, 14)]
INFO:latte:    ensemble162 [shape=(32, 14, 14)]
INFO:latte:    ensemble163 [shape=(32, 14, 14)]
INFO:latte:    ensemble164 [shape=(128, 14, 14)]
INFO:latte:    ensemble165 [shape=(128, 14, 14)]
INFO:latte:    ensemble166 [shape=(128, 14, 14)]
INFO:latte:    ensemble167 [shape=(528, 14, 14)]
INFO:latte:    ensemble168 [shape=(128, 14, 14)]
INFO:latte:    ensemble169 [shape=(128, 14, 14)]
INFO:latte:    ensemble170 [shape=(128, 14, 14)]
INFO:latte:    ensemble171 [shape=(832, 14, 14)]
INFO:latte:    ensemble172 [shape=(832, 7, 7)]
INFO:latte:    ensemble173 [shape=(256, 7, 7)]
INFO:latte:    ensemble174 [shape=(256, 7, 7)]
INFO:latte:    ensemble175 [shape=(256, 7, 7)]
INFO:latte:    ensemble176 [shape=(160, 7, 7)]
INFO:latte:    ensemble177 [shape=(160, 7, 7)]
INFO:latte:    ensemble178 [shape=(160, 7, 7)]
INFO:latte:    ensemble179 [shape=(320, 7, 7)]
INFO:latte:    ensemble180 [shape=(320, 7, 7)]
INFO:latte:    ensemble181 [shape=(320, 7, 7)]
INFO:latte:    ensemble182 [shape=(32, 7, 7)]
INFO:latte:    ensemble183 [shape=(32, 7, 7)]
INFO:latte:    ensemble184 [shape=(32, 7, 7)]
INFO:latte:    ensemble185 [shape=(128, 7, 7)]
INFO:latte:    ensemble186 [shape=(128, 7, 7)]
INFO:latte:    ensemble187 [shape=(128, 7, 7)]
INFO:latte:    ensemble188 [shape=(832, 7, 7)]
INFO:latte:    ensemble189 [shape=(128, 7, 7)]
INFO:latte:    ensemble190 [shape=(128, 7, 7)]
INFO:latte:    ensemble191 [shape=(128, 7, 7)]
INFO:latte:    ensemble192 [shape=(832, 7, 7)]
INFO:latte:    ensemble193 [shape=(384, 7, 7)]
INFO:latte:    ensemble194 [shape=(384, 7, 7)]
INFO:latte:    ensemble195 [shape=(384, 7, 7)]
INFO:latte:    ensemble196 [shape=(192, 7, 7)]
INFO:latte:    ensemble197 [shape=(192, 7, 7)]
INFO:latte:    ensemble198 [shape=(192, 7, 7)]
INFO:latte:    ensemble199 [shape=(384, 7, 7)]
INFO:latte:    ensemble200 [shape=(384, 7, 7)]
INFO:latte:    ensemble201 [shape=(384, 7, 7)]
INFO:latte:    ensemble202 [shape=(48, 7, 7)]
INFO:latte:    ensemble203 [shape=(48, 7, 7)]
INFO:latte:    ensemble204 [shape=(48, 7, 7)]
INFO:latte:    ensemble205 [shape=(128, 7, 7)]
INFO:latte:    ensemble206 [shape=(128, 7, 7)]
INFO:latte:    ensemble207 [shape=(128, 7, 7)]
INFO:latte:    ensemble208 [shape=(832, 7, 7)]
INFO:latte:    ensemble209 [shape=(128, 7, 7)]
INFO:latte:    ensemble210 [shape=(128, 7, 7)]
INFO:latte:    ensemble211 [shape=(128, 7, 7)]
INFO:latte:    ensemble212 [shape=(1024, 7, 7)]
INFO:latte:    ensemble213 [shape=(1024, 1, 1)]
INFO:latte:    ensemble214 [shape=(1008,)]
INFO:latte:    ensemble215 [shape=(1008,)]
INFO:latte:Compiling functions...
INFO:latte:Finished compiling Net
Training ...
Iteration 0 -- 
FP                   : 29652.100 ms
BP+WU                : 0.001 ms
Total Time           : 29652.101 ms

Iteration 1 -- 
FP                   : 29045.577 ms
BP+WU                : 0.001 ms
Total Time           : 29045.578 ms

Total FP                   : 58697.677 ms
Total BP+WU                : 0.002 ms
Total Time                 : 58697.679 ms
Total Inference Throughput : 4.361 images/second
Total Training Throughput  : 4.361 images/second
	times[0] = 6.65402
	times[1] = 0.273821
	times[2] = 4.0193
	times[3] = 0.127698
	times[4] = 0.191341
	times[5] = 0.694428
	times[6] = 0.039104
	times[7] = 1.03235
	times[8] = 0.105972
	times[9] = 0.33219
	times[10] = 0.330301
	times[11] = 1.36854
	times[12] = 0.09091
	times[13] = 1.74824
	times[14] = 0.944744
	times[15] = 0.184816
	times[16] = 0.095438
	times[17] = 0.298405
	times[18] = 0.0186219
	times[19] = 0.718319
	times[20] = 0.191307
	times[21] = 0.01564
	times[22] = 0.1213
	times[23] = 0.00032711
	times[24] = 0.0229509
	times[25] = 0.000204086
	times[26] = 0.167916
	times[27] = 0.11744
	times[28] = 0.371642
	times[29] = 0.0368371
	times[30] = 0.814756
	times[31] = 0.08547
	times[32] = 0.131943
	times[33] = 0.132607
	times[34] = 0.480542
	times[35] = 0.0367279
	times[36] = 0.813978
	times[37] = 0.085572
	times[38] = 0.11507
	times[39] = 0.152999
	times[40] = 0.613362
	times[41] = 0.036669
	times[42] = 0.815862
	times[43] = 0.196248
	times[44] = 0.0162461
	times[45] = 0.114677
	times[46] = 0.000352144
	times[47] = 0.0228209
	times[48] = 0.00020504
	times[49] = 0.277702
	times[50] = 0.175593
	times[51] = 0.743683
	times[52] = 0.037714
	times[53] = 0.922165
	times[54] = 0.48566
	times[55] = 0.122159
	times[56] = 0.07411
	times[57] = 0.236981
	times[58] = 0.0158372
	times[59] = 0.348145
	times[60] = 0.065196
	times[61] = 0.180254
	times[62] = 0.090591
	times[63] = 0.334114
	times[64] = 0.0232859
	times[65] = 0.375205
	times[66] = 0.0945561
	times[67] = 0.022974
	times[68] = 0.000224113
	times[0] = 6.54905
	times[1] = 0.255282
	times[2] = 3.94922
	times[3] = 0.122761
	times[4] = 0.183962
	times[5] = 0.685685
	times[6] = 0.03792
	times[7] = 1.01388
	times[8] = 0.0888669
	times[9] = 0.320922
	times[10] = 0.319583
	times[11] = 1.35315
	times[12] = 0.0886121
	times[13] = 1.71838
	times[14] = 0.904611
	times[15] = 0.181245
	times[16] = 0.0934572
	times[17] = 0.292812
	times[18] = 0.0184131
	times[19] = 0.70751
	times[20] = 0.179417
	times[21] = 0.0155959
	times[22] = 0.120194
	times[23] = 0.00032711
	times[24] = 0.0228078
	times[25] = 0.000206947
	times[26] = 0.164966
	times[27] = 0.114748
	times[28] = 0.368228
	times[29] = 0.036361
	times[30] = 0.802589
	times[31] = 0.0772531
	times[32] = 0.129409
	times[33] = 0.129485
	times[34] = 0.4758
	times[35] = 0.0364199
	times[36] = 0.802388
	times[37] = 0.0771508
	times[38] = 0.1133
	times[39] = 0.146953
	times[40] = 0.607547
	times[41] = 0.0362642
	times[42] = 0.802709
	times[43] = 0.187367
	times[44] = 0.016125
	times[45] = 0.113896
	times[46] = 0.000339985
	times[47] = 0.0224991
	times[48] = 0.000202894
	times[49] = 0.27203
	times[50] = 0.169964
	times[51] = 0.737792
	times[52] = 0.0373271
	times[53] = 0.908536
	times[54] = 0.44974
	times[55] = 0.121265
	times[56] = 0.0732651
	times[57] = 0.235971
	times[58] = 0.015831
	times[59] = 0.34275
	times[60] = 0.0611401
	times[61] = 0.178126
	times[62] = 0.088414
	times[63] = 0.331762
	times[64] = 0.0228941
	times[65] = 0.366808
	times[66] = 0.089129
	times[67] = 0.0225039
	times[68] = 0.00022316
