INFO:latte:========== Configuration ==========
INFO:latte:    march             = AVX-512
INFO:latte:    parallel_strategy = SIMPLE_LOOP
INFO:latte:    nthreads          = 64
INFO:latte:    codegen_strategy = AUTOVEC
INFO:latte:===================================
INFO:latte:Initializing ensembles and synthesizing functions...
INFO:latte:    ensemble1 [shape=(3, 224, 224)]
INFO:latte:    ensemble2 [shape=(64, 112, 112)]
INFO:latte:    ensemble3 [shape=(64, 112, 112)]
INFO:latte:    ensemble4 [shape=(64, 112, 112)]
INFO:latte:    ensemble5 [shape=(64, 56, 56)]
INFO:latte:    ensemble6 [shape=(64, 56, 56)]
INFO:latte:    ensemble7 [shape=(64, 56, 56)]
INFO:latte:    ensemble8 [shape=(64, 56, 56)]
INFO:latte:    ensemble9 [shape=(192, 56, 56)]
INFO:latte:    ensemble10 [shape=(192, 56, 56)]
INFO:latte:    ensemble11 [shape=(192, 56, 56)]
INFO:latte:    ensemble12 [shape=(192, 28, 28)]
INFO:latte:    ensemble13 [shape=(64, 28, 28)]
INFO:latte:    ensemble14 [shape=(64, 28, 28)]
INFO:latte:    ensemble15 [shape=(64, 28, 28)]
INFO:latte:    ensemble16 [shape=(96, 28, 28)]
INFO:latte:    ensemble17 [shape=(96, 28, 28)]
INFO:latte:    ensemble18 [shape=(96, 28, 28)]
INFO:latte:    ensemble19 [shape=(128, 28, 28)]
INFO:latte:    ensemble20 [shape=(128, 28, 28)]
INFO:latte:    ensemble21 [shape=(128, 28, 28)]
INFO:latte:    ensemble22 [shape=(16, 28, 28)]
INFO:latte:    ensemble23 [shape=(16, 28, 28)]
INFO:latte:    ensemble24 [shape=(16, 28, 28)]
INFO:latte:    ensemble25 [shape=(32, 28, 28)]
INFO:latte:    ensemble26 [shape=(32, 28, 28)]
INFO:latte:    ensemble27 [shape=(32, 28, 28)]
INFO:latte:    ensemble28 [shape=(192, 28, 28)]
INFO:latte:    ensemble29 [shape=(32, 28, 28)]
INFO:latte:    ensemble30 [shape=(32, 28, 28)]
INFO:latte:    ensemble31 [shape=(32, 28, 28)]
INFO:latte:    ensemble32 [shape=(256, 28, 28)]
INFO:latte:    ensemble33 [shape=(128, 28, 28)]
INFO:latte:    ensemble34 [shape=(128, 28, 28)]
INFO:latte:    ensemble35 [shape=(128, 28, 28)]
INFO:latte:    ensemble36 [shape=(128, 28, 28)]
INFO:latte:    ensemble37 [shape=(128, 28, 28)]
INFO:latte:    ensemble38 [shape=(128, 28, 28)]
INFO:latte:    ensemble39 [shape=(192, 28, 28)]
INFO:latte:    ensemble40 [shape=(192, 28, 28)]
INFO:latte:    ensemble41 [shape=(192, 28, 28)]
INFO:latte:    ensemble42 [shape=(32, 28, 28)]
INFO:latte:    ensemble43 [shape=(32, 28, 28)]
INFO:latte:    ensemble44 [shape=(32, 28, 28)]
INFO:latte:    ensemble45 [shape=(96, 28, 28)]
INFO:latte:    ensemble46 [shape=(96, 28, 28)]
INFO:latte:    ensemble47 [shape=(96, 28, 28)]
INFO:latte:    ensemble48 [shape=(256, 28, 28)]
INFO:latte:    ensemble49 [shape=(64, 28, 28)]
INFO:latte:    ensemble50 [shape=(64, 28, 28)]
INFO:latte:    ensemble51 [shape=(64, 28, 28)]
INFO:latte:    ensemble52 [shape=(480, 28, 28)]
INFO:latte:    ensemble53 [shape=(480, 14, 14)]
INFO:latte:    ensemble54 [shape=(192, 14, 14)]
INFO:latte:    ensemble55 [shape=(192, 14, 14)]
INFO:latte:    ensemble56 [shape=(192, 14, 14)]
INFO:latte:    ensemble57 [shape=(96, 14, 14)]
INFO:latte:    ensemble58 [shape=(96, 14, 14)]
INFO:latte:    ensemble59 [shape=(96, 14, 14)]
INFO:latte:    ensemble60 [shape=(208, 14, 14)]
INFO:latte:    ensemble61 [shape=(208, 14, 14)]
INFO:latte:    ensemble62 [shape=(208, 14, 14)]
INFO:latte:    ensemble63 [shape=(16, 14, 14)]
INFO:latte:    ensemble64 [shape=(16, 14, 14)]
INFO:latte:    ensemble65 [shape=(16, 14, 14)]
INFO:latte:    ensemble66 [shape=(48, 14, 14)]
INFO:latte:    ensemble67 [shape=(48, 14, 14)]
INFO:latte:    ensemble68 [shape=(48, 14, 14)]
INFO:latte:    ensemble69 [shape=(480, 14, 14)]
INFO:latte:    ensemble70 [shape=(64, 14, 14)]
INFO:latte:    ensemble71 [shape=(64, 14, 14)]
INFO:latte:    ensemble72 [shape=(64, 14, 14)]
INFO:latte:    ensemble73 [shape=(512, 14, 14)]
INFO:latte:    ensemble74 [shape=(512, 4, 4)]
INFO:latte:    ensemble75 [shape=(128, 4, 4)]
INFO:latte:    ensemble76 [shape=(128, 4, 4)]
INFO:latte:    ensemble77 [shape=(128, 4, 4)]
INFO:latte:    ensemble78 [shape=(1024,)]
INFO:latte:    ensemble79 [shape=(1024,)]
INFO:latte:    ensemble80 [shape=(1024,)]
INFO:latte:    ensemble81 [shape=(1008,)]
INFO:latte:    ensemble82 [shape=(1008,)]
INFO:latte:    ensemble83 [shape=(160, 14, 14)]
INFO:latte:    ensemble84 [shape=(160, 14, 14)]
INFO:latte:    ensemble85 [shape=(160, 14, 14)]
INFO:latte:    ensemble86 [shape=(112, 14, 14)]
INFO:latte:    ensemble87 [shape=(112, 14, 14)]
INFO:latte:    ensemble88 [shape=(112, 14, 14)]
INFO:latte:    ensemble89 [shape=(224, 14, 14)]
INFO:latte:    ensemble90 [shape=(224, 14, 14)]
INFO:latte:    ensemble91 [shape=(224, 14, 14)]
INFO:latte:    ensemble92 [shape=(32, 14, 14)]
INFO:latte:    ensemble93 [shape=(32, 14, 14)]
INFO:latte:    ensemble94 [shape=(32, 14, 14)]
INFO:latte:    ensemble95 [shape=(64, 14, 14)]
INFO:latte:    ensemble96 [shape=(64, 14, 14)]
INFO:latte:    ensemble97 [shape=(64, 14, 14)]
INFO:latte:    ensemble98 [shape=(512, 14, 14)]
INFO:latte:    ensemble99 [shape=(64, 14, 14)]
INFO:latte:    ensemble100 [shape=(64, 14, 14)]
INFO:latte:    ensemble101 [shape=(64, 14, 14)]
INFO:latte:    ensemble102 [shape=(512, 14, 14)]
INFO:latte:    ensemble103 [shape=(128, 14, 14)]
INFO:latte:    ensemble104 [shape=(128, 14, 14)]
INFO:latte:    ensemble105 [shape=(128, 14, 14)]
INFO:latte:    ensemble106 [shape=(128, 14, 14)]
INFO:latte:    ensemble107 [shape=(128, 14, 14)]
INFO:latte:    ensemble108 [shape=(128, 14, 14)]
INFO:latte:    ensemble109 [shape=(256, 14, 14)]
INFO:latte:    ensemble110 [shape=(256, 14, 14)]
INFO:latte:    ensemble111 [shape=(256, 14, 14)]
INFO:latte:    ensemble112 [shape=(32, 14, 14)]
INFO:latte:    ensemble113 [shape=(32, 14, 14)]
INFO:latte:    ensemble114 [shape=(32, 14, 14)]
INFO:latte:    ensemble115 [shape=(64, 14, 14)]
INFO:latte:    ensemble116 [shape=(64, 14, 14)]
INFO:latte:    ensemble117 [shape=(64, 14, 14)]
INFO:latte:    ensemble118 [shape=(512, 14, 14)]
INFO:latte:    ensemble119 [shape=(64, 14, 14)]
INFO:latte:    ensemble120 [shape=(64, 14, 14)]
INFO:latte:    ensemble121 [shape=(64, 14, 14)]
INFO:latte:    ensemble122 [shape=(512, 14, 14)]
INFO:latte:    ensemble123 [shape=(112, 14, 14)]
INFO:latte:    ensemble124 [shape=(112, 14, 14)]
INFO:latte:    ensemble125 [shape=(112, 14, 14)]
INFO:latte:    ensemble126 [shape=(144, 14, 14)]
INFO:latte:    ensemble127 [shape=(144, 14, 14)]
INFO:latte:    ensemble128 [shape=(144, 14, 14)]
INFO:latte:    ensemble129 [shape=(288, 14, 14)]
INFO:latte:    ensemble130 [shape=(288, 14, 14)]
INFO:latte:    ensemble131 [shape=(288, 14, 14)]
INFO:latte:    ensemble132 [shape=(32, 14, 14)]
INFO:latte:    ensemble133 [shape=(32, 14, 14)]
INFO:latte:    ensemble134 [shape=(32, 14, 14)]
INFO:latte:    ensemble135 [shape=(64, 14, 14)]
INFO:latte:    ensemble136 [shape=(64, 14, 14)]
INFO:latte:    ensemble137 [shape=(64, 14, 14)]
INFO:latte:    ensemble138 [shape=(512, 14, 14)]
INFO:latte:    ensemble139 [shape=(64, 14, 14)]
INFO:latte:    ensemble140 [shape=(64, 14, 14)]
INFO:latte:    ensemble141 [shape=(64, 14, 14)]
INFO:latte:    ensemble142 [shape=(528, 14, 14)]
INFO:latte:    ensemble143 [shape=(528, 4, 4)]
INFO:latte:    ensemble144 [shape=(128, 4, 4)]
INFO:latte:    ensemble145 [shape=(128, 4, 4)]
INFO:latte:    ensemble146 [shape=(128, 4, 4)]
INFO:latte:    ensemble147 [shape=(1024,)]
INFO:latte:    ensemble148 [shape=(1024,)]
INFO:latte:    ensemble149 [shape=(1024,)]
INFO:latte:    ensemble150 [shape=(1008,)]
INFO:latte:    ensemble151 [shape=(1008,)]
INFO:latte:    ensemble152 [shape=(256, 14, 14)]
INFO:latte:    ensemble153 [shape=(256, 14, 14)]
INFO:latte:    ensemble154 [shape=(256, 14, 14)]
INFO:latte:    ensemble155 [shape=(160, 14, 14)]
INFO:latte:    ensemble156 [shape=(160, 14, 14)]
INFO:latte:    ensemble157 [shape=(160, 14, 14)]
INFO:latte:    ensemble158 [shape=(320, 14, 14)]
INFO:latte:    ensemble159 [shape=(320, 14, 14)]
INFO:latte:    ensemble160 [shape=(320, 14, 14)]
INFO:latte:    ensemble161 [shape=(32, 14, 14)]
INFO:latte:    ensemble162 [shape=(32, 14, 14)]
INFO:latte:    ensemble163 [shape=(32, 14, 14)]
INFO:latte:    ensemble164 [shape=(128, 14, 14)]
INFO:latte:    ensemble165 [shape=(128, 14, 14)]
INFO:latte:    ensemble166 [shape=(128, 14, 14)]
INFO:latte:    ensemble167 [shape=(528, 14, 14)]
INFO:latte:    ensemble168 [shape=(128, 14, 14)]
INFO:latte:    ensemble169 [shape=(128, 14, 14)]
INFO:latte:    ensemble170 [shape=(128, 14, 14)]
INFO:latte:    ensemble171 [shape=(832, 14, 14)]
INFO:latte:    ensemble172 [shape=(832, 7, 7)]
INFO:latte:    ensemble173 [shape=(256, 7, 7)]
INFO:latte:    ensemble174 [shape=(256, 7, 7)]
INFO:latte:    ensemble175 [shape=(256, 7, 7)]
INFO:latte:    ensemble176 [shape=(160, 7, 7)]
INFO:latte:    ensemble177 [shape=(160, 7, 7)]
INFO:latte:    ensemble178 [shape=(160, 7, 7)]
INFO:latte:    ensemble179 [shape=(320, 7, 7)]
INFO:latte:    ensemble180 [shape=(320, 7, 7)]
INFO:latte:    ensemble181 [shape=(320, 7, 7)]
INFO:latte:    ensemble182 [shape=(32, 7, 7)]
INFO:latte:    ensemble183 [shape=(32, 7, 7)]
INFO:latte:    ensemble184 [shape=(32, 7, 7)]
INFO:latte:    ensemble185 [shape=(128, 7, 7)]
INFO:latte:    ensemble186 [shape=(128, 7, 7)]
INFO:latte:    ensemble187 [shape=(128, 7, 7)]
INFO:latte:    ensemble188 [shape=(832, 7, 7)]
INFO:latte:    ensemble189 [shape=(128, 7, 7)]
INFO:latte:    ensemble190 [shape=(128, 7, 7)]
INFO:latte:    ensemble191 [shape=(128, 7, 7)]
INFO:latte:    ensemble192 [shape=(832, 7, 7)]
INFO:latte:    ensemble193 [shape=(384, 7, 7)]
INFO:latte:    ensemble194 [shape=(384, 7, 7)]
INFO:latte:    ensemble195 [shape=(384, 7, 7)]
INFO:latte:    ensemble196 [shape=(192, 7, 7)]
INFO:latte:    ensemble197 [shape=(192, 7, 7)]
INFO:latte:    ensemble198 [shape=(192, 7, 7)]
INFO:latte:    ensemble199 [shape=(384, 7, 7)]
INFO:latte:    ensemble200 [shape=(384, 7, 7)]
INFO:latte:    ensemble201 [shape=(384, 7, 7)]
INFO:latte:    ensemble202 [shape=(48, 7, 7)]
INFO:latte:    ensemble203 [shape=(48, 7, 7)]
INFO:latte:    ensemble204 [shape=(48, 7, 7)]
INFO:latte:    ensemble205 [shape=(128, 7, 7)]
INFO:latte:    ensemble206 [shape=(128, 7, 7)]
INFO:latte:    ensemble207 [shape=(128, 7, 7)]
INFO:latte:    ensemble208 [shape=(832, 7, 7)]
INFO:latte:    ensemble209 [shape=(128, 7, 7)]
INFO:latte:    ensemble210 [shape=(128, 7, 7)]
INFO:latte:    ensemble211 [shape=(128, 7, 7)]
INFO:latte:    ensemble212 [shape=(1024, 7, 7)]
INFO:latte:    ensemble213 [shape=(1024, 1, 1)]
INFO:latte:    ensemble214 [shape=(1008,)]
INFO:latte:    ensemble215 [shape=(1008,)]
INFO:latte:Compiling functions...
INFO:latte:Finished compiling Net
Training ...
Iteration 0 -- 
FP                   : 926.964 ms
BP+WU                : 0.001 ms
Total Time           : 926.965 ms

Iteration 1 -- 
FP                   : 561.516 ms
BP+WU                : 0.001 ms
Total Time           : 561.517 ms

Total FP                   : 1488.479 ms
Total BP+WU                : 0.002 ms
Total Time                 : 1488.481 ms
Total Inference Throughput : 171.988 images/second
Total Training Throughput  : 171.987 images/second
	times[0] = 0.233916
	times[1] = 0.00959992
	times[2] = 0.0887561
	times[3] = 0.00667596
	times[4] = 0.00669098
	times[5] = 0.0153899
	times[6] = 0.00223613
	times[7] = 0.020865
	times[8] = 0.00616002
	times[9] = 0.00995016
	times[10] = 0.0107141
	times[11] = 0.031569
	times[12] = 0.00416899
	times[13] = 0.036267
	times[14] = 0.01986
	times[15] = 0.005759
	times[16] = 0.00331283
	times[17] = 0.013931
	times[18] = 0.000932932
	times[19] = 0.013062
	times[20] = 0.00984097
	times[21] = 0.000690937
	times[22] = 0.00338006
	times[23] = 0.00045681
	times[24] = 0.00181913
	times[25] = 0.000344992
	times[26] = 0.00511503
	times[27] = 0.00399303
	times[28] = 0.0161951
	times[29] = 0.00162196
	times[30] = 0.0148611
	times[31] = 0.00437307
	times[32] = 0.004282
	times[33] = 0.00466704
	times[34] = 0.013792
	times[35] = 0.00197101
	times[36] = 0.0148931
	times[37] = 0.0044601
	times[38] = 0.00466394
	times[39] = 0.021893
	times[40] = 0.0130558
	times[41] = 0.00193501
	times[42] = 0.01373
	times[43] = 0.00841093
	times[44] = 0.000627041
	times[45] = 0.00304413
	times[46] = 0.000393867
	times[47] = 0.00190711
	times[48] = 0.000948906
	times[49] = 0.022614
	times[50] = 0.022651
	times[51] = 0.0152929
	times[52] = 0.00149584
	times[53] = 0.015069
	times[54] = 0.0102589
	times[55] = 0.00350308
	times[56] = 0.00256896
	times[57] = 0.00514412
	times[58] = 0.000617027
	times[59] = 0.00604796
	times[60] = 0.00312996
	times[61] = 0.00554895
	times[62] = 0.00306606
	times[63] = 0.00687194
	times[64] = 0.00082612
	times[65] = 0.0069139
	times[66] = 0.0196519
	times[67] = 0.0150661
	times[68] = 0.000349045
	times[0] = 0.12132
	times[1] = 0.00762606
	times[2] = 0.0769889
	times[3] = 0.00371599
	times[4] = 0.00499988
	times[5] = 0.0127392
	times[6] = 0.00144482
	times[7] = 0.0177429
	times[8] = 0.00281405
	times[9] = 0.00797105
	times[10] = 0.00816011
	times[11] = 0.023421
	times[12] = 0.00240684
	times[13] = 0.023339
	times[14] = 0.0134628
	times[15] = 0.00434995
	times[16] = 0.00191212
	times[17] = 0.00434899
	times[18] = 0.000905991
	times[19] = 0.00903296
	times[20] = 0.00699401
	times[21] = 0.000550032
	times[22] = 0.00146604
	times[23] = 0.000349998
	times[24] = 0.000510931
	times[25] = 0.000323057
	times[26] = 0.00339603
	times[27] = 0.00254703
	times[28] = 0.00531602
	times[29] = 0.00099206
	times[30] = 0.00994492
	times[31] = 0.00237012
	times[32] = 0.00250387
	times[33] = 0.00295377
	times[34] = 0.00689101
	times[35] = 0.00111389
	times[36] = 0.00971317
	times[37] = 0.00217295
	times[38] = 0.00222802
	times[39] = 0.00293398
	times[40] = 0.00837994
	times[41] = 0.00121903
	times[42] = 0.0106699
	times[43] = 0.00596213
	times[44] = 0.000614882
	times[45] = 0.00139093
	times[46] = 0.000399828
	times[47] = 0.000463009
	times[48] = 0.000386953
	times[49] = 0.00531793
	times[50] = 0.00366521
	times[51] = 0.01056
	times[52] = 0.00121188
	times[53] = 0.0121601
	times[54] = 0.00755
	times[55] = 0.00264311
	times[56] = 0.0018301
	times[57] = 0.00367403
	times[58] = 0.000519037
	times[59] = 0.00466108
	times[60] = 0.001791
	times[61] = 0.00372887
	times[62] = 0.00205421
	times[63] = 0.00520992
	times[64] = 0.000730991
	times[65] = 0.00513077
	times[66] = 0.00277805
	times[67] = 0.000703096
	times[68] = 0.000338078
