INFO:latte:========== Configuration ==========
INFO:latte:    march             = AVX-512
INFO:latte:    parallel_strategy = OPENMP
INFO:latte:    nthreads          = 64
INFO:latte:    codegen_strategy = AUTOVEC
INFO:latte:===================================
INFO:latte:Initializing ensembles and synthesizing functions...
INFO:latte:    ensemble1 [shape=(3, 224, 224)]
INFO:latte:    ensemble2 [shape=(64, 112, 112)]
INFO:latte:    ensemble3 [shape=(64, 112, 112)]
INFO:latte:    ensemble4 [shape=(64, 112, 112)]
INFO:latte:    ensemble5 [shape=(64, 56, 56)]
INFO:latte:    ensemble6 [shape=(64, 56, 56)]
INFO:latte:    ensemble7 [shape=(64, 56, 56)]
INFO:latte:    ensemble8 [shape=(64, 56, 56)]
INFO:latte:    ensemble9 [shape=(192, 56, 56)]
INFO:latte:    ensemble10 [shape=(192, 56, 56)]
INFO:latte:    ensemble11 [shape=(192, 56, 56)]
INFO:latte:    ensemble12 [shape=(192, 28, 28)]
INFO:latte:    ensemble13 [shape=(64, 28, 28)]
INFO:latte:    ensemble14 [shape=(64, 28, 28)]
INFO:latte:    ensemble15 [shape=(64, 28, 28)]
INFO:latte:    ensemble16 [shape=(96, 28, 28)]
INFO:latte:    ensemble17 [shape=(96, 28, 28)]
INFO:latte:    ensemble18 [shape=(96, 28, 28)]
INFO:latte:    ensemble19 [shape=(128, 28, 28)]
INFO:latte:    ensemble20 [shape=(128, 28, 28)]
INFO:latte:    ensemble21 [shape=(128, 28, 28)]
INFO:latte:    ensemble22 [shape=(16, 28, 28)]
INFO:latte:    ensemble23 [shape=(16, 28, 28)]
INFO:latte:    ensemble24 [shape=(16, 28, 28)]
INFO:latte:    ensemble25 [shape=(32, 28, 28)]
INFO:latte:    ensemble26 [shape=(32, 28, 28)]
INFO:latte:    ensemble27 [shape=(32, 28, 28)]
INFO:latte:    ensemble28 [shape=(192, 28, 28)]
INFO:latte:    ensemble29 [shape=(32, 28, 28)]
INFO:latte:    ensemble30 [shape=(32, 28, 28)]
INFO:latte:    ensemble31 [shape=(32, 28, 28)]
INFO:latte:    ensemble32 [shape=(256, 28, 28)]
INFO:latte:    ensemble33 [shape=(128, 28, 28)]
INFO:latte:    ensemble34 [shape=(128, 28, 28)]
INFO:latte:    ensemble35 [shape=(128, 28, 28)]
INFO:latte:    ensemble36 [shape=(128, 28, 28)]
INFO:latte:    ensemble37 [shape=(128, 28, 28)]
INFO:latte:    ensemble38 [shape=(128, 28, 28)]
INFO:latte:    ensemble39 [shape=(192, 28, 28)]
INFO:latte:    ensemble40 [shape=(192, 28, 28)]
INFO:latte:    ensemble41 [shape=(192, 28, 28)]
INFO:latte:    ensemble42 [shape=(32, 28, 28)]
INFO:latte:    ensemble43 [shape=(32, 28, 28)]
INFO:latte:    ensemble44 [shape=(32, 28, 28)]
INFO:latte:    ensemble45 [shape=(96, 28, 28)]
INFO:latte:    ensemble46 [shape=(96, 28, 28)]
INFO:latte:    ensemble47 [shape=(96, 28, 28)]
INFO:latte:    ensemble48 [shape=(256, 28, 28)]
INFO:latte:    ensemble49 [shape=(64, 28, 28)]
INFO:latte:    ensemble50 [shape=(64, 28, 28)]
INFO:latte:    ensemble51 [shape=(64, 28, 28)]
INFO:latte:    ensemble52 [shape=(480, 28, 28)]
INFO:latte:    ensemble53 [shape=(480, 14, 14)]
INFO:latte:    ensemble54 [shape=(192, 14, 14)]
INFO:latte:    ensemble55 [shape=(192, 14, 14)]
INFO:latte:    ensemble56 [shape=(192, 14, 14)]
INFO:latte:    ensemble57 [shape=(96, 14, 14)]
INFO:latte:    ensemble58 [shape=(96, 14, 14)]
INFO:latte:    ensemble59 [shape=(96, 14, 14)]
INFO:latte:    ensemble60 [shape=(208, 14, 14)]
INFO:latte:    ensemble61 [shape=(208, 14, 14)]
INFO:latte:    ensemble62 [shape=(208, 14, 14)]
INFO:latte:    ensemble63 [shape=(16, 14, 14)]
INFO:latte:    ensemble64 [shape=(16, 14, 14)]
INFO:latte:    ensemble65 [shape=(16, 14, 14)]
INFO:latte:    ensemble66 [shape=(48, 14, 14)]
INFO:latte:    ensemble67 [shape=(48, 14, 14)]
INFO:latte:    ensemble68 [shape=(48, 14, 14)]
INFO:latte:    ensemble69 [shape=(480, 14, 14)]
INFO:latte:    ensemble70 [shape=(64, 14, 14)]
INFO:latte:    ensemble71 [shape=(64, 14, 14)]
INFO:latte:    ensemble72 [shape=(64, 14, 14)]
INFO:latte:    ensemble73 [shape=(512, 14, 14)]
INFO:latte:    ensemble74 [shape=(512, 4, 4)]
INFO:latte:    ensemble75 [shape=(128, 4, 4)]
INFO:latte:    ensemble76 [shape=(128, 4, 4)]
INFO:latte:    ensemble77 [shape=(128, 4, 4)]
INFO:latte:    ensemble78 [shape=(1024,)]
INFO:latte:    ensemble79 [shape=(1024,)]
INFO:latte:    ensemble80 [shape=(1024,)]
INFO:latte:    ensemble81 [shape=(1008,)]
INFO:latte:    ensemble82 [shape=(1008,)]
INFO:latte:    ensemble83 [shape=(160, 14, 14)]
INFO:latte:    ensemble84 [shape=(160, 14, 14)]
INFO:latte:    ensemble85 [shape=(160, 14, 14)]
INFO:latte:    ensemble86 [shape=(112, 14, 14)]
INFO:latte:    ensemble87 [shape=(112, 14, 14)]
INFO:latte:    ensemble88 [shape=(112, 14, 14)]
INFO:latte:    ensemble89 [shape=(224, 14, 14)]
INFO:latte:    ensemble90 [shape=(224, 14, 14)]
INFO:latte:    ensemble91 [shape=(224, 14, 14)]
INFO:latte:    ensemble92 [shape=(32, 14, 14)]
INFO:latte:    ensemble93 [shape=(32, 14, 14)]
INFO:latte:    ensemble94 [shape=(32, 14, 14)]
INFO:latte:    ensemble95 [shape=(64, 14, 14)]
INFO:latte:    ensemble96 [shape=(64, 14, 14)]
INFO:latte:    ensemble97 [shape=(64, 14, 14)]
INFO:latte:    ensemble98 [shape=(512, 14, 14)]
INFO:latte:    ensemble99 [shape=(64, 14, 14)]
INFO:latte:    ensemble100 [shape=(64, 14, 14)]
INFO:latte:    ensemble101 [shape=(64, 14, 14)]
INFO:latte:    ensemble102 [shape=(512, 14, 14)]
INFO:latte:    ensemble103 [shape=(128, 14, 14)]
INFO:latte:    ensemble104 [shape=(128, 14, 14)]
INFO:latte:    ensemble105 [shape=(128, 14, 14)]
INFO:latte:    ensemble106 [shape=(128, 14, 14)]
INFO:latte:    ensemble107 [shape=(128, 14, 14)]
INFO:latte:    ensemble108 [shape=(128, 14, 14)]
INFO:latte:    ensemble109 [shape=(256, 14, 14)]
INFO:latte:    ensemble110 [shape=(256, 14, 14)]
INFO:latte:    ensemble111 [shape=(256, 14, 14)]
INFO:latte:    ensemble112 [shape=(32, 14, 14)]
INFO:latte:    ensemble113 [shape=(32, 14, 14)]
INFO:latte:    ensemble114 [shape=(32, 14, 14)]
INFO:latte:    ensemble115 [shape=(64, 14, 14)]
INFO:latte:    ensemble116 [shape=(64, 14, 14)]
INFO:latte:    ensemble117 [shape=(64, 14, 14)]
INFO:latte:    ensemble118 [shape=(512, 14, 14)]
INFO:latte:    ensemble119 [shape=(64, 14, 14)]
INFO:latte:    ensemble120 [shape=(64, 14, 14)]
INFO:latte:    ensemble121 [shape=(64, 14, 14)]
INFO:latte:    ensemble122 [shape=(512, 14, 14)]
INFO:latte:    ensemble123 [shape=(112, 14, 14)]
INFO:latte:    ensemble124 [shape=(112, 14, 14)]
INFO:latte:    ensemble125 [shape=(112, 14, 14)]
INFO:latte:    ensemble126 [shape=(144, 14, 14)]
INFO:latte:    ensemble127 [shape=(144, 14, 14)]
INFO:latte:    ensemble128 [shape=(144, 14, 14)]
INFO:latte:    ensemble129 [shape=(288, 14, 14)]
INFO:latte:    ensemble130 [shape=(288, 14, 14)]
INFO:latte:    ensemble131 [shape=(288, 14, 14)]
INFO:latte:    ensemble132 [shape=(32, 14, 14)]
INFO:latte:    ensemble133 [shape=(32, 14, 14)]
INFO:latte:    ensemble134 [shape=(32, 14, 14)]
INFO:latte:    ensemble135 [shape=(64, 14, 14)]
INFO:latte:    ensemble136 [shape=(64, 14, 14)]
INFO:latte:    ensemble137 [shape=(64, 14, 14)]
INFO:latte:    ensemble138 [shape=(512, 14, 14)]
INFO:latte:    ensemble139 [shape=(64, 14, 14)]
INFO:latte:    ensemble140 [shape=(64, 14, 14)]
INFO:latte:    ensemble141 [shape=(64, 14, 14)]
INFO:latte:    ensemble142 [shape=(528, 14, 14)]
INFO:latte:    ensemble143 [shape=(528, 4, 4)]
INFO:latte:    ensemble144 [shape=(128, 4, 4)]
INFO:latte:    ensemble145 [shape=(128, 4, 4)]
INFO:latte:    ensemble146 [shape=(128, 4, 4)]
INFO:latte:    ensemble147 [shape=(1024,)]
INFO:latte:    ensemble148 [shape=(1024,)]
INFO:latte:    ensemble149 [shape=(1024,)]
INFO:latte:    ensemble150 [shape=(1008,)]
INFO:latte:    ensemble151 [shape=(1008,)]
INFO:latte:    ensemble152 [shape=(256, 14, 14)]
INFO:latte:    ensemble153 [shape=(256, 14, 14)]
INFO:latte:    ensemble154 [shape=(256, 14, 14)]
INFO:latte:    ensemble155 [shape=(160, 14, 14)]
INFO:latte:    ensemble156 [shape=(160, 14, 14)]
INFO:latte:    ensemble157 [shape=(160, 14, 14)]
INFO:latte:    ensemble158 [shape=(320, 14, 14)]
INFO:latte:    ensemble159 [shape=(320, 14, 14)]
INFO:latte:    ensemble160 [shape=(320, 14, 14)]
INFO:latte:    ensemble161 [shape=(32, 14, 14)]
INFO:latte:    ensemble162 [shape=(32, 14, 14)]
INFO:latte:    ensemble163 [shape=(32, 14, 14)]
INFO:latte:    ensemble164 [shape=(128, 14, 14)]
INFO:latte:    ensemble165 [shape=(128, 14, 14)]
INFO:latte:    ensemble166 [shape=(128, 14, 14)]
INFO:latte:    ensemble167 [shape=(528, 14, 14)]
INFO:latte:    ensemble168 [shape=(128, 14, 14)]
INFO:latte:    ensemble169 [shape=(128, 14, 14)]
INFO:latte:    ensemble170 [shape=(128, 14, 14)]
INFO:latte:    ensemble171 [shape=(832, 14, 14)]
INFO:latte:    ensemble172 [shape=(832, 7, 7)]
INFO:latte:    ensemble173 [shape=(256, 7, 7)]
INFO:latte:    ensemble174 [shape=(256, 7, 7)]
INFO:latte:    ensemble175 [shape=(256, 7, 7)]
INFO:latte:    ensemble176 [shape=(160, 7, 7)]
INFO:latte:    ensemble177 [shape=(160, 7, 7)]
INFO:latte:    ensemble178 [shape=(160, 7, 7)]
INFO:latte:    ensemble179 [shape=(320, 7, 7)]
INFO:latte:    ensemble180 [shape=(320, 7, 7)]
INFO:latte:    ensemble181 [shape=(320, 7, 7)]
INFO:latte:    ensemble182 [shape=(32, 7, 7)]
INFO:latte:    ensemble183 [shape=(32, 7, 7)]
INFO:latte:    ensemble184 [shape=(32, 7, 7)]
INFO:latte:    ensemble185 [shape=(128, 7, 7)]
INFO:latte:    ensemble186 [shape=(128, 7, 7)]
INFO:latte:    ensemble187 [shape=(128, 7, 7)]
INFO:latte:    ensemble188 [shape=(832, 7, 7)]
INFO:latte:    ensemble189 [shape=(128, 7, 7)]
INFO:latte:    ensemble190 [shape=(128, 7, 7)]
INFO:latte:    ensemble191 [shape=(128, 7, 7)]
INFO:latte:    ensemble192 [shape=(832, 7, 7)]
INFO:latte:    ensemble193 [shape=(384, 7, 7)]
INFO:latte:    ensemble194 [shape=(384, 7, 7)]
INFO:latte:    ensemble195 [shape=(384, 7, 7)]
INFO:latte:    ensemble196 [shape=(192, 7, 7)]
INFO:latte:    ensemble197 [shape=(192, 7, 7)]
INFO:latte:    ensemble198 [shape=(192, 7, 7)]
INFO:latte:    ensemble199 [shape=(384, 7, 7)]
INFO:latte:    ensemble200 [shape=(384, 7, 7)]
INFO:latte:    ensemble201 [shape=(384, 7, 7)]
INFO:latte:    ensemble202 [shape=(48, 7, 7)]
INFO:latte:    ensemble203 [shape=(48, 7, 7)]
INFO:latte:    ensemble204 [shape=(48, 7, 7)]
INFO:latte:    ensemble205 [shape=(128, 7, 7)]
INFO:latte:    ensemble206 [shape=(128, 7, 7)]
INFO:latte:    ensemble207 [shape=(128, 7, 7)]
INFO:latte:    ensemble208 [shape=(832, 7, 7)]
INFO:latte:    ensemble209 [shape=(128, 7, 7)]
INFO:latte:    ensemble210 [shape=(128, 7, 7)]
INFO:latte:    ensemble211 [shape=(128, 7, 7)]
INFO:latte:    ensemble212 [shape=(1024, 7, 7)]
INFO:latte:    ensemble213 [shape=(1024, 1, 1)]
INFO:latte:    ensemble214 [shape=(1008,)]
INFO:latte:    ensemble215 [shape=(1008,)]
INFO:latte:Compiling functions...
INFO:latte:Finished compiling Net
Training ...
Iteration 0 -- 
FP                   : 30060.896 ms
BP+WU                : 0.002 ms
Total Time           : 30060.897 ms

Iteration 1 -- 
FP                   : 30368.306 ms
BP+WU                : 0.002 ms
Total Time           : 30368.308 ms

Total FP                   : 60429.202 ms
Total BP+WU                : 0.003 ms
Total Time                 : 60429.205 ms
Total Inference Throughput : 4.236 images/second
Total Training Throughput  : 4.236 images/second
	times[0] = 6.67947
	times[1] = 0.275889
	times[2] = 3.97182
	times[3] = 0.12753
	times[4] = 0.191451
	times[5] = 0.69849
	times[6] = 0.038172
	times[7] = 1.03379
	times[8] = 0.105983
	times[9] = 0.329687
	times[10] = 0.332771
	times[11] = 1.37779
	times[12] = 0.0914359
	times[13] = 1.74921
	times[14] = 0.93513
	times[15] = 0.185607
	times[16] = 0.0971019
	times[17] = 0.300273
	times[18] = 0.0186479
	times[19] = 0.719631
	times[20] = 0.189618
	times[21] = 0.0154932
	times[22] = 0.119572
	times[23] = 0.000337124
	times[24] = 0.0232739
	times[25] = 0.000219107
	times[26] = 0.166733
	times[27] = 0.117518
	times[28] = 0.375454
	times[29] = 0.036947
	times[30] = 0.814294
	times[31] = 0.0861218
	times[32] = 0.132006
	times[33] = 0.134647
	times[34] = 0.487371
	times[35] = 0.0368149
	times[36] = 0.815086
	times[37] = 0.0857899
	times[38] = 0.12202
	times[39] = 0.159629
	times[40] = 0.653229
	times[41] = 0.039057
	times[42] = 0.866434
	times[43] = 0.209224
	times[44] = 0.016957
	times[45] = 0.122916
	times[46] = 0.000375986
	times[47] = 0.0241058
	times[48] = 0.000222206
	times[49] = 0.290291
	times[50] = 0.185423
	times[51] = 0.802087
	times[52] = 0.04052
	times[53] = 0.981371
	times[54] = 0.496319
	times[55] = 0.13075
	times[56] = 0.0791221
	times[57] = 0.251184
	times[58] = 0.0166969
	times[59] = 0.372442
	times[60] = 0.067945
	times[61] = 0.195747
	times[62] = 0.0954041
	times[63] = 0.354921
	times[64] = 0.0241368
	times[65] = 0.396922
	times[66] = 0.098387
	times[67] = 0.0247011
	times[68] = 0.000218868
	times[0] = 6.98599
	times[1] = 0.270677
	times[2] = 4.14371
	times[3] = 0.130011
	times[4] = 0.194803
	times[5] = 0.732223
	times[6] = 0.0389049
	times[7] = 1.08586
	times[8] = 0.0930469
	times[9] = 0.337758
	times[10] = 0.339623
	times[11] = 1.44863
	times[12] = 0.0936592
	times[13] = 1.83135
	times[14] = 0.946647
	times[15] = 0.193068
	times[16] = 0.100879
	times[17] = 0.312878
	times[18] = 0.0196779
	times[19] = 0.754506
	times[20] = 0.190251
	times[21] = 0.016587
	times[22] = 0.121019
	times[23] = 0.000360966
	times[24] = 0.0241549
	times[25] = 0.000234842
	times[26] = 0.174465
	times[27] = 0.121612
	times[28] = 0.393417
	times[29] = 0.0385189
	times[30] = 0.85522
	times[31] = 0.081495
	times[32] = 0.130337
	times[33] = 0.131455
	times[34] = 0.480756
	times[35] = 0.0363598
	times[36] = 0.803562
	times[37] = 0.077167
	times[38] = 0.11345
	times[39] = 0.146665
	times[40] = 0.610622
	times[41] = 0.0362849
	times[42] = 0.803199
	times[43] = 0.188083
	times[44] = 0.015908
	times[45] = 0.11925
	times[46] = 0.000359058
	times[47] = 0.0228078
	times[48] = 0.000207901
	times[49] = 0.268987
	times[50] = 0.169707
	times[51] = 0.749194
	times[52] = 0.037508
	times[53] = 0.910132
	times[54] = 0.449117
	times[55] = 0.122462
	times[56] = 0.0731618
	times[57] = 0.236388
	times[58] = 0.0157459
	times[59] = 0.343405
	times[60] = 0.060565
	times[61] = 0.183664
	times[62] = 0.0886369
	times[63] = 0.334051
	times[64] = 0.0228169
	times[65] = 0.366758
	times[66] = 0.0883739
	times[67] = 0.0230129
	times[68] = 0.000225067
