INFO:latte:========== Configuration ==========
INFO:latte:    march             = AVX-512
INFO:latte:    parallel_strategy = OPENMP
INFO:latte:    nthreads          = 64
INFO:latte:    codegen_strategy = AUTOVEC
INFO:latte:===================================
INFO:latte:Initializing ensembles and synthesizing functions...
INFO:latte:    ensemble1 [shape=(192, 28, 28)]
INFO:latte:    ensemble2 [shape=(64, 28, 28)]
INFO:latte:    ensemble3 [shape=(64, 28, 28)]
INFO:latte:    ensemble4 [shape=(64, 28, 28)]
INFO:latte:    ensemble5 [shape=(96, 28, 28)]
INFO:latte:    ensemble6 [shape=(96, 28, 28)]
INFO:latte:    ensemble7 [shape=(96, 28, 28)]
INFO:latte:    ensemble8 [shape=(128, 28, 28)]
INFO:latte:    ensemble9 [shape=(128, 28, 28)]
INFO:latte:    ensemble10 [shape=(128, 28, 28)]
INFO:latte:    ensemble11 [shape=(16, 28, 28)]
INFO:latte:    ensemble12 [shape=(16, 28, 28)]
INFO:latte:    ensemble13 [shape=(16, 28, 28)]
INFO:latte:    ensemble14 [shape=(32, 28, 28)]
INFO:latte:    ensemble15 [shape=(32, 28, 28)]
INFO:latte:    ensemble16 [shape=(32, 28, 28)]
INFO:latte:    ensemble17 [shape=(192, 28, 28)]
INFO:latte:    ensemble18 [shape=(32, 28, 28)]
INFO:latte:    ensemble19 [shape=(32, 28, 28)]
INFO:latte:    ensemble20 [shape=(32, 28, 28)]
INFO:latte:    ensemble21 [shape=(256, 28, 28)]
INFO:latte:    ensemble22 [shape=(128, 28, 28)]
INFO:latte:    ensemble23 [shape=(128, 28, 28)]
INFO:latte:    ensemble24 [shape=(128, 28, 28)]
INFO:latte:    ensemble25 [shape=(128, 28, 28)]
INFO:latte:    ensemble26 [shape=(128, 28, 28)]
INFO:latte:    ensemble27 [shape=(128, 28, 28)]
INFO:latte:    ensemble28 [shape=(192, 28, 28)]
INFO:latte:    ensemble29 [shape=(192, 28, 28)]
INFO:latte:    ensemble30 [shape=(192, 28, 28)]
INFO:latte:    ensemble31 [shape=(32, 28, 28)]
INFO:latte:    ensemble32 [shape=(32, 28, 28)]
INFO:latte:    ensemble33 [shape=(32, 28, 28)]
INFO:latte:    ensemble34 [shape=(96, 28, 28)]
INFO:latte:    ensemble35 [shape=(96, 28, 28)]
INFO:latte:    ensemble36 [shape=(96, 28, 28)]
INFO:latte:    ensemble37 [shape=(256, 28, 28)]
INFO:latte:    ensemble38 [shape=(64, 28, 28)]
INFO:latte:    ensemble39 [shape=(64, 28, 28)]
INFO:latte:    ensemble40 [shape=(64, 28, 28)]
INFO:latte:    ensemble41 [shape=(480, 28, 28)]
INFO:latte:    ensemble42 [shape=(480, 14, 14)]
INFO:latte:    ensemble43 [shape=(192, 14, 14)]
INFO:latte:    ensemble44 [shape=(192, 14, 14)]
INFO:latte:    ensemble45 [shape=(192, 14, 14)]
INFO:latte:    ensemble46 [shape=(96, 14, 14)]
INFO:latte:    ensemble47 [shape=(96, 14, 14)]
INFO:latte:    ensemble48 [shape=(96, 14, 14)]
INFO:latte:    ensemble49 [shape=(208, 14, 14)]
INFO:latte:    ensemble50 [shape=(208, 14, 14)]
INFO:latte:    ensemble51 [shape=(208, 14, 14)]
INFO:latte:    ensemble52 [shape=(16, 14, 14)]
INFO:latte:    ensemble53 [shape=(16, 14, 14)]
INFO:latte:    ensemble54 [shape=(16, 14, 14)]
INFO:latte:    ensemble55 [shape=(48, 14, 14)]
INFO:latte:    ensemble56 [shape=(48, 14, 14)]
INFO:latte:    ensemble57 [shape=(48, 14, 14)]
INFO:latte:    ensemble58 [shape=(480, 14, 14)]
INFO:latte:    ensemble59 [shape=(64, 14, 14)]
INFO:latte:    ensemble60 [shape=(64, 14, 14)]
INFO:latte:    ensemble61 [shape=(64, 14, 14)]
INFO:latte:    ensemble62 [shape=(512, 14, 14)]
INFO:latte:    ensemble63 [shape=(512, 4, 4)]
INFO:latte:    ensemble64 [shape=(128, 4, 4)]
INFO:latte:    ensemble65 [shape=(128, 4, 4)]
INFO:latte:    ensemble66 [shape=(128, 4, 4)]
INFO:latte:    ensemble67 [shape=(1024,)]
INFO:latte:    ensemble68 [shape=(1024,)]
INFO:latte:    ensemble69 [shape=(1024,)]
INFO:latte:    ensemble70 [shape=(1008,)]
INFO:latte:    ensemble71 [shape=(1008,)]
INFO:latte:    ensemble72 [shape=(160, 14, 14)]
INFO:latte:    ensemble73 [shape=(160, 14, 14)]
INFO:latte:    ensemble74 [shape=(160, 14, 14)]
INFO:latte:    ensemble75 [shape=(112, 14, 14)]
INFO:latte:    ensemble76 [shape=(112, 14, 14)]
INFO:latte:    ensemble77 [shape=(112, 14, 14)]
INFO:latte:    ensemble78 [shape=(224, 14, 14)]
INFO:latte:    ensemble79 [shape=(224, 14, 14)]
INFO:latte:    ensemble80 [shape=(224, 14, 14)]
INFO:latte:    ensemble81 [shape=(32, 14, 14)]
INFO:latte:    ensemble82 [shape=(32, 14, 14)]
INFO:latte:    ensemble83 [shape=(32, 14, 14)]
INFO:latte:    ensemble84 [shape=(64, 14, 14)]
INFO:latte:    ensemble85 [shape=(64, 14, 14)]
INFO:latte:    ensemble86 [shape=(64, 14, 14)]
INFO:latte:    ensemble87 [shape=(512, 14, 14)]
INFO:latte:    ensemble88 [shape=(64, 14, 14)]
INFO:latte:    ensemble89 [shape=(64, 14, 14)]
INFO:latte:    ensemble90 [shape=(64, 14, 14)]
INFO:latte:    ensemble91 [shape=(512, 14, 14)]
INFO:latte:    ensemble92 [shape=(128, 14, 14)]
INFO:latte:    ensemble93 [shape=(128, 14, 14)]
INFO:latte:    ensemble94 [shape=(128, 14, 14)]
INFO:latte:    ensemble95 [shape=(128, 14, 14)]
INFO:latte:    ensemble96 [shape=(128, 14, 14)]
INFO:latte:    ensemble97 [shape=(128, 14, 14)]
INFO:latte:    ensemble98 [shape=(256, 14, 14)]
INFO:latte:    ensemble99 [shape=(256, 14, 14)]
INFO:latte:    ensemble100 [shape=(256, 14, 14)]
INFO:latte:    ensemble101 [shape=(32, 14, 14)]
INFO:latte:    ensemble102 [shape=(32, 14, 14)]
INFO:latte:    ensemble103 [shape=(32, 14, 14)]
INFO:latte:    ensemble104 [shape=(64, 14, 14)]
INFO:latte:    ensemble105 [shape=(64, 14, 14)]
INFO:latte:    ensemble106 [shape=(64, 14, 14)]
INFO:latte:    ensemble107 [shape=(512, 14, 14)]
INFO:latte:    ensemble108 [shape=(64, 14, 14)]
INFO:latte:    ensemble109 [shape=(64, 14, 14)]
INFO:latte:    ensemble110 [shape=(64, 14, 14)]
INFO:latte:    ensemble111 [shape=(512, 14, 14)]
INFO:latte:    ensemble112 [shape=(112, 14, 14)]
INFO:latte:    ensemble113 [shape=(112, 14, 14)]
INFO:latte:    ensemble114 [shape=(112, 14, 14)]
INFO:latte:    ensemble115 [shape=(144, 14, 14)]
INFO:latte:    ensemble116 [shape=(144, 14, 14)]
INFO:latte:    ensemble117 [shape=(144, 14, 14)]
INFO:latte:    ensemble118 [shape=(288, 14, 14)]
INFO:latte:    ensemble119 [shape=(288, 14, 14)]
INFO:latte:    ensemble120 [shape=(288, 14, 14)]
INFO:latte:    ensemble121 [shape=(32, 14, 14)]
INFO:latte:    ensemble122 [shape=(32, 14, 14)]
INFO:latte:    ensemble123 [shape=(32, 14, 14)]
INFO:latte:    ensemble124 [shape=(64, 14, 14)]
INFO:latte:    ensemble125 [shape=(64, 14, 14)]
INFO:latte:    ensemble126 [shape=(64, 14, 14)]
INFO:latte:    ensemble127 [shape=(512, 14, 14)]
INFO:latte:    ensemble128 [shape=(64, 14, 14)]
INFO:latte:    ensemble129 [shape=(64, 14, 14)]
INFO:latte:    ensemble130 [shape=(64, 14, 14)]
INFO:latte:    ensemble131 [shape=(528, 14, 14)]
INFO:latte:    ensemble132 [shape=(528, 4, 4)]
INFO:latte:    ensemble133 [shape=(128, 4, 4)]
INFO:latte:    ensemble134 [shape=(128, 4, 4)]
INFO:latte:    ensemble135 [shape=(128, 4, 4)]
INFO:latte:    ensemble136 [shape=(1024,)]
INFO:latte:    ensemble137 [shape=(1024,)]
INFO:latte:    ensemble138 [shape=(1024,)]
INFO:latte:    ensemble139 [shape=(1008,)]
INFO:latte:    ensemble140 [shape=(1008,)]
INFO:latte:    ensemble141 [shape=(256, 14, 14)]
INFO:latte:    ensemble142 [shape=(256, 14, 14)]
INFO:latte:    ensemble143 [shape=(256, 14, 14)]
INFO:latte:    ensemble144 [shape=(160, 14, 14)]
INFO:latte:    ensemble145 [shape=(160, 14, 14)]
INFO:latte:    ensemble146 [shape=(160, 14, 14)]
INFO:latte:    ensemble147 [shape=(320, 14, 14)]
INFO:latte:    ensemble148 [shape=(320, 14, 14)]
INFO:latte:    ensemble149 [shape=(320, 14, 14)]
INFO:latte:    ensemble150 [shape=(32, 14, 14)]
INFO:latte:    ensemble151 [shape=(32, 14, 14)]
INFO:latte:    ensemble152 [shape=(32, 14, 14)]
INFO:latte:    ensemble153 [shape=(128, 14, 14)]
INFO:latte:    ensemble154 [shape=(128, 14, 14)]
INFO:latte:    ensemble155 [shape=(128, 14, 14)]
INFO:latte:    ensemble156 [shape=(528, 14, 14)]
INFO:latte:    ensemble157 [shape=(128, 14, 14)]
INFO:latte:    ensemble158 [shape=(128, 14, 14)]
INFO:latte:    ensemble159 [shape=(128, 14, 14)]
INFO:latte:    ensemble160 [shape=(832, 14, 14)]
INFO:latte:    ensemble161 [shape=(832, 7, 7)]
INFO:latte:    ensemble162 [shape=(256, 7, 7)]
INFO:latte:    ensemble163 [shape=(256, 7, 7)]
INFO:latte:    ensemble164 [shape=(256, 7, 7)]
INFO:latte:    ensemble165 [shape=(160, 7, 7)]
INFO:latte:    ensemble166 [shape=(160, 7, 7)]
INFO:latte:    ensemble167 [shape=(160, 7, 7)]
INFO:latte:    ensemble168 [shape=(320, 7, 7)]
INFO:latte:    ensemble169 [shape=(320, 7, 7)]
INFO:latte:    ensemble170 [shape=(320, 7, 7)]
INFO:latte:    ensemble171 [shape=(32, 7, 7)]
INFO:latte:    ensemble172 [shape=(32, 7, 7)]
INFO:latte:    ensemble173 [shape=(32, 7, 7)]
INFO:latte:    ensemble174 [shape=(128, 7, 7)]
INFO:latte:    ensemble175 [shape=(128, 7, 7)]
INFO:latte:    ensemble176 [shape=(128, 7, 7)]
INFO:latte:    ensemble177 [shape=(832, 7, 7)]
INFO:latte:    ensemble178 [shape=(128, 7, 7)]
INFO:latte:    ensemble179 [shape=(128, 7, 7)]
INFO:latte:    ensemble180 [shape=(128, 7, 7)]
INFO:latte:    ensemble181 [shape=(832, 7, 7)]
INFO:latte:    ensemble182 [shape=(384, 7, 7)]
INFO:latte:    ensemble183 [shape=(384, 7, 7)]
INFO:latte:    ensemble184 [shape=(384, 7, 7)]
INFO:latte:    ensemble185 [shape=(192, 7, 7)]
INFO:latte:    ensemble186 [shape=(192, 7, 7)]
INFO:latte:    ensemble187 [shape=(192, 7, 7)]
INFO:latte:    ensemble188 [shape=(384, 7, 7)]
INFO:latte:    ensemble189 [shape=(384, 7, 7)]
INFO:latte:    ensemble190 [shape=(384, 7, 7)]
INFO:latte:    ensemble191 [shape=(48, 7, 7)]
INFO:latte:    ensemble192 [shape=(48, 7, 7)]
INFO:latte:    ensemble193 [shape=(48, 7, 7)]
INFO:latte:    ensemble194 [shape=(128, 7, 7)]
INFO:latte:    ensemble195 [shape=(128, 7, 7)]
INFO:latte:    ensemble196 [shape=(128, 7, 7)]
INFO:latte:    ensemble197 [shape=(832, 7, 7)]
INFO:latte:    ensemble198 [shape=(128, 7, 7)]
INFO:latte:    ensemble199 [shape=(128, 7, 7)]
INFO:latte:    ensemble200 [shape=(128, 7, 7)]
INFO:latte:    ensemble201 [shape=(1024, 7, 7)]
INFO:latte:    ensemble202 [shape=(1024, 1, 1)]
INFO:latte:    ensemble203 [shape=(1008,)]
INFO:latte:    ensemble204 [shape=(1008,)]
INFO:latte:Compiling functions...
INFO:latte:Finished compiling Net
Layer[0] time is 0.143706
Layer[1] time is 0.194768
Layer[2] time is 0.702682
Layer[3] time is 0.042138
Layer[4] time is 1.035494
Layer[5] time is 0.105073
Layer[6] time is 0.328823
Layer[7] time is 0.333710
Layer[8] time is 1.372348
Layer[9] time is 0.092849
Layer[10] time is 1.747520
Layer[11] time is 0.854022
Layer[12] time is 0.189089
Layer[13] time is 0.097012
Layer[14] time is 0.305051
Layer[15] time is 0.018921
Layer[16] time is 0.720183
Layer[17] time is 0.189200
Layer[18] time is 0.015517
Layer[19] time is 0.117022
Layer[20] time is 0.000349
Layer[21] time is 0.023467
Layer[22] time is 0.000228
Layer[23] time is 0.167417
Layer[24] time is 0.117671
Layer[25] time is 0.375530
Layer[26] time is 0.037193
Layer[27] time is 0.816325
Layer[28] time is 0.084801
Layer[29] time is 0.130899
Layer[30] time is 0.133448
Layer[31] time is 0.488234
Layer[32] time is 0.036995
Layer[33] time is 0.815476
Layer[34] time is 0.085105
Layer[35] time is 0.114919
Layer[36] time is 0.150701
Layer[37] time is 0.613813
Layer[38] time is 0.036902
Layer[39] time is 0.816436
Layer[40] time is 0.197435
Layer[41] time is 0.016061
Layer[42] time is 0.116066
Layer[43] time is 0.000331
Layer[44] time is 0.023278
Layer[45] time is 0.000228
Layer[46] time is 0.273386
Layer[47] time is 0.174948
Layer[48] time is 0.749023
Layer[49] time is 0.037821
Layer[50] time is 0.923516
Layer[51] time is 0.470078
Layer[52] time is 0.121742
Layer[53] time is 0.074319
Layer[54] time is 0.236452
Layer[55] time is 0.016015
Layer[56] time is 0.349361
Layer[57] time is 0.064387
Layer[58] time is 0.187288
Layer[59] time is 0.090354
Layer[60] time is 0.340793
Layer[61] time is 0.023176
Layer[62] time is 0.372637
Layer[63] time is 0.092277
Layer[64] time is 0.023597
Layer[65] time is 0.000202
Layer[0] time is 0.137989
Layer[1] time is 0.185278
Layer[2] time is 0.689755
Layer[3] time is 0.040605
Layer[4] time is 1.016381
Layer[5] time is 0.088932
Layer[6] time is 0.316383
Layer[7] time is 0.320301
Layer[8] time is 1.358097
Layer[9] time is 0.089706
Layer[10] time is 1.718120
Layer[11] time is 0.808858
Layer[12] time is 0.185343
Layer[13] time is 0.094755
Layer[14] time is 0.298279
Layer[15] time is 0.018606
Layer[16] time is 0.710135
Layer[17] time is 0.179826
Layer[18] time is 0.015433
Layer[19] time is 0.114152
Layer[20] time is 0.000330
Layer[21] time is 0.023014
Layer[22] time is 0.000209
Layer[23] time is 0.164167
Layer[24] time is 0.114746
Layer[25] time is 0.371117
Layer[26] time is 0.036365
Layer[27] time is 0.803295
Layer[28] time is 0.076910
Layer[29] time is 0.128693
Layer[30] time is 0.129840
Layer[31] time is 0.481724
Layer[32] time is 0.036090
Layer[33] time is 0.804608
Layer[34] time is 0.076809
Layer[35] time is 0.112994
Layer[36] time is 0.147296
Layer[37] time is 0.608923
Layer[38] time is 0.035989
Layer[39] time is 0.803822
Layer[40] time is 0.187531
Layer[41] time is 0.016141
Layer[42] time is 0.114855
Layer[43] time is 0.000349
Layer[44] time is 0.022973
Layer[45] time is 0.000206
Layer[46] time is 0.267137
Layer[47] time is 0.169108
Layer[48] time is 0.741974
Layer[49] time is 0.037364
Layer[50] time is 0.909428
Layer[51] time is 0.449834
Layer[52] time is 0.120920
Layer[53] time is 0.073098
Layer[54] time is 0.234858
Layer[55] time is 0.016063
Layer[56] time is 0.344113
Layer[57] time is 0.060862
Layer[58] time is 0.185174
Layer[59] time is 0.088423
Layer[60] time is 0.339444
Layer[61] time is 0.023056
Layer[62] time is 0.367696
Layer[63] time is 0.087863
Layer[64] time is 0.023298
Layer[65] time is 0.000218
Training ...
Iteration 0 -- 
FP                   : 18667.266 ms
BP+WU                : 0.001 ms
Total Time           : 18667.267 ms

Iteration 1 -- 
FP                   : 18259.252 ms
BP+WU                : 0.001 ms
Total Time           : 18259.253 ms

Total FP                   : 36926.518 ms
Total BP+WU                : 0.002 ms
Total Time                 : 36926.520 ms
Total Inference Throughput : 6.933 images/second
Total Training Throughput  : 6.933 images/second
