INFO:latte:========== Configuration ==========
INFO:latte:    march             = AVX-512
INFO:latte:    parallel_strategy = SIMPLE_LOOP
INFO:latte:    nthreads          = 64
INFO:latte:    codegen_strategy = AUTOVEC
INFO:latte:    prefetch_option = ON
INFO:latte:    mode = RELEASE
INFO:latte:    timer = ON
INFO:latte:===================================
INFO:latte:Initializing ensembles and synthesizing functions...
INFO:latte:Compiling functions...
INFO:latte:    ensemble1 [shape=(3, 224, 224)]
INFO:latte:    ensemble2 [shape=(64, 112, 112)]
INFO:latte:    ensemble3 [shape=(64, 112, 112)]
INFO:latte:    ensemble4 [shape=(64, 112, 112)]
INFO:latte:    ensemble5 [shape=(64, 56, 56)]
INFO:latte:    ensemble6 [shape=(64, 56, 56)]
INFO:latte:    ensemble7 [shape=(64, 56, 56)]
INFO:latte:    ensemble8 [shape=(64, 56, 56)]
INFO:latte:    ensemble9 [shape=(64, 56, 56)]
INFO:latte:    ensemble10 [shape=(192, 56, 56)]
INFO:latte:    ensemble11 [shape=(192, 56, 56)]
INFO:latte:    ensemble12 [shape=(192, 56, 56)]
INFO:latte:    ensemble13 [shape=(192, 56, 56)]
INFO:latte:    ensemble14 [shape=(192, 28, 28)]
INFO:latte:    ensemble15 [shape=(64, 28, 28)]
INFO:latte:    ensemble16 [shape=(64, 28, 28)]
INFO:latte:    ensemble17 [shape=(64, 28, 28)]
INFO:latte:    ensemble18 [shape=(96, 28, 28)]
INFO:latte:    ensemble19 [shape=(96, 28, 28)]
INFO:latte:    ensemble20 [shape=(96, 28, 28)]
INFO:latte:    ensemble21 [shape=(128, 28, 28)]
INFO:latte:    ensemble22 [shape=(128, 28, 28)]
INFO:latte:    ensemble23 [shape=(128, 28, 28)]
INFO:latte:    ensemble24 [shape=(16, 28, 28)]
INFO:latte:    ensemble25 [shape=(16, 28, 28)]
INFO:latte:    ensemble26 [shape=(16, 28, 28)]
INFO:latte:    ensemble27 [shape=(32, 28, 28)]
INFO:latte:    ensemble28 [shape=(32, 28, 28)]
INFO:latte:    ensemble29 [shape=(32, 28, 28)]
INFO:latte:    ensemble30 [shape=(192, 28, 28)]
INFO:latte:    ensemble31 [shape=(32, 28, 28)]
INFO:latte:    ensemble32 [shape=(32, 28, 28)]
INFO:latte:    ensemble33 [shape=(32, 28, 28)]
INFO:latte:    ensemble34 [shape=(256, 28, 28)]
INFO:latte:    ensemble35 [shape=(128, 28, 28)]
INFO:latte:    ensemble36 [shape=(128, 28, 28)]
INFO:latte:    ensemble37 [shape=(128, 28, 28)]
INFO:latte:    ensemble38 [shape=(128, 28, 28)]
INFO:latte:    ensemble39 [shape=(128, 28, 28)]
INFO:latte:    ensemble40 [shape=(128, 28, 28)]
INFO:latte:    ensemble41 [shape=(192, 28, 28)]
INFO:latte:    ensemble42 [shape=(192, 28, 28)]
INFO:latte:    ensemble43 [shape=(192, 28, 28)]
INFO:latte:    ensemble44 [shape=(32, 28, 28)]
INFO:latte:    ensemble45 [shape=(32, 28, 28)]
INFO:latte:    ensemble46 [shape=(32, 28, 28)]
INFO:latte:    ensemble47 [shape=(96, 28, 28)]
INFO:latte:    ensemble48 [shape=(96, 28, 28)]
INFO:latte:    ensemble49 [shape=(96, 28, 28)]
INFO:latte:    ensemble50 [shape=(256, 28, 28)]
INFO:latte:    ensemble51 [shape=(64, 28, 28)]
INFO:latte:    ensemble52 [shape=(64, 28, 28)]
INFO:latte:    ensemble53 [shape=(64, 28, 28)]
INFO:latte:    ensemble54 [shape=(480, 28, 28)]
INFO:latte:    ensemble55 [shape=(480, 14, 14)]
INFO:latte:    ensemble56 [shape=(192, 14, 14)]
INFO:latte:    ensemble57 [shape=(192, 14, 14)]
INFO:latte:    ensemble58 [shape=(192, 14, 14)]
INFO:latte:    ensemble59 [shape=(96, 14, 14)]
INFO:latte:    ensemble60 [shape=(96, 14, 14)]
INFO:latte:    ensemble61 [shape=(96, 14, 14)]
INFO:latte:    ensemble62 [shape=(208, 14, 14)]
INFO:latte:    ensemble63 [shape=(208, 14, 14)]
INFO:latte:    ensemble64 [shape=(208, 14, 14)]
INFO:latte:    ensemble65 [shape=(16, 14, 14)]
INFO:latte:    ensemble66 [shape=(16, 14, 14)]
INFO:latte:    ensemble67 [shape=(16, 14, 14)]
INFO:latte:    ensemble68 [shape=(48, 14, 14)]
INFO:latte:    ensemble69 [shape=(48, 14, 14)]
INFO:latte:    ensemble70 [shape=(48, 14, 14)]
INFO:latte:    ensemble71 [shape=(480, 14, 14)]
INFO:latte:    ensemble72 [shape=(64, 14, 14)]
INFO:latte:    ensemble73 [shape=(64, 14, 14)]
INFO:latte:    ensemble74 [shape=(64, 14, 14)]
INFO:latte:    ensemble75 [shape=(512, 14, 14)]
INFO:latte:    ensemble76 [shape=(512, 4, 4)]
INFO:latte:    ensemble77 [shape=(128, 4, 4)]
INFO:latte:    ensemble78 [shape=(128, 4, 4)]
INFO:latte:    ensemble79 [shape=(128, 4, 4)]
INFO:latte:    ensemble80 [shape=(1024,)]
INFO:latte:    ensemble81 [shape=(1024,)]
INFO:latte:    ensemble82 [shape=(1024,)]
INFO:latte:    ensemble83 [shape=(1008,)]
INFO:latte:    ensemble84 [shape=(1008,)]
INFO:latte:    ensemble85 [shape=(160, 14, 14)]
INFO:latte:    ensemble86 [shape=(160, 14, 14)]
INFO:latte:    ensemble87 [shape=(160, 14, 14)]
INFO:latte:    ensemble88 [shape=(112, 14, 14)]
INFO:latte:    ensemble89 [shape=(112, 14, 14)]
INFO:latte:    ensemble90 [shape=(112, 14, 14)]
INFO:latte:    ensemble91 [shape=(224, 14, 14)]
INFO:latte:    ensemble92 [shape=(224, 14, 14)]
INFO:latte:    ensemble93 [shape=(224, 14, 14)]
INFO:latte:    ensemble94 [shape=(32, 14, 14)]
INFO:latte:    ensemble95 [shape=(32, 14, 14)]
INFO:latte:    ensemble96 [shape=(32, 14, 14)]
INFO:latte:    ensemble97 [shape=(64, 14, 14)]
INFO:latte:    ensemble98 [shape=(64, 14, 14)]
INFO:latte:    ensemble99 [shape=(64, 14, 14)]
INFO:latte:    ensemble100 [shape=(512, 14, 14)]
INFO:latte:    ensemble101 [shape=(64, 14, 14)]
INFO:latte:    ensemble102 [shape=(64, 14, 14)]
INFO:latte:    ensemble103 [shape=(64, 14, 14)]
INFO:latte:    ensemble104 [shape=(512, 14, 14)]
INFO:latte:    ensemble105 [shape=(128, 14, 14)]
INFO:latte:    ensemble106 [shape=(128, 14, 14)]
INFO:latte:    ensemble107 [shape=(128, 14, 14)]
INFO:latte:    ensemble108 [shape=(128, 14, 14)]
INFO:latte:    ensemble109 [shape=(128, 14, 14)]
INFO:latte:    ensemble110 [shape=(128, 14, 14)]
INFO:latte:    ensemble111 [shape=(256, 14, 14)]
INFO:latte:    ensemble112 [shape=(256, 14, 14)]
INFO:latte:    ensemble113 [shape=(256, 14, 14)]
INFO:latte:    ensemble114 [shape=(32, 14, 14)]
INFO:latte:    ensemble115 [shape=(32, 14, 14)]
INFO:latte:    ensemble116 [shape=(32, 14, 14)]
INFO:latte:    ensemble117 [shape=(64, 14, 14)]
INFO:latte:    ensemble118 [shape=(64, 14, 14)]
INFO:latte:    ensemble119 [shape=(64, 14, 14)]
INFO:latte:    ensemble120 [shape=(512, 14, 14)]
INFO:latte:    ensemble121 [shape=(64, 14, 14)]
INFO:latte:    ensemble122 [shape=(64, 14, 14)]
INFO:latte:    ensemble123 [shape=(64, 14, 14)]
INFO:latte:    ensemble124 [shape=(512, 14, 14)]
INFO:latte:    ensemble125 [shape=(112, 14, 14)]
INFO:latte:    ensemble126 [shape=(112, 14, 14)]
INFO:latte:    ensemble127 [shape=(112, 14, 14)]
INFO:latte:    ensemble128 [shape=(144, 14, 14)]
INFO:latte:    ensemble129 [shape=(144, 14, 14)]
INFO:latte:    ensemble130 [shape=(144, 14, 14)]
INFO:latte:    ensemble131 [shape=(288, 14, 14)]
INFO:latte:    ensemble132 [shape=(288, 14, 14)]
INFO:latte:    ensemble133 [shape=(288, 14, 14)]
INFO:latte:    ensemble134 [shape=(32, 14, 14)]
INFO:latte:    ensemble135 [shape=(32, 14, 14)]
INFO:latte:    ensemble136 [shape=(32, 14, 14)]
INFO:latte:    ensemble137 [shape=(64, 14, 14)]
INFO:latte:    ensemble138 [shape=(64, 14, 14)]
INFO:latte:    ensemble139 [shape=(64, 14, 14)]
INFO:latte:    ensemble140 [shape=(512, 14, 14)]
INFO:latte:    ensemble141 [shape=(64, 14, 14)]
INFO:latte:    ensemble142 [shape=(64, 14, 14)]
INFO:latte:    ensemble143 [shape=(64, 14, 14)]
INFO:latte:    ensemble144 [shape=(528, 14, 14)]
INFO:latte:    ensemble145 [shape=(528, 4, 4)]
INFO:latte:    ensemble146 [shape=(128, 4, 4)]
INFO:latte:    ensemble147 [shape=(128, 4, 4)]
INFO:latte:    ensemble148 [shape=(128, 4, 4)]
INFO:latte:    ensemble149 [shape=(1024,)]
INFO:latte:    ensemble150 [shape=(1024,)]
INFO:latte:    ensemble151 [shape=(1024,)]
INFO:latte:    ensemble152 [shape=(1008,)]
INFO:latte:    ensemble153 [shape=(1008,)]
INFO:latte:    ensemble154 [shape=(256, 14, 14)]
INFO:latte:    ensemble155 [shape=(256, 14, 14)]
INFO:latte:    ensemble156 [shape=(256, 14, 14)]
INFO:latte:    ensemble157 [shape=(160, 14, 14)]
INFO:latte:    ensemble158 [shape=(160, 14, 14)]
INFO:latte:    ensemble159 [shape=(160, 14, 14)]
INFO:latte:    ensemble160 [shape=(320, 14, 14)]
INFO:latte:    ensemble161 [shape=(320, 14, 14)]
INFO:latte:    ensemble162 [shape=(320, 14, 14)]
INFO:latte:    ensemble163 [shape=(32, 14, 14)]
INFO:latte:    ensemble164 [shape=(32, 14, 14)]
INFO:latte:    ensemble165 [shape=(32, 14, 14)]
INFO:latte:    ensemble166 [shape=(128, 14, 14)]
INFO:latte:    ensemble167 [shape=(128, 14, 14)]
INFO:latte:    ensemble168 [shape=(128, 14, 14)]
INFO:latte:    ensemble169 [shape=(528, 14, 14)]
INFO:latte:    ensemble170 [shape=(128, 14, 14)]
INFO:latte:    ensemble171 [shape=(128, 14, 14)]
INFO:latte:    ensemble172 [shape=(128, 14, 14)]
INFO:latte:    ensemble173 [shape=(832, 14, 14)]
INFO:latte:    ensemble174 [shape=(832, 7, 7)]
INFO:latte:    ensemble175 [shape=(256, 7, 7)]
INFO:latte:    ensemble176 [shape=(256, 7, 7)]
INFO:latte:    ensemble177 [shape=(256, 7, 7)]
INFO:latte:    ensemble178 [shape=(160, 7, 7)]
INFO:latte:    ensemble179 [shape=(160, 7, 7)]
INFO:latte:    ensemble180 [shape=(160, 7, 7)]
INFO:latte:    ensemble181 [shape=(320, 7, 7)]
INFO:latte:    ensemble182 [shape=(320, 7, 7)]
INFO:latte:    ensemble183 [shape=(320, 7, 7)]
INFO:latte:    ensemble184 [shape=(32, 7, 7)]
INFO:latte:    ensemble185 [shape=(32, 7, 7)]
INFO:latte:    ensemble186 [shape=(32, 7, 7)]
INFO:latte:    ensemble187 [shape=(128, 7, 7)]
INFO:latte:    ensemble188 [shape=(128, 7, 7)]
INFO:latte:    ensemble189 [shape=(128, 7, 7)]
INFO:latte:    ensemble190 [shape=(832, 7, 7)]
INFO:latte:    ensemble191 [shape=(128, 7, 7)]
INFO:latte:    ensemble192 [shape=(128, 7, 7)]
INFO:latte:    ensemble193 [shape=(128, 7, 7)]
INFO:latte:    ensemble194 [shape=(832, 7, 7)]
INFO:latte:    ensemble195 [shape=(384, 7, 7)]
INFO:latte:    ensemble196 [shape=(384, 7, 7)]
INFO:latte:    ensemble197 [shape=(384, 7, 7)]
INFO:latte:    ensemble198 [shape=(192, 7, 7)]
INFO:latte:    ensemble199 [shape=(192, 7, 7)]
INFO:latte:    ensemble200 [shape=(192, 7, 7)]
INFO:latte:    ensemble201 [shape=(384, 7, 7)]
INFO:latte:    ensemble202 [shape=(384, 7, 7)]
INFO:latte:    ensemble203 [shape=(384, 7, 7)]
INFO:latte:    ensemble204 [shape=(48, 7, 7)]
INFO:latte:    ensemble205 [shape=(48, 7, 7)]
INFO:latte:    ensemble206 [shape=(48, 7, 7)]
INFO:latte:    ensemble207 [shape=(128, 7, 7)]
INFO:latte:    ensemble208 [shape=(128, 7, 7)]
INFO:latte:    ensemble209 [shape=(128, 7, 7)]
INFO:latte:    ensemble210 [shape=(832, 7, 7)]
INFO:latte:    ensemble211 [shape=(128, 7, 7)]
INFO:latte:    ensemble212 [shape=(128, 7, 7)]
INFO:latte:    ensemble213 [shape=(128, 7, 7)]
INFO:latte:    ensemble214 [shape=(1024, 7, 7)]
INFO:latte:    ensemble215 [shape=(1024, 1, 1)]
INFO:latte:    ensemble216 [shape=(1008,)]
INFO:latte:    ensemble217 [shape=(1008,)]
INFO:latte:Finished compiling Net
	times[0] = 0.292052
	times[1] = 0.00870204
	times[2] = 0.2904
	times[3] = 0.00399303
	times[4] = 0.00581098
	times[5] = 0.013515
	times[6] = 0.00251985
	times[7] = 0.0187032
	times[8] = 0.004879
	times[9] = 0.00727201
	times[10] = 0.00777292
	times[11] = 0.024313
	times[12] = 0.00295186
	times[13] = 0.038548
	times[14] = 0.0158219
	times[15] = 0.00575018
	times[16] = 0.00314689
	times[17] = 0.0157182
	times[18] = 0.000931978
	times[19] = 0.0105059
	times[20] = 0.00585604
	times[21] = 0.000950098
	times[22] = 0.00297689
	times[23] = 0.000438213
	times[24] = 0.00148082
	times[25] = 0.000569105
	times[26] = 0.00525403
	times[27] = 0.00440001
	times[28] = 0.015394
	times[29] = 0.00210881
	times[30] = 0.0117879
	times[31] = 0.00507617
	times[32] = 0.00439191
	times[33] = 0.00406313
	times[34] = 0.0125971
	times[35] = 0.00175595
	times[36] = 0.0118411
	times[37] = 0.00420594
	times[38] = 0.00389385
	times[39] = 0.0283132
	times[40] = 0.0109558
	times[41] = 0.00151086
	times[42] = 0.0124331
	times[43] = 0.00597715
	times[44] = 0.000593901
	times[45] = 0.0032711
	times[46] = 0.000529051
	times[47] = 0.00058794
	times[48] = 0.000357151
	times[49] = 0.029474
	times[50] = 0.0339561
	times[51] = 0.0167439
	times[52] = 0.00189209
	times[53] = 0.0141871
	times[54] = 0.0102839
	times[55] = 0.00367999
	times[56] = 0.00264597
	times[57] = 0.00471807
	times[58] = 0.000570059
	times[59] = 0.00606108
	times[60] = 0.00309491
	times[61] = 0.00562286
	times[62] = 0.00321794
	times[63] = 0.00662804
	times[64] = 0.00172806
	times[65] = 0.00662208
	times[66] = 0.00332499
	times[67] = 0.00153208
	times[68] = 0.000351906
	times[0] = 0.167684
	times[1] = 0.00524688
	times[2] = 0.302466
	times[3] = 0.00277805
	times[4] = 0.00375891
	times[5] = 0.0114
	times[6] = 0.00138903
	times[7] = 0.0154629
	times[8] = 0.00239801
	times[9] = 0.00584412
	times[10] = 0.00574493
	times[11] = 0.0213008
	times[12] = 0.00201583
	times[13] = 0.0253818
	times[14] = 0.0124259
	times[15] = 0.00472403
	times[16] = 0.00255704
	times[17] = 0.00401998
	times[18] = 0.000592947
	times[19] = 0.00842905
	times[20] = 0.00434709
	times[21] = 0.000993013
	times[22] = 0.00152993
	times[23] = 0.000666142
	times[24] = 0.000469923
	times[25] = 0.000350952
	times[26] = 0.00398588
	times[27] = 0.00325012
	times[28] = 0.00508094
	times[29] = 0.00115013
	times[30] = 0.009624
	times[31] = 0.0022881
	times[32] = 0.0032289
	times[33] = 0.00317883
	times[34] = 0.00672698
	times[35] = 0.00121784
	times[36] = 0.00963998
	times[37] = 0.0022819
	times[38] = 0.00285792
	times[39] = 0.003685
	times[40] = 0.0082891
	times[41] = 0.00124907
	times[42] = 0.00971389
	times[43] = 0.0044198
	times[44] = 0.000916004
	times[45] = 0.00146294
	times[46] = 0.000355959
	times[47] = 0.00051713
	times[48] = 0.000339031
	times[49] = 0.00622797
	times[50] = 0.00422692
	times[51] = 0.00994086
	times[52] = 0.00143099
	times[53] = 0.0108509
	times[54] = 0.00789595
	times[55] = 0.003232
	times[56] = 0.00184083
	times[57] = 0.0035212
	times[58] = 0.00123906
	times[59] = 0.00439405
	times[60] = 0.001791
	times[61] = 0.00386095
	times[62] = 0.00205708
	times[63] = 0.00462508
	times[64] = 0.000690937
	times[65] = 0.00448418
	times[66] = 0.00255895
	times[67] = 0.000574112
	times[68] = 0.000329018
	times[0] = 0.14407
	times[1] = 0.00505805
	times[2] = 0.214797
	times[3] = 0.00264907
	times[4] = 0.00338483
	times[5] = 0.010289
	times[6] = 0.00111294
	times[7] = 0.013731
	times[8] = 0.00216603
	times[9] = 0.0101302
	times[10] = 0.00562096
	times[11] = 0.019383
	times[12] = 0.00206494
	times[13] = 0.0254118
	times[14] = 0.0119321
	times[15] = 0.00454998
	times[16] = 0.00209904
	times[17] = 0.0037601
	times[18] = 0.000541925
	times[19] = 0.00792599
	times[20] = 0.00389099
	times[21] = 0.000478983
	times[22] = 0.00135016
	times[23] = 0.000380993
	times[24] = 0.000429869
	times[25] = 0.000305891
	times[26] = 0.0037899
	times[27] = 0.00264692
	times[28] = 0.00456405
	times[29] = 0.00106812
	times[30] = 0.00892687
	times[31] = 0.00230289
	times[32] = 0.002949
	times[33] = 0.00268316
	times[34] = 0.00611806
	times[35] = 0.00104403
	times[36] = 0.00925994
	times[37] = 0.00254512
	times[38] = 0.00268698
	times[39] = 0.00324106
	times[40] = 0.00761414
	times[41] = 0.0010159
	times[42] = 0.00946808
	times[43] = 0.00432396
	times[44] = 0.000487804
	times[45] = 0.00135612
	times[46] = 0.000344038
	times[47] = 0.000436068
	times[48] = 0.000365973
	times[49] = 0.0061419
	times[50] = 0.00376892
	times[51] = 0.00987005
	times[52] = 0.00123096
	times[53] = 0.011101
	times[54] = 0.00769186
	times[55] = 0.00278115
	times[56] = 0.0018301
	times[57] = 0.00349593
	times[58] = 0.000477076
	times[59] = 0.00465298
	times[60] = 0.00194097
	times[61] = 0.00414896
	times[62] = 0.00220513
	times[63] = 0.00498104
	times[64] = 0.000684023
	times[65] = 0.00489402
	times[66] = 0.00267196
	times[67] = 0.000559092
	times[68] = 0.000303984
	times[0] = 0.143544
	times[1] = 0.00468397
	times[2] = 0.25755
	times[3] = 0.00241995
	times[4] = 0.00322294
	times[5] = 0.00971889
	times[6] = 0.0010879
	times[7] = 0.013556
	times[8] = 0.00223613
	times[9] = 0.00518203
	times[10] = 0.00546503
	times[11] = 0.019022
	times[12] = 0.00199103
	times[13] = 0.0235219
	times[14] = 0.011797
	times[15] = 0.00411606
	times[16] = 0.00213909
	times[17] = 0.00401497
	times[18] = 0.000497103
	times[19] = 0.00850081
	times[20] = 0.00401998
	times[21] = 0.000515938
	times[22] = 0.00131392
	times[23] = 0.000366211
	times[24] = 0.000433922
	times[25] = 0.000324011
	times[26] = 0.003932
	times[27] = 0.00279999
	times[28] = 0.00492907
	times[29] = 0.00103211
	times[30] = 0.00943494
	times[31] = 0.00230312
	times[32] = 0.00305104
	times[33] = 0.00278592
	times[34] = 0.00626302
	times[35] = 0.000987053
	times[36] = 0.00949192
	times[37] = 0.00246906
	times[38] = 0.00271106
	times[39] = 0.00337911
	times[40] = 0.00744295
	times[41] = 0.00124192
	times[42] = 0.00915694
	times[43] = 0.00441003
	times[44] = 0.000535011
	times[45] = 0.00122213
	times[46] = 0.000320911
	times[47] = 0.000470161
	times[48] = 0.000316858
	times[49] = 0.00586605
	times[50] = 0.00365114
	times[51] = 0.00951385
	times[52] = 0.00143194
	times[53] = 0.010359
	times[54] = 0.00947595
	times[55] = 0.00295019
	times[56] = 0.00173688
	times[57] = 0.00322914
	times[58] = 0.000492096
	times[59] = 0.00423503
	times[60] = 0.00184989
	times[61] = 0.00391984
	times[62] = 0.00209022
	times[63] = 0.00467682
	times[64] = 0.000635862
	times[65] = 0.00447106
	times[66] = 0.00244904
	times[67] = 0.000554085
	times[68] = 0.000320911
	times[0] = 0.137528
	times[1] = 0.00451803
	times[2] = 0.215843
	times[3] = 0.0023551
	times[4] = 0.00320387
	times[5] = 0.00945282
	times[6] = 0.00112319
	times[7] = 0.0125511
	times[8] = 0.00202703
	times[9] = 0.00453997
	times[10] = 0.00511312
	times[11] = 0.0177228
	times[12] = 0.00207615
	times[13] = 0.0206759
	times[14] = 0.010685
	times[15] = 0.00374794
	times[16] = 0.0020082
	times[17] = 0.00345898
	times[18] = 0.000512123
	times[19] = 0.00730991
	times[20] = 0.00398397
	times[21] = 0.000643015
	times[22] = 0.00125909
	times[23] = 0.00032711
	times[24] = 0.000446081
	times[25] = 0.000306845
	times[26] = 0.00358105
	times[27] = 0.00251198
	times[28] = 0.00431299
	times[29] = 0.000904083
	times[30] = 0.00837183
	times[31] = 0.0024302
	times[32] = 0.00273585
	times[33] = 0.00246382
	times[34] = 0.005512
	times[35] = 0.00103593
	times[36] = 0.0085721
	times[37] = 0.00215006
	times[38] = 0.00248384
	times[39] = 0.00301194
	times[40] = 0.00709796
	times[41] = 0.00103521
	times[42] = 0.00867891
	times[43] = 0.00419116
	times[44] = 0.000539064
	times[45] = 0.00126982
	times[46] = 0.000324965
	times[47] = 0.000463009
	times[48] = 0.000309944
	times[49] = 0.0057621
	times[50] = 0.00379992
	times[51] = 0.00937915
	times[52] = 0.00110888
	times[53] = 0.0103731
	times[54] = 0.0072701
	times[55] = 0.00263691
	times[56] = 0.00173616
	times[57] = 0.00323796
	times[58] = 0.000477076
	times[59] = 0.00413394
	times[60] = 0.00175595
	times[61] = 0.00391889
	times[62] = 0.002069
	times[63] = 0.00472999
	times[64] = 0.00061202
	times[65] = 0.00458002
	times[66] = 0.00244904
	times[67] = 0.000552893
	times[68] = 0.000310183
	times[0] = 0.142293
	times[1] = 0.00479889
	times[2] = 0.184881
	times[3] = 0.002244
	times[4] = 0.00306892
	times[5] = 0.00956893
	times[6] = 0.001127
	times[7] = 0.013557
	times[8] = 0.00472498
	times[9] = 0.00507498
	times[10] = 0.00521398
	times[11] = 0.0180211
	times[12] = 0.00220895
	times[13] = 0.022212
	times[14] = 0.0120041
	times[15] = 0.00427699
	times[16] = 0.00211
	times[17] = 0.00398922
	times[18] = 0.000503778
	times[19] = 0.00844812
	times[20] = 0.00425506
	times[21] = 0.000597
	times[22] = 0.00141287
	times[23] = 0.000375032
	times[24] = 0.000434875
	times[25] = 0.000370979
	times[26] = 0.00393414
	times[27] = 0.00291991
	times[28] = 0.00512099
	times[29] = 0.00107718
	times[30] = 0.00955296
	times[31] = 0.00224519
	times[32] = 0.00316787
	times[33] = 0.0028441
	times[34] = 0.00654602
	times[35] = 0.00120807
	times[36] = 0.00959802
	times[37] = 0.0024209
	times[38] = 0.00285792
	times[39] = 0.00353289
	times[40] = 0.00792789
	times[41] = 0.00145793
	times[42] = 0.00967407
	times[43] = 0.00461292
	times[44] = 0.000898123
	times[45] = 0.001333
	times[46] = 0.000345945
	times[47] = 0.000437975
	times[48] = 0.000366211
	times[49] = 0.00618196
	times[50] = 0.00400209
	times[51] = 0.00989008
	times[52] = 0.00151706
	times[53] = 0.011059
	times[54] = 0.00871396
	times[55] = 0.0028801
	times[56] = 0.00185585
	times[57] = 0.00342083
	times[58] = 0.000501871
	times[59] = 0.00441718
	times[60] = 0.00198984
	times[61] = 0.00414681
	times[62] = 0.00215888
	times[63] = 0.00496697
	times[64] = 0.000696898
	times[65] = 0.00489902
	times[66] = 0.00264716
	times[67] = 0.000522852
	times[68] = 0.00037384
	times[0] = 0.169818
	times[1] = 0.00492692
	times[2] = 0.223747
	times[3] = 0.00233889
	times[4] = 0.0032351
	times[5] = 0.0102861
	times[6] = 0.00113702
	times[7] = 0.0166619
	times[8] = 0.00216079
	times[9] = 0.00499988
	times[10] = 0.00655198
	times[11] = 0.0197449
	times[12] = 0.0022552
	times[13] = 0.02332
	times[14] = 0.012542
	times[15] = 0.00462604
	times[16] = 0.00241804
	times[17] = 0.00409102
	times[18] = 0.00051403
	times[19] = 0.0086441
	times[20] = 0.00454402
	times[21] = 0.000864029
	times[22] = 0.00135398
	times[23] = 0.000380039
	times[24] = 0.000437021
	times[25] = 0.00039506
	times[26] = 0.00398612
	times[27] = 0.00314999
	times[28] = 0.00517511
	times[29] = 0.00116205
	times[30] = 0.00998306
	times[31] = 0.00236082
	times[32] = 0.00317788
	times[33] = 0.00310302
	times[34] = 0.00660086
	times[35] = 0.00115013
	times[36] = 0.00963593
	times[37] = 0.0023241
	times[38] = 0.00285411
	times[39] = 0.00352383
	times[40] = 0.00801396
	times[41] = 0.00162506
	times[42] = 0.00991011
	times[43] = 0.00454187
	times[44] = 0.00050211
	times[45] = 0.00142193
	times[46] = 0.000363111
	times[47] = 0.000488997
	times[48] = 0.000313997
	times[49] = 0.00610089
	times[50] = 0.00368214
	times[51] = 0.0091269
	times[52] = 0.00115418
	times[53] = 0.0105319
	times[54] = 0.007375
	times[55] = 0.00272012
	times[56] = 0.00177097
	times[57] = 0.0033288
	times[58] = 0.00048399
	times[59] = 0.00444007
	times[60] = 0.00185013
	times[61] = 0.00408006
	times[62] = 0.00216007
	times[63] = 0.00484395
	times[64] = 0.000648975
	times[65] = 0.00471187
	times[66] = 0.00265408
	times[67] = 0.00051403
	times[68] = 0.000320196
	times[0] = 0.1398
	times[1] = 0.004807
	times[2] = 0.218434
	times[3] = 0.00239015
	times[4] = 0.00320411
	times[5] = 0.0101039
	times[6] = 0.00117302
	times[7] = 0.0141442
	times[8] = 0.00225592
	times[9] = 0.00471711
	times[10] = 0.00514603
	times[11] = 0.018585
	times[12] = 0.00205898
	times[13] = 0.0222709
	times[14] = 0.011476
	times[15] = 0.00388193
	times[16] = 0.0019989
	times[17] = 0.00370002
	times[18] = 0.000539064
	times[19] = 0.00816202
	times[20] = 0.00447512
	times[21] = 0.000771999
	times[22] = 0.0012939
	times[23] = 0.000362158
	times[24] = 0.000405073
	times[25] = 0.000319004
	times[26] = 0.00389886
	times[27] = 0.00276303
	times[28] = 0.00491405
	times[29] = 0.00103903
	times[30] = 0.00967884
	times[31] = 0.00234699
	times[32] = 0.00298691
	times[33] = 0.00277305
	times[34] = 0.00644612
	times[35] = 0.00105906
	times[36] = Training ...
Iteration 0 -- 
FP                   : 1135.559 ms
BP+WU                : 0.001 ms
Total Time           : 1135.560 ms

Iteration 1 -- 
FP                   : 817.244 ms
BP+WU                : 0.001 ms
Total Time           : 817.245 ms

Iteration 2 -- 
FP                   : 694.224 ms
BP+WU                : 0.001 ms
Total Time           : 694.225 ms

Iteration 3 -- 
FP                   : 728.503 ms
BP+WU                : 0.001 ms
Total Time           : 728.503 ms

Iteration 4 -- 
FP                   : 657.692 ms
BP+WU                : 0.001 ms
Total Time           : 657.693 ms

Iteration 5 -- 
FP                   : 658.610 ms
BP+WU                : 0.001 ms
Total Time           : 658.611 ms

Iteration 6 -- 
FP                   : 731.597 ms
BP+WU                : 0.001 ms
Total Time           : 731.597 ms

Iteration 7 -- 
FP                   : 674.663 ms
BP+WU                : 0.001 ms
Total Time           : 674.664 ms

Iteration 8 -- 
FP                   : 648.053 ms
BP+WU                : 0.001 ms
Total Time           : 648.054 ms

Iteration 9 -- 
FP                   : 676.295 ms
BP+WU                : 0.001 ms
Total Time           : 676.296 ms

Total FP                   : 7422.439 ms
Total BP+WU                : 0.010 ms
Total Time                 : 7422.449 ms
Total Inference Throughput : 172.450 images/second
Total Training Throughput  : 172.450 images/second
0.00964499
	times[37] = 0.00253606
	times[38] = 0.00266218
	times[39] = 0.00324798
	times[40] = 0.00771403
	times[41] = 0.001019
	times[42] = 0.00881505
	times[43] = 0.00427914
	times[44] = 0.000511885
	times[45] = 0.00120711
	times[46] = 0.00031805
	times[47] = 0.000454903
	times[48] = 0.000313997
	times[49] = 0.00579309
	times[50] = 0.003757
	times[51] = 0.00927901
	times[52] = 0.00112104
	times[53] = 0.010287
	times[54] = 0.00722098
	times[55] = 0.00277996
	times[56] = 0.00172591
	times[57] = 0.00311494
	times[58] = 0.000480175
	times[59] = 0.00414896
	times[60] = 0.00181794
	times[61] = 0.003829
	times[62] = 0.00207686
	times[63] = 0.00451207
	times[64] = 0.000628948
	times[65] = 0.00429606
	times[66] = 0.00255299
	times[67] = 0.000523806
	times[68] = 0.000311852
	times[0] = 0.145285
	times[1] = 0.00478983
	times[2] = 0.19975
	times[3] = 0.00240898
	times[4] = 0.00315404
	times[5] = 0.00979805
	times[6] = 0.00111508
	times[7] = 0.013613
	times[8] = 0.00211692
	times[9] = 0.0046072
	times[10] = 0.00509501
	times[11] = 0.01792
	times[12] = 0.00197911
	times[13] = 0.021117
	times[14] = 0.0106921
	times[15] = 0.00415707
	times[16] = 0.00196385
	times[17] = 0.00349379
	times[18] = 0.000505924
	times[19] = 0.00735497
	times[20] = 0.00385118
	times[21] = 0.000477076
	times[22] = 0.00127888
	times[23] = 0.000324965
	times[24] = 0.000388861
	times[25] = 0.000347137
	times[26] = 0.00351
	times[27] = 0.00260901
	times[28] = 0.0045259
	times[29] = 0.000954866
	times[30] = 0.00824308
	times[31] = 0.0021131
	times[32] = 0.00269103
	times[33] = 0.00252008
	times[34] = 0.00550604
	times[35] = 0.000896931
	times[36] = 0.00823307
	times[37] = 0.00216198
	times[38] = 0.00245094
	times[39] = 0.00289202
	times[40] = 0.00675917
	times[41] = 0.00114894
	times[42] = 0.00826097
	times[43] = 0.00402498
	times[44] = 0.000505924
	times[45] = 0.00124502
	times[46] = 0.000337839
	times[47] = 0.000461102
	times[48] = 0.000313044
	times[49] = 0.00572896
	times[50] = 0.00370717
	times[51] = 0.0085969
	times[52] = 0.00106907
	times[53] = 0.00974917
	times[54] = 0.00699091
	times[55] = 0.00256395
	times[56] = 0.00163198
	times[57] = 0.00312495
	times[58] = 0.000487089
	times[59] = 0.00403309
	times[60] = 0.00181389
	times[61] = 0.00392199
	times[62] = 0.00211
	times[63] = 0.00460792
	times[64] = 0.000645161
	times[65] = 0.00447583
	times[66] = 0.00246
	times[67] = 0.000505924
	times[68] = 0.000375032
	times[0] = 0.135507
	times[1] = 0.00462103
	times[2] = 0.227234
	times[3] = 0.00240207
	times[4] = 0.00316
	times[5] = 0.00938797
	times[6] = 0.00111198
	times[7] = 0.0133631
	times[8] = 0.00203395
	times[9] = 0.00454903
	times[10] = 0.00496602
	times[11] = 0.0168219
	times[12] = 0.00192404
	times[13] = 0.0204241
	times[14] = 0.0104818
	times[15] = 0.00391603
	times[16] = 0.00192404
	times[17] = 0.00363588
	times[18] = 0.000467062
	times[19] = 0.00783491
	times[20] = 0.00397897
	times[21] = 0.000519037
	times[22] = 0.00129509
	times[23] = 0.000324011
	times[24] = 0.00047493
	times[25] = 0.000314951
	times[26] = 0.00388312
	times[27] = 0.00263596
	times[28] = 0.00473905
	times[29] = 0.000997066
	times[30] = 0.00935793
	times[31] = 0.00218916
	times[32] = 0.00300002
	times[33] = 0.00274587
	times[34] = 0.00605798
	times[35] = 0.00113797
	times[36] = 0.00922918
	times[37] = 0.00226402
	times[38] = 0.00270796
	times[39] = 0.00326395
	times[40] = 0.00774193
	times[41] = 0.00105596
	times[42] = 0.00933099
	times[43] = 0.00412917
	times[44] = 0.000490904
	times[45] = 0.00123501
	times[46] = 0.000360966
	times[47] = 0.000414848
	times[48] = 0.000372887
	times[49] = 0.00615311
	times[50] = 0.00390291
	times[51] = 0.010046
	times[52] = 0.00127101
	times[53] = 0.0110199
	times[54] = 0.00759912
	times[55] = 0.00282192
	times[56] = 0.00182605
	times[57] = 0.00367188
	times[58] = 0.000644922
	times[59] = 0.00444412
	times[60] = 0.00182891
	times[61] = 0.00398707
	times[62] = 0.00208807
	times[63] = 0.00473905
	times[64] = 0.000622988
	times[65] = 0.00469613
	times[66] = 0.00251698
	times[67] = 0.000543118
	times[68] = 0.000313997
