INFO:latte:========== Configuration ==========
INFO:latte:    march             = AVX-512
INFO:latte:    parallel_strategy = OPENMP
INFO:latte:    nthreads          = 64
INFO:latte:    codegen_strategy = AUTOVEC
INFO:latte:    prefetch_option = ON
INFO:latte:    mode = RELEASE
INFO:latte:    timer = ON
INFO:latte:===================================
INFO:latte:Initializing ensembles and synthesizing functions...
INFO:latte:Compiling functions...
INFO:latte:    ensemble1 [shape=(3, 224, 224)]
INFO:latte:    ensemble2 [shape=(64, 112, 112)]
INFO:latte:    ensemble3 [shape=(64, 112, 112)]
INFO:latte:    ensemble4 [shape=(64, 112, 112)]
INFO:latte:    ensemble5 [shape=(64, 56, 56)]
INFO:latte:    ensemble6 [shape=(64, 56, 56)]
INFO:latte:    ensemble7 [shape=(64, 56, 56)]
INFO:latte:    ensemble8 [shape=(64, 56, 56)]
INFO:latte:    ensemble9 [shape=(64, 56, 56)]
INFO:latte:    ensemble10 [shape=(192, 56, 56)]
INFO:latte:    ensemble11 [shape=(192, 56, 56)]
INFO:latte:    ensemble12 [shape=(192, 56, 56)]
INFO:latte:    ensemble13 [shape=(192, 56, 56)]
INFO:latte:    ensemble14 [shape=(192, 28, 28)]
INFO:latte:    ensemble15 [shape=(64, 28, 28)]
INFO:latte:    ensemble16 [shape=(64, 28, 28)]
INFO:latte:    ensemble17 [shape=(64, 28, 28)]
INFO:latte:    ensemble18 [shape=(96, 28, 28)]
INFO:latte:    ensemble19 [shape=(96, 28, 28)]
INFO:latte:    ensemble20 [shape=(96, 28, 28)]
INFO:latte:    ensemble21 [shape=(128, 28, 28)]
INFO:latte:    ensemble22 [shape=(128, 28, 28)]
INFO:latte:    ensemble23 [shape=(128, 28, 28)]
INFO:latte:    ensemble24 [shape=(16, 28, 28)]
INFO:latte:    ensemble25 [shape=(16, 28, 28)]
INFO:latte:    ensemble26 [shape=(16, 28, 28)]
INFO:latte:    ensemble27 [shape=(32, 28, 28)]
INFO:latte:    ensemble28 [shape=(32, 28, 28)]
INFO:latte:    ensemble29 [shape=(32, 28, 28)]
INFO:latte:    ensemble30 [shape=(192, 28, 28)]
INFO:latte:    ensemble31 [shape=(32, 28, 28)]
INFO:latte:    ensemble32 [shape=(32, 28, 28)]
INFO:latte:    ensemble33 [shape=(32, 28, 28)]
INFO:latte:    ensemble34 [shape=(256, 28, 28)]
INFO:latte:    ensemble35 [shape=(128, 28, 28)]
INFO:latte:    ensemble36 [shape=(128, 28, 28)]
INFO:latte:    ensemble37 [shape=(128, 28, 28)]
INFO:latte:    ensemble38 [shape=(128, 28, 28)]
INFO:latte:    ensemble39 [shape=(128, 28, 28)]
INFO:latte:    ensemble40 [shape=(128, 28, 28)]
INFO:latte:    ensemble41 [shape=(192, 28, 28)]
INFO:latte:    ensemble42 [shape=(192, 28, 28)]
INFO:latte:    ensemble43 [shape=(192, 28, 28)]
INFO:latte:    ensemble44 [shape=(32, 28, 28)]
INFO:latte:    ensemble45 [shape=(32, 28, 28)]
INFO:latte:    ensemble46 [shape=(32, 28, 28)]
INFO:latte:    ensemble47 [shape=(96, 28, 28)]
INFO:latte:    ensemble48 [shape=(96, 28, 28)]
INFO:latte:    ensemble49 [shape=(96, 28, 28)]
INFO:latte:    ensemble50 [shape=(256, 28, 28)]
INFO:latte:    ensemble51 [shape=(64, 28, 28)]
INFO:latte:    ensemble52 [shape=(64, 28, 28)]
INFO:latte:    ensemble53 [shape=(64, 28, 28)]
INFO:latte:    ensemble54 [shape=(480, 28, 28)]
INFO:latte:    ensemble55 [shape=(480, 14, 14)]
INFO:latte:    ensemble56 [shape=(192, 14, 14)]
INFO:latte:    ensemble57 [shape=(192, 14, 14)]
INFO:latte:    ensemble58 [shape=(192, 14, 14)]
INFO:latte:    ensemble59 [shape=(96, 14, 14)]
INFO:latte:    ensemble60 [shape=(96, 14, 14)]
INFO:latte:    ensemble61 [shape=(96, 14, 14)]
INFO:latte:    ensemble62 [shape=(208, 14, 14)]
INFO:latte:    ensemble63 [shape=(208, 14, 14)]
INFO:latte:    ensemble64 [shape=(208, 14, 14)]
INFO:latte:    ensemble65 [shape=(16, 14, 14)]
INFO:latte:    ensemble66 [shape=(16, 14, 14)]
INFO:latte:    ensemble67 [shape=(16, 14, 14)]
INFO:latte:    ensemble68 [shape=(48, 14, 14)]
INFO:latte:    ensemble69 [shape=(48, 14, 14)]
INFO:latte:    ensemble70 [shape=(48, 14, 14)]
INFO:latte:    ensemble71 [shape=(480, 14, 14)]
INFO:latte:    ensemble72 [shape=(64, 14, 14)]
INFO:latte:    ensemble73 [shape=(64, 14, 14)]
INFO:latte:    ensemble74 [shape=(64, 14, 14)]
INFO:latte:    ensemble75 [shape=(512, 14, 14)]
INFO:latte:    ensemble76 [shape=(512, 4, 4)]
INFO:latte:    ensemble77 [shape=(128, 4, 4)]
INFO:latte:    ensemble78 [shape=(128, 4, 4)]
INFO:latte:    ensemble79 [shape=(128, 4, 4)]
INFO:latte:    ensemble80 [shape=(1024,)]
INFO:latte:    ensemble81 [shape=(1024,)]
INFO:latte:    ensemble82 [shape=(1024,)]
INFO:latte:    ensemble83 [shape=(1008,)]
INFO:latte:    ensemble84 [shape=(1008,)]
INFO:latte:    ensemble85 [shape=(160, 14, 14)]
INFO:latte:    ensemble86 [shape=(160, 14, 14)]
INFO:latte:    ensemble87 [shape=(160, 14, 14)]
INFO:latte:    ensemble88 [shape=(112, 14, 14)]
INFO:latte:    ensemble89 [shape=(112, 14, 14)]
INFO:latte:    ensemble90 [shape=(112, 14, 14)]
INFO:latte:    ensemble91 [shape=(224, 14, 14)]
INFO:latte:    ensemble92 [shape=(224, 14, 14)]
INFO:latte:    ensemble93 [shape=(224, 14, 14)]
INFO:latte:    ensemble94 [shape=(32, 14, 14)]
INFO:latte:    ensemble95 [shape=(32, 14, 14)]
INFO:latte:    ensemble96 [shape=(32, 14, 14)]
INFO:latte:    ensemble97 [shape=(64, 14, 14)]
INFO:latte:    ensemble98 [shape=(64, 14, 14)]
INFO:latte:    ensemble99 [shape=(64, 14, 14)]
INFO:latte:    ensemble100 [shape=(512, 14, 14)]
INFO:latte:    ensemble101 [shape=(64, 14, 14)]
INFO:latte:    ensemble102 [shape=(64, 14, 14)]
INFO:latte:    ensemble103 [shape=(64, 14, 14)]
INFO:latte:    ensemble104 [shape=(512, 14, 14)]
INFO:latte:    ensemble105 [shape=(128, 14, 14)]
INFO:latte:    ensemble106 [shape=(128, 14, 14)]
INFO:latte:    ensemble107 [shape=(128, 14, 14)]
INFO:latte:    ensemble108 [shape=(128, 14, 14)]
INFO:latte:    ensemble109 [shape=(128, 14, 14)]
INFO:latte:    ensemble110 [shape=(128, 14, 14)]
INFO:latte:    ensemble111 [shape=(256, 14, 14)]
INFO:latte:    ensemble112 [shape=(256, 14, 14)]
INFO:latte:    ensemble113 [shape=(256, 14, 14)]
INFO:latte:    ensemble114 [shape=(32, 14, 14)]
INFO:latte:    ensemble115 [shape=(32, 14, 14)]
INFO:latte:    ensemble116 [shape=(32, 14, 14)]
INFO:latte:    ensemble117 [shape=(64, 14, 14)]
INFO:latte:    ensemble118 [shape=(64, 14, 14)]
INFO:latte:    ensemble119 [shape=(64, 14, 14)]
INFO:latte:    ensemble120 [shape=(512, 14, 14)]
INFO:latte:    ensemble121 [shape=(64, 14, 14)]
INFO:latte:    ensemble122 [shape=(64, 14, 14)]
INFO:latte:    ensemble123 [shape=(64, 14, 14)]
INFO:latte:    ensemble124 [shape=(512, 14, 14)]
INFO:latte:    ensemble125 [shape=(112, 14, 14)]
INFO:latte:    ensemble126 [shape=(112, 14, 14)]
INFO:latte:    ensemble127 [shape=(112, 14, 14)]
INFO:latte:    ensemble128 [shape=(144, 14, 14)]
INFO:latte:    ensemble129 [shape=(144, 14, 14)]
INFO:latte:    ensemble130 [shape=(144, 14, 14)]
INFO:latte:    ensemble131 [shape=(288, 14, 14)]
INFO:latte:    ensemble132 [shape=(288, 14, 14)]
INFO:latte:    ensemble133 [shape=(288, 14, 14)]
INFO:latte:    ensemble134 [shape=(32, 14, 14)]
INFO:latte:    ensemble135 [shape=(32, 14, 14)]
INFO:latte:    ensemble136 [shape=(32, 14, 14)]
INFO:latte:    ensemble137 [shape=(64, 14, 14)]
INFO:latte:    ensemble138 [shape=(64, 14, 14)]
INFO:latte:    ensemble139 [shape=(64, 14, 14)]
INFO:latte:    ensemble140 [shape=(512, 14, 14)]
INFO:latte:    ensemble141 [shape=(64, 14, 14)]
INFO:latte:    ensemble142 [shape=(64, 14, 14)]
INFO:latte:    ensemble143 [shape=(64, 14, 14)]
INFO:latte:    ensemble144 [shape=(528, 14, 14)]
INFO:latte:    ensemble145 [shape=(528, 4, 4)]
INFO:latte:    ensemble146 [shape=(128, 4, 4)]
INFO:latte:    ensemble147 [shape=(128, 4, 4)]
INFO:latte:    ensemble148 [shape=(128, 4, 4)]
INFO:latte:    ensemble149 [shape=(1024,)]
INFO:latte:    ensemble150 [shape=(1024,)]
INFO:latte:    ensemble151 [shape=(1024,)]
INFO:latte:    ensemble152 [shape=(1008,)]
INFO:latte:    ensemble153 [shape=(1008,)]
INFO:latte:    ensemble154 [shape=(256, 14, 14)]
INFO:latte:    ensemble155 [shape=(256, 14, 14)]
INFO:latte:    ensemble156 [shape=(256, 14, 14)]
INFO:latte:    ensemble157 [shape=(160, 14, 14)]
INFO:latte:    ensemble158 [shape=(160, 14, 14)]
INFO:latte:    ensemble159 [shape=(160, 14, 14)]
INFO:latte:    ensemble160 [shape=(320, 14, 14)]
INFO:latte:    ensemble161 [shape=(320, 14, 14)]
INFO:latte:    ensemble162 [shape=(320, 14, 14)]
INFO:latte:    ensemble163 [shape=(32, 14, 14)]
INFO:latte:    ensemble164 [shape=(32, 14, 14)]
INFO:latte:    ensemble165 [shape=(32, 14, 14)]
INFO:latte:    ensemble166 [shape=(128, 14, 14)]
INFO:latte:    ensemble167 [shape=(128, 14, 14)]
INFO:latte:    ensemble168 [shape=(128, 14, 14)]
INFO:latte:    ensemble169 [shape=(528, 14, 14)]
INFO:latte:    ensemble170 [shape=(128, 14, 14)]
INFO:latte:    ensemble171 [shape=(128, 14, 14)]
INFO:latte:    ensemble172 [shape=(128, 14, 14)]
INFO:latte:    ensemble173 [shape=(832, 14, 14)]
INFO:latte:    ensemble174 [shape=(832, 7, 7)]
INFO:latte:    ensemble175 [shape=(256, 7, 7)]
INFO:latte:    ensemble176 [shape=(256, 7, 7)]
INFO:latte:    ensemble177 [shape=(256, 7, 7)]
INFO:latte:    ensemble178 [shape=(160, 7, 7)]
INFO:latte:    ensemble179 [shape=(160, 7, 7)]
INFO:latte:    ensemble180 [shape=(160, 7, 7)]
INFO:latte:    ensemble181 [shape=(320, 7, 7)]
INFO:latte:    ensemble182 [shape=(320, 7, 7)]
INFO:latte:    ensemble183 [shape=(320, 7, 7)]
INFO:latte:    ensemble184 [shape=(32, 7, 7)]
INFO:latte:    ensemble185 [shape=(32, 7, 7)]
INFO:latte:    ensemble186 [shape=(32, 7, 7)]
INFO:latte:    ensemble187 [shape=(128, 7, 7)]
INFO:latte:    ensemble188 [shape=(128, 7, 7)]
INFO:latte:    ensemble189 [shape=(128, 7, 7)]
INFO:latte:    ensemble190 [shape=(832, 7, 7)]
INFO:latte:    ensemble191 [shape=(128, 7, 7)]
INFO:latte:    ensemble192 [shape=(128, 7, 7)]
INFO:latte:    ensemble193 [shape=(128, 7, 7)]
INFO:latte:    ensemble194 [shape=(832, 7, 7)]
INFO:latte:    ensemble195 [shape=(384, 7, 7)]
INFO:latte:    ensemble196 [shape=(384, 7, 7)]
INFO:latte:    ensemble197 [shape=(384, 7, 7)]
INFO:latte:    ensemble198 [shape=(192, 7, 7)]
INFO:latte:    ensemble199 [shape=(192, 7, 7)]
INFO:latte:    ensemble200 [shape=(192, 7, 7)]
INFO:latte:    ensemble201 [shape=(384, 7, 7)]
INFO:latte:    ensemble202 [shape=(384, 7, 7)]
INFO:latte:    ensemble203 [shape=(384, 7, 7)]
INFO:latte:    ensemble204 [shape=(48, 7, 7)]
INFO:latte:    ensemble205 [shape=(48, 7, 7)]
INFO:latte:    ensemble206 [shape=(48, 7, 7)]
INFO:latte:    ensemble207 [shape=(128, 7, 7)]
INFO:latte:    ensemble208 [shape=(128, 7, 7)]
INFO:latte:    ensemble209 [shape=(128, 7, 7)]
INFO:latte:    ensemble210 [shape=(832, 7, 7)]
INFO:latte:    ensemble211 [shape=(128, 7, 7)]
INFO:latte:    ensemble212 [shape=(128, 7, 7)]
INFO:latte:    ensemble213 [shape=(128, 7, 7)]
INFO:latte:    ensemble214 [shape=(1024, 7, 7)]
INFO:latte:    ensemble215 [shape=(1024, 1, 1)]
INFO:latte:    ensemble216 [shape=(1008,)]
INFO:latte:    ensemble217 [shape=(1008,)]
INFO:latte:Finished compiling Net
	times[0] = 0.137707
	times[0] = 0.00341392
	times[0] = 0.00315094
	times[0] = 0.0134881
	times[0] = 0.106725
	times[0] = 0.00638199
	times[0] = 0.000937939
	times[0] = 0.000949144
	times[0] = 0.031785
	times[0] = 0.00251889
	times[0] = 0.00271797
	times[0] = 0.0499251
	times[0] = 0.00960279
	times[0] = 0.010056
	times[0] = 0.000226974
	times[0] = 0.000211
	times[0] = 0.0210321
	times[0] = 0.000426054
	times[0] = 0.000334024
	times[0] = 0.0192671
	times[0] = 0.000425816
	times[0] = 0.000457764
	times[0] = 0.0205278
	times[0] = 8.41618e-05
	times[0] = 6.60419e-05
	times[0] = 0.0264781
	times[0] = 0.000124931
	times[0] = 0.000104189
	times[0] = 0.00970006
	times[0] = 0.00592804
	times[0] = 0.000127077
	times[0] = 0.000103951
	times[0] = 0.00248909
	times[0] = 0.0262511
	times[0] = 0.000461102
	times[0] = 0.000422955
	times[0] = 0.0245359
	times[0] = 0.000499964
	times[0] = 0.000496864
	times[0] = 0.0251939
	times[0] = 0.000647068
	times[0] = 0.000652075
	times[0] = 0.00462413
	times[0] = 0.000205994
	times[0] = 0.00011301
	times[0] = 0.0282741
	times[0] = 0.00032711
	times[0] = 0.00032115
	times[0] = 0.013809
	times[0] = 0.0323801
	times[0] = 0.00026083
	times[0] = 0.000211
	times[0] = 0.00284696
	times[0] = 0.00759411
	times[0] = 0.0279281
	times[0] = 0.00020504
	times[0] = 0.000158072
	times[0] = 0.0183151
	times[0] = 0.000249863
	times[0] = 0.000104189
	times[0] = 0.0135369
	times[0] = 0.000190973
	times[0] = 0.000171185
	times[0] = 0.021523
	times[0] = 4.60148e-05
	times[0] = 2.81334e-05
	times[0] = 0.0165992
	times[0] = 5.88894e-05
	times[0] = 4.69685e-05
	times[0] = 0.00650191
	times[0] = 0.017549
	times[0] = 8.60691e-05
	times[0] = 5.79357e-05
	times[0] = 0.0018599
	times[0] = 0.028605
	times[0] = 0.00729299
	times[0] = 0.000306845
	times[0] = 0.000277996
	times[0] = 0.01336
	times[0] = 4.00543e-05
	times[0] = 2.12193e-05
	times[0] = 0.0125589
	times[0] = 4.3869e-05
	times[0] = 0.03023
	times[0] = 0.000165939
	times[0] = 0.000138044
	times[0] = 0.0306079
	times[0] = 0.000213146
	times[0] = 9.82285e-05
	times[0] = 0.0116348
	times[0] = 0.000203133
	times[0] = 0.00018692
	times[0] = 0.029165
	times[0] = 0.000100851
	times[0] = 4.1008e-05
	times[0] = 0.031204
	times[0] = 8.58307e-05
	times[0] = 5.88894e-05
	times[0] = 0.00749612
	times[0] = 0.016144
	times[0] = 8.08239e-05
	times[0] = 5.88894e-05
	times[0] = 0.001544
	times[0] = 0.019496
	times[0] = 0.000128031
	times[0] = 0.000103951
	times[0] = 0.0193861
	times[0] = 0.000221968
	times[0] = 0.00010705
	times[0] = 0.020689
	times[0] = 0.000231028
	times[0] = 0.000233889
	times[0] = 0.0154991
	times[0] = 0.000117064
	times[0] = 3.8147e-05
	times[0] = 0.0116169
	times[0] = 7.70092e-05
	times[0] = 8.79765e-05
	times[0] = 0.00755906
	times[0] = 0.0307281
	times[0] = 8.08239e-05
	times[0] = 5.81741e-05
	times[0] = 0.00178695
	times[0] = 0.0211391
	times[0] = 0.000138998
	times[0] = 9.32217e-05
	times[0] = 0.028708
	times[0] = 0.000213146
	times[0] = 0.000118971
	times[0] = 0.02827
	times[0] = 0.000256062
	times[0] = 0.000273943
	times[0] = 0.000727892
	times[0] = 0.000164986
	times[0] = 4.19617e-05
	times[0] = 0.0289509
	times[0] = 7.20024e-05
	times[0] = 7.29561e-05
	times[0] = 0.0068779
	times[0] = 0.011189
	times[0] = 8.29697e-05
	times[0] = 5.91278e-05
	times[0] = 0.00167394
	times[0] = 0.018352
	times[0] = 0.00702095
	times[0] = 0.000200033
	times[0] = 0.000216961
	times[0] = 0.010608
	times[0] = 4.19617e-05
	times[0] = 2.28882e-05
	times[0] = 0.0125592
	times[0] = 4.1008e-05
	times[0] = 0.0148129
	times[0] = 0.000234127
	times[0] = 0.000216961
	times[0] = 0.0293839
	times[0] = 0.000228167
	times[0] = 0.000134945
	times[0] = 0.030015
	times[0] = 0.000290871
	times[0] = 0.000275135
	times[0] = 0.0241868
	times[0] = 0.000117064
	times[0] = 3.98159e-05
	times[0] = 0.0228701
	times[0] = 0.000128984
	times[0] = 0.000104904
	times[0] = 0.00771618
	times[0] = 0.032347
	times[0] = 0.000149965
	times[0] = 0.000106096
	times[0] = 0.00198817
	times[0] = 0.0034759
	times[0] = 0.0312409
	times[0] = 8.39233e-05
	times[0] = 5.98431e-05
	times[0] = 0.0296619
	times[0] = 0.000145912
	times[0] = 4.50611e-05
	times[0] = 0.0261788
	times[0] = 0.000123978
	times[0] = 7.20024e-05
	times[0] = 0.0150051
	times[0] = 0.000114918
	times[0] = 2.31266e-05
	times[0] = 0.032717
	times[0] = 5.19753e-05
	times[0] = 3.71933e-05
	times[0] = 0.003618
	times[0] = 0.024992
	times[0] = 5.88894e-05
	times[0] = 3.69549e-05
	times[0] = 0.00116515
	times[0] = 0.0150161
	times[0] = 0.00010705
	times[0] = 8.29697e-05
	times[0] = 0.025646
	times[0] = 0.000209093
	times[0] = 5.10216e-05
	times[0] = 0.0208941
	times[0] = 0.000140905
	times[0] = 8.29697e-05
	times[0] = 0.019202
	times[0] = 9.67979e-05
	times[0] = 2.71797e-05
	times[0] = 0.0159039
	times[0] = 5.79357e-05
	times[0] = 3.69549e-05
	times[0] = 0.00348496
	times[0] = 0.0275121
	times[0] = 5.91278e-05
	times[0] = 3.69549e-05
	times[0] = 0.00118589
	times[0] = 0.00725389
	times[0] = 0.012392
	times[0] = 4.00543e-05
	times[0] = 0.0494909
	times[0] = 0.00338411
	times[0] = 0.00319004
	times[0] = 0.011667
	times[0] = 0.0158761
	times[0] = 0.00189996
	times[0] = 0.000863075
	times[0] = 0.000947952
	times[0] = 0.024055
	times[0] = 0.00244808
	times[0] = 0.00272799
	times[0] = 0.0481131
	times[0] = 0.00827289
	times[0] = 0.00164294
	times[0] = 0.000253916
	times[0] = 0.000212193
	times[0] = 0.001647
	times[0] = 0.000369072
	times[0] = 0.000370026
	times[0] = 0.00613999
	times[0] = 0.000463009
	times[0] = 0.000462055
	times[0] = 0.000362158
	times[0] = 8.39233e-05
	times[0] = 6.60419e-05
	times[0] = 0.000687838
	times[0] = 0.000138998
	times[0] = 0.000106812
	times[0] = 0.00812912
	times[0] = 0.000584841
	times[0] = 0.000130892
	times[0] = 0.000103951
	times[0] = 0.000724077
	times[0] = 0.00298691
	times[0] = 0.000427008
	times[0] = 0.000420094
	times[0] = 0.00306201
	times[0] = 0.000452995
	times[0] = 0.000499964
	times[0] = 0.0124249
	times[0] = 0.000618935
	times[0] = 0.000609875
	times[0] = 0.000859022
	times[0] = 0.000135899
	times[0] = 0.000112057
	times[0] = 0.00404906
	times[0] = 0.000324011
	times[0] = 0.000320911
	times[0] = 0.010663
	times[0] = 0.00160503
	times[0] = 0.000265121
	times[0] = 0.000207901
	times[0] = 0.00133395
	times[0] = 0.00559711
	times[0] = 0.00183201
	times[0] = 0.000173807
	times[0] = 0.000153065
	times[0] = 0.000923872
	times[0] = 0.00011611
	times[0] = 8.10623e-05
	times[0] = 0.00258112
	times[0] = 0.000222921
	times[0] = 0.000169992
	times[0] = 0.000263929
	times[0] = 4.29153e-05
	times[0] = 2.69413e-05
	times[0] = 0.000290155
	times[0] = 5.4121e-05
	times[0] = 4.60148e-05
	times[0] = 0.00497007
	times[0] = 0.000727892
	times[0] = 7.58171e-05
	times[0] = 5.6982e-05
	times[0] = 0.000404835
	times[0] = 0.0016911
	times[0] = 0.000279903
	times[0] = 5.10216e-05
	times[0] = 4.29153e-05
	times[0] = 0.000997066
	times[0] = 4.1008e-05
	times[0] = 2.28882e-05
	times[0] = 0.00028491
	times[0] = 3.69549e-05
	times[0] = 0.00167203
	times[0] = 0.00019908
	times[0] = 0.000138998
	times[0] = 0.00122499
	times[0] = 0.000124931
	times[0] = 9.91821e-05
	times[0] = 0.00323701
	times[0] = 0.000202894
	times[0] = 0.000193119
	times[0] = 0.000433922
	times[0] = 5.57899e-05
	times[0] = 3.88622e-05
	times[0] = 0.000669003
	times[0] = 7.48634e-05
	times[0] = 5.79357e-05
	times[0] = 0.00546885
	times[0] = 0.000710964
	times[0] = 7.98702e-05
	times[0] = 5.88894e-05
	times[0] = 0.000386953
	times[0] = 0.0014019
	times[0] = 0.000164986
	times[0] = 0.000104904
	times[0] = 0.00134206
	times[0] = 0.000146151
	times[0] = 0.000105858
	times[0] = 0.00416303
	times[0] = 0.000227928
	times[0] = 0.000216007
	times[0] = 0.000427008
	times[0] = 5.79357e-05
	times[0] = 3.69549e-05
	times[0] = 0.000662088
	times[0] = 7.20024e-05
	times[0] = 5.6982e-05
	times[0] = 0.00548506
	times[0] = 0.00072813
	times[0] = 7.89165e-05
	times[0] = 5.79357e-05
	times[0] = 0.000383139
	times[0] = 0.00120306
	times[0] = 0.00011611
	times[0] = 0.000124931
	times[0] = 0.001436
	times[0] = 0.000156879
	times[0] = 0.000118017
	times[0] = 0.00538301
	times[0] = 0.000260115
	times[0] = 0.000241995
	times[0] = 0.000452042
	times[0] = 5.81741e-05
	times[0] = 3.79086e-05
	times[0] = 0.000660896
	times[0] = 7.20024e-05
	times[0] = 0.000123024
	times[0] = 0.00579309
	times[0] = 0.000710964
	times[0] = 7.9155e-05
	times[0] = 5.91278e-05
	times[0] = 0.00039196
	times[0] = 0.00174809
	times[0] = 0.000261068
	times[0] = 4.91142e-05
	times[0] = 4.00543e-05
	times[0] = 0.000900984
	times[0] = 3.69549e-05
	times[0] = 2.09808e-05
	times[0] = 0.000282049
	times[0] = 3.71933e-05
	times[0] = 0.00260806
	times[0] = 0.00026989
	times[0] = 0.000221014
	times[0] = 0.001894
	times[0] = 0.000178099
	times[0] = 0.000136137
	times[0] = 0.0066309
	times[0] = 0.000298977
	times[0] = 0.000310183
	times[0] = 0.000470877
	times[0] = 5.88894e-05
	times[0] = 3.71933e-05
	times[0] = 0.00132298
	times[0] = 0.000127077
	times[0] = 0.000128984
	times[0] = 0.00592279
	times[0] = 0.00133204
	times[0] = 0.000130892
	times[0] = 0.000106096
	times[0] = 0.000584126
	times[0] = 0.00237489
	times[0] = 0.00133395
	times[0] = 7.70092e-05
	times[0] = 5.91278e-05
	times[0] = 0.000863075
	times[0] = 6.50883e-05
	times[0] = 4.31538e-05
	times[0] = 0.00235105
	times[0] = 8.89301e-05
	times[0] = 7.10487e-05
	times[0] = 0.000211954
	times[0] = 6.69956e-05
	times[0] = 2.28882e-05
	times[0] = 0.000496149
	times[0] = 5.10216e-05
	times[0] = 3.69549e-05
	times[0] = 0.00234818
	times[0] = 0.000712872
	times[0] = 5.29289e-05
	times[0] = 3.60012e-05
	times[0] = 0.00016284
	times[0] = 0.00190997
	times[0] = 0.000104904
	times[0] = 8.2016e-05
	times[0] = 0.00103402
	times[0] = 7.41482e-05
	times[0] = 4.81606e-05
	times[0] = 0.00338793
	times[0] = 0.000102997
	times[0] = 8.01086e-05
	times[0] = 0.000296116
	times[0] = 4.19617e-05
	times[0] = 2.69413e-05
	times[0] = 0.000766993
	times[0] = 5.10216e-05
	times[0] = 3.69549e-05
	times[0] = 0.00236392
	times[0] = 0.000702143
	times[0] = 5.31673e-05
	times[0] = 3.8147e-05
	times[0] = 0.000200033
	times[0] = 0.000457048
	times[0] = 0.000300169
	times[0] = 3.69549e-05
	times[0] = 0.0492189
	times[0] = 0.00336099
	times[0] = 0.00314593
	times[0] = 0.0116401
	times[0] = 0.0158839
	times[0] = 0.00189686
	times[0] = 0.000862122
	times[0] = 0.000943184
	times[0] = 0.024061
	times[0] = 0.00240183
	times[0] = 0.00272417
	times[0] = 0.04809
	times[0] = 0.00829101
	times[0] = 0.00111699
	times[0] = 0.000226021
	times[0] = 0.000240088
	times[0] = 0.00165105
	times[0] = 0.000336885
	times[0] = 0.000335932
	times[0] = 0.0061419
	times[0] = 0.0004251
	times[0] = 0.0004251
	times[0] = 0.000356913
	times[0] = 8.29697e-05
	times[0] = 0.000104904
	times[0] = 0.000684977
	times[0] = 0.000117064
	times[0] = 0.000103951
	times[0] = 0.00811887
	times[0] = 0.000628948
	times[0] = 0.000125885
	times[0] = 0.000102997
	times[0] = 0.000727892
	times[0] = 0.00297999
	times[0] = 0.00050807
	times[0] = 0.000454903
	times[0] = 0.00308108
	times[0] = 0.00049305
	times[0] = 0.000535011
	times[0] = 0.012454
	times[0] = 0.000664949
	times[0] = 0.000650883
	times[0] = 0.000915051
	times[0] = 0.000133038
	times[0] = 0.000112772
	times[0] = 0.0040431
	times[0] = 0.000326872
	times[0] = 0.000323057
	times[0] = 0.010673
	times[0] = 0.001616
	times[0] = 0.000221014
	times[0] = 0.000241041
	times[0] = 0.00132799
	times[0] = 0.00559592
	times[0] = 0.00182796
	times[0] = 0.000177145
	times[0] = 0.000161171
	times[0] = 0.000936031
	times[0] = 0.000118971
	times[0] = 8.60691e-05
	times[0] = 0.00258493
	times[0] = 0.000189066
	times[0] = 0.00019908
	times[0] = 0.000298023
	times[0] = 4.69685e-05
	times[0] = 2.59876e-05
	times[0] = 0.000273943
	times[0] = 5.50747e-05
	times[0] = 4.60148e-05
	times[0] = 0.00497103
	times[0] = 0.000710964
	times[0] = 7.9155e-05
	times[0] = 5.81741e-05
	times[0] = 0.000448227
	times[0] = 0.00168014
	times[0] = 0.000256062
	times[0] = 5.29289e-05
	times[0] = 4.00543e-05
	times[0] = 0.00101304
	times[0] = 3.91006e-05
	times[0] = 2.19345e-05
	times[0] = 0.000257015
	times[0] = 4.1008e-05
	times[0] = 0.00169206
	times[0] = 0.000159025
	times[0] = 0.000143051
	times[0] = 0.00116301
	times[0] = 0.000126123
	times[0] = 9.98974e-05
	times[0] = 0.00324106
	times[0] = 0.000201941
	times[0] = 0.000225067
	times[0] = 0.000399113
	times[0] = 6.10352e-05
	times[0] = 3.60012e-05
	times[0] = 0.00127912
	times[0] = 7.58171e-05
	times[0] = 8.2016e-05
	times[0] = 0.0056541
	times[0] = 0.000717878
	times[0] = 7.89165e-05
	times[0] = 5.79357e-05
	times[0] = 0.000386953
	times[0] = 0.00132895
	times[0] = 0.000130177
	times[0] = 0.000144958
	times[0] = 0.00132799
	times[0] = 0.000157833
	times[0] = 0.000108004
	times[0] = 0.00417495
	times[0] = 0.000230074
	times[0] = 0.000247002
	times[0] = 0.000427008
	times[0] = 6.07967e-05
	times[0] = 3.69549e-05
	times[0] = 0.000684023
	times[0] = 6.98566e-05
	times[0] = 5.88894e-05
	times[0] = 0.00546503
	times[0] = 0.000663042
	times[0] = 8.32081e-05
	times[0] = 5.79357e-05
	times[0] = 0.000412941
	times[0] = 0.00117898
	times[0] = 0.000117064
	times[0] = 9.20296e-05
	times[0] = 0.001477
	times[0] = 0.00015378
	times[0] = 0.000120163
	times[0] = 0.00531793
	times[0] = 0.000255108
	times[0] = 0.000272989
	times[0] = 0.000400066
	times[0] = 6.31809e-05
	times[0] = 3.79086e-05
	times[0] = 0.000684023
	times[0] = 6.8903e-05
	times[0] = 5.88894e-05
	times[0] = 0.00545096
	times[0] = 0.000672102
	times[0] = 8.51154e-05
	times[0] = 5.88894e-05
	times[0] = 0.00041604
	times[0] = 0.00175691
	times[0] = 0.000286102
	times[0] = 5.10216e-05
	times[0] = 4.41074e-05
	times[0] = 0.00089097
	times[0] = 3.88622e-05
	times[0] = 2.19345e-05
	times[0] = 0.000257015
	times[0] = 4.19617e-05
	times[0] = 0.00260711
	times[0] = 0.000234127
	times[0] = 0.000220776
	times[0] = 0.0016799
	times[0] = 0.000209093
	times[0] = 0.000139952
	times[0] = 0.00662899
	times[0] = 0.000328064
	times[0] = 0.00027585
	times[0] = 0.000439882
	times[0] = 6.29425e-05
	times[0] = 3.69549e-05
	times[0] = 0.00131297
	times[0] = 0.000124931
	times[0] = 0.00010705
	times[0] = 0.00587821
	times[0] = 0.00130796
	times[0] = 0.000131845
	times[0] = 0.000103951
	times[0] = 0.000633955
	times[0] = 0.00241208
	times[0] = 0.00136995
	times[0] = 7.79629e-05
	times[0] = 5.79357e-05
	times[0] = 0.000861168
	times[0] = 7.00951e-05
	times[0] = 4.19617e-05
	times[0] = 0.00236416
	times[0] = 9.29832e-05
	times[0] = 6.91414e-05
	times[0] = 0.000222921
	times[0] = 3.60012e-05
	times[0] = 2.21729e-05
	times[0] = 0.000504017
	times[0] = 4.98295e-05
	times[0] = 3.88622e-05
	times[0] = 0.00238514
	times[0] = 0.00067997
	times[0] = 6.00815e-05
	times[0] = 3.71933e-05
	times[0] = 0.000197172
	times[0] = 0.00191998
	times[0] = 0.000102997
	times[0] = 8.4877e-05
	times[0] = 0.00106502
	times[0] = 7.20024e-05
	times[0] = 5.10216e-05
	times[0] = 0.00340104
	times[0] = 0.000106096
	times[0] = 8.10623e-05
	times[0] = 0.000319004
	times[0] = 3.98159e-05
	times[0] = 2.38419e-05
	times[0] = 0.000742197
	times[0] = 5.60284e-05
	times[0] = 3.69549e-05
	times[0] = 0.00239992
	times[0] = 0.000711203
	times[0] = 5.4121e-05
	times[0] = 3.69549e-05
	times[0] = 0.000200033
	times[0] = 0.000459194
	times[0] = 0.000265121
	times[0] = 4.22001e-05
	times[0] = 0.0492511
	times[0] = 0.00337291
	times[0] = 0.00317907
	times[0] = 0.0116801
	times[0] = 0.015877
	times[0] = 0.00190711
	times[0] = 0.000890017
	times[0] = 0.00099802
	times[0] = 0.0240831
	times[0] = 0.00247478
	times[0] = 0.00271893
	times[0] = 0.048111
	times[0] = 0.00828695
	times[0] = 0.00114989
	times[0] = 0.000224113
	times[0] = 0.000239134
	times[0] = 0.00164795
	times[0] = 0.000336885
	times[0] = 0.000334978
	times[0] = 0.00621915
	times[0] = 0.000427961
	times[0] = 0.000423193
	times[0] = 0.000363827
	times[0] = 8.2016e-05
	times[0] = 6.8903e-05
	times[0] = 0.000682116
	times[0] = 0.000118971
	times[0] = 0.000104189
	times[0] = 0.00816703
	times[0] = 0.000625134
	times[0] = 0.000128984
	times[0] = 0.000104189
	times[0] = 0.000724077
	times[0] = 0.00305605
	times[0] = 0.000427008
	times[0] = 0.00045681
	times[0] = 0.00305605
	times[0] = 0.000452042
	times[0] = 0.000535011
	times[0] = 0.0124519
	times[0] = 0.000662088
	times[0] = 0.000646114
	times[0] = 0.000896215
	times[0] = 0.000170946
	times[0] = 0.000110149
	times[0] = 0.00403595
	times[0] = 0.000325918
	times[0] = 0.000360012
	times[0] = 0.0106521
	times[0] = 0.00160503
	times[0] = 0.000221014
	times[0] = 0.000247002
	times[0] = 0.00132203
	times[0] = 0.00594401
	times[0] = 0.00179505
	times[0] = 0.000175953
	times[0] = 0.000154018
	times[0] = 0.00100517
	times[0] = 0.000117779
	times[0] = 8.39233e-05
	times[0] = 0.00257683
	times[0] = 0.000190973
	times[0] = 0.000169039
	times[0] = 0.000272989
	times[0] = 4.19617e-05
	times[0] = 2.59876e-05
	times[0] = 0.000272989
	times[0] = 5.29289e-05
	times[0] = 4.60148e-05
	times[0] = 0.00497508
	times[0] = 0.000684023
	times[0] = 7.70092e-05
	times[0] = 5.79357e-05
	times[0] = 0.000400782
	times[0] = 0.00166202
	times[0] = 0.000252008
	times[0] = 5.10216e-05
	times[0] = 4.3869e-05
	times[0] = 0.00100207
	times[0] = 3.71933e-05
	times[0] = 2.00272e-05
	times[0] = 0.000257015
	times[0] = 3.50475e-05
	times[0] = 0.00167608
	times[0] = 0.000159979
	times[0] = 0.000136852
	times[0] = 0.00116801
	times[0] = 0.000125885
	times[0] = 0.000101089
	times[0] = 0.00322294
	times[0] = 0.00020504
	times[0] = 0.00019002
	times[0] = 0.000404835
	times[0] = 5.88894e-05
	times[0] = 4.00543e-05
	times[0] = 0.000693083
	times[0] = 7.10487e-05
	times[0] = 5.91278e-05
	times[0] = 0.00546408
	times[0] = 0.000706911
	times[0] = 0.000110865
	times[0] = 5.79357e-05
	times[0] = 0.00039196
	times[0] = 0.00135779
	times[0] = 0.000128031
	times[0] = 0.000101805
	times[0] = 0.00128508
	times[0] = 0.000147104
	times[0] = 0.00010705
	times[0] = 0.00416684
	times[0] = 0.000262976
	times[0] = 0.000211
	times[0] = 0.000447989
	times[0] = 5.6982e-05
	times[0] = 3.69549e-05
	times[0] = 0.000665903
	times[0] = 7.20024e-05
	times[0] = 5.88894e-05
	times[0] = 0.00597191
	times[0] = 0.000737906
	times[0] = 8.39233e-05
	times[0] = 6.41346e-05
	times[0] = 0.000422955
	times[0] = 0.00120282
	times[0] = 0.000118017
	times[0] = 9.20296e-05
	times[0] = 0.00141191
	times[0] = 0.000159025
	times[0] = 0.000121117
	times[0] = 0.00532818
	times[0] = 0.000259161
	times[0] = 0.000272036
	times[0] = 0.000432968
	times[0] = 6.38962e-05
	times[0] = 3.8147e-05
	times[0] = 0.000678062
	times[0] = 7.10487e-05
	times[0] = 5.91278e-05
	times[0] = 0.00543594
	times[0] = 0.000678062
	times[0] = 8.29697e-05
	times[0] = 5.79357e-05
	times[0] = 0.000416994
	times[0] = 0.00175095
	times[0] = 0.000283003
	times[0] = 5.07832e-05
	times[0] = 4.41074e-05
	times[0] = 0.000887871
	times[0] = 3.79086e-05
	times[0] = 2.19345e-05
	times[0] = 0.000257015
	times[0] = 4.00543e-05
	times[0] = 0.00261593
	times[0] = 0.000235081
	times[0] = 0.000217915
	times[0] = 0.00170779
	times[0] = 0.000212908
	times[0] = 0.000143051
	times[0] = 0.00663996
	times[0] = 0.000325918
	times[0] = 0.000272989
	times[0] = 0.000420809
	times[0] = 6.38962e-05
	times[0] = 3.91006e-05
	times[0] = 0.00130701
	times[0] = 0.000125885
	times[0] = 0.000104904
	times[0] = 0.00594115
	times[0] = 0.00130486
	times[0] = 0.000164986
	times[0] = 0.000105858
	times[0] = 0.000648022
	times[0] = 0.00241494
	times[0] = 0.00137401
	times[0] = 7.89165e-05
	times[0] = 5.91278e-05
	times[0] = 0.000857115
	times[0] = 6.81877e-05
	times[0] = 4.41074e-05
	times[0] = 0.00236607
	times[0] = 8.98838e-05
	times[0] = 6.91414e-05
	times[0] = 0.000273943
	times[0] = 3.50475e-05
	times[0] = 2.09808e-05
	times[0] = 0.000500917
	times[0] = 4.91142e-05
	times[0] = 4.00543e-05
	times[0] = 0.00234294
	times[0] = 0.000676155
	times[0] = 5.88894e-05
	times[0] = 3.69549e-05
	times[0] = 0.000159025
	times[0] = 0.00191784
	times[0] = 0.000104904
	times[0] = 0.000113964
	times[0] = 0.00103807
	times[0] = 7.48634e-05
	times[0] = 5.22137e-05
	times[0] = 0.00338101
	times[0] = 0.000104904
	times[0] = 8.17776e-05
	times[0] = 0.000322104
	times[0] = 4.1008e-05
	times[0] = 2.5034e-05
	times[0] = 0.000761986
	times[0] = 5.60284e-05
	times[0] = 3.69549e-05
	times[0] = 0.00234699
	times[0] = 0.000707865
	times[0] = 5.38826e-05
	times[0] = 3.69549e-05
	times[0] = 0.000200033
	times[0] = 0.000456095
	times[0] = 0.000267029
	times[0] = 3.98159e-05
	times[0] = 0.0491052
	times[0] = 0.003371
	times[0] = 0.00314713
	times[0] = 0.0116529
	times[0] = 0.016737
	times[0] = 0.00190616
	times[0] = 0.000859976
	times[0] = 0.000953913
	times[0] = 0.024065
	times[0] = 0.00243497
	times[0] = 0.00322485
	times[0] = 0.0562971
	times[0] = 0.00829005
	times[0] = 0.00111008
	times[0] = 0.000225067
	times[0] = 0.000215054
	times[0] = 0.001652
	times[0] = 0.000339031
	times[0] = 0.000337124
	times[0] = 0.00612187
	times[0] = 0.000466108
	times[0] = 0.000419855
	times[0] = 0.000360966
	times[0] = 0.000119925
	times[0] = 6.69956e-05
	times[0] = 0.000680923
	times[0] = 0.000118017
	times[0] = 0.000103951
	times[0] = 0.00813103
	times[0] = 0.000625134
	times[0] = 0.000127077
	times[0] = 0.000104189
	times[0] = 0.000724792
	times[0] = 0.00297308
	times[0] = 0.000426054
	times[0] = 0.000463009
	times[0] = 0.00305891
	times[0] = 0.000449896
	times[0] = 0.000537872
	times[0] = 0.0124409
	times[0] = 0.000662088
	times[0] = 0.000658035
	times[0] = 0.000907898
	times[0] = 0.000169039
	times[0] = 0.000112057
	times[0] = 0.00402784
	times[0] = 0.000325918
	times[0] = 0.00035882
	times[0] = 0.0106831
	times[0] = 0.00160599
	times[0] = 0.000225067
	times[0] = 0.000245094
	times[0] = 0.00134087
	times[0] = 0.00560403
	times[0] = 0.00183296
	times[0] = 0.000174046
	times[0] = 0.000159025
	times[0] = 0.000936031
	times[0] = 0.000115871
	times[0] = 8.60691e-05
	times[0] = 0.00258207
	times[0] = 0.00019002
	times[0] = 0.000200987
	times[0] = 0.000277996
	times[0] = 4.60148e-05
	times[0] = 2.59876e-05
	times[0] = 0.000272036
	times[0] = 5.4121e-05
	times[0] = 4.69685e-05
	times[0] = 0.00500607
	times[0] = 0.000718117
	times[0] = 8.29697e-05
	times[0] = 5.79357e-05
	times[0] = 0.000444889
	times[0] = 0.00168204
	times[0] = 0.000257015
	times[0] = 4.81606e-05
	times[0] = 4.19617e-05
	times[0] = 0.000998974
	times[0] = 4.00543e-05
	times[0] = 2.00272e-05
	times[0] = 0.000257015
	times[0] = 4.1008e-05
	times[0] = 0.00167489
	times[0] = 0.000160933
	times[0] = 0.000141859
	times[0] = 0.00116611
	times[0] = 0.000128031
	times[0] = 0.000102043
	times[0] = 0.00326085
	times[0] = 0.000203133
	times[0] = 0.000221014
	times[0] = 0.000399828
	times[0] = 6.29425e-05
	times[0] = 3.79086e-05
	times[0] = 0.000687838
	times[0] = 7.20024e-05
	times[0] = 6.10352e-05
	times[0] = 0.00545502
	times[0] = 0.000676155
	times[0] = 8.10623e-05
	times[0] = 5.81741e-05
	times[0] = 0.00041914
	times[0] = 0.00134706
	times[0] = 0.000128984
	times[0] = 0.000103951
	times[0] = 0.00134993
	times[0] = 0.000179768
	times[0] = 0.000110149
	times[0] = 0.00415683
	times[0] = 0.000231028
	times[0] = 0.000209093
	times[0] = 0.000393867
	times[0] = 6.10352e-05
	times[0] = 3.79086e-05
	times[0] = 0.000684977
	times[0] = 6.8903e-05
	times[0] = 5.6982e-05
	times[0] = 0.00549006
	times[0] = 0.000663042
	times[0] = 8.4877e-05
	times[0] = 5.6982e-05
	times[0] = 0.000437975
	times[0] = 0.00119114
	times[0] = 0.000117064
	times[0] = 9.10759e-05
	times[0] = 0.00142407
	times[0] = 0.000154972
	times[0] = 0.000146866
	times[0] = 0.00533009
	times[0] = 0.000253916
	times[0] = 0.000239849
	times[0] = 0.000409126
	times[0] = 6.19888e-05
	times[0] = 3.69549e-05
	times[0] = 0.000684977
	times[0] = 7.00951e-05
	times[0] = 5.88894e-05
	times[0] = 0.00549006
	times[0] = 0.000674009
	times[0] = 8.51154e-05
	times[0] = 5.91278e-05
	times[0] = 0.000427961
	times[0] = 0.00176096
	times[0] = 0.000261068
	times[0] = 5.4121e-05
	times[0] = 4.19617e-05
	times[0] = 0.000896215
	times[0] = 6.41346e-05
	times[0] = 2.31266e-05
	times[0] = 0.000255108
	times[0] = 4.19617e-05
	times[0] = 0.00260496
	times[0] = 0.000235081
	times[0] = 0.00022006
	times[0] = 0.00187492
	times[0] = 0.000211
	times[0] = 0.000139952
	times[0] = 0.0066359
	times[0] = 0.000329971
	times[0] = 0.000276089
	times[0] = 0.000440121
	times[0] = 9.799e-05
	times[0] = 4.00543e-05
	times[0] = 0.00134397
	times[0] = 0.000124931
	times[0] = 0.000105143
	times[0] = 0.005898
	times[0] = 0.00130701
	times[0] = 0.000166893
	times[0] = 0.00010705
	times[0] = 0.000638008
	times[0] = 0.00242114
	times[0] = 0.00134397
	times[0] = 7.89165e-05
	times[0] = 5.91278e-05
	times[0] = 0.000856876
	times[0] = 6.69956e-05
	times[0] = 4.31538e-05
	times[0] = 0.0023489
	times[0] = 9.20296e-05
	times[0] = 6.91414e-05
	times[0] = 0.000237942
	times[0] = 3.50475e-05
	times[0] = 3.21865e-05
	times[0] = 0.00067997
	times[0] = 6.19888e-05
	times[0] = 4.41074e-05
	times[0] = 0.00234294
	times[0] = 0.000712156
	times[0] = 7.89165e-05
	times[0] = 3.79086e-05
	times[0] = 0.000159025
	times[0] = 0.00192499
	times[0] = 0.000102997
	times[0] = 8.29697e-05
	times[0] = 0.00104308
	times[0] = 7.41482e-05
	times[0] = 4.88758e-05
	times[0] = 0.00338101
	times[0] = 0.000104904
	times[0] = 8.39233e-05
	times[0] = 0.000296831
	times[0] = 4.48227e-05
	times[0] = 2.59876e-05
	times[0] = 0.000759125
	times[0] = 5.19753e-05
	times[0] = 3.91006e-05
	times[0] = 0.00235105
	times[0] = 0.000666857
	times[0] = 5.91278e-05
	times[0] = 3.69549e-05
	times[0] = 0.00019908
	times[0] = 0.000422955
	times[0] = 0.000267029
	times[0] = 3.60012e-05
	times[0] = 0.0492861
	times[0] = 0.00337601
	times[0] = 0.00323796
	times[0] = 0.0116451
	times[0] = 0.0158799
	times[0] = 0.00189996
	times[0] = 0.000868082
	times[0] = 0.000950813
	times[0] = 0.02405
	times[0] = 0.00241995
	times[0] = 0.00271988
	times[0] = 0.0481651
	times[0] = 0.00833011
	times[0] = 0.00111413
	times[0] = 0.000267982
	times[0] = 0.000211954
	times[0] = 0.00162005
	times[0] = 0.000338793
	times[0] = 0.000375032
	times[0] = 0.00617313
	times[0] = 0.000426054
	times[0] = 0.000458002
	times[0] = 0.000430107
	times[0] = 8.2016e-05
	times[0] = 6.69956e-05
	times[0] = 0.000669003
	times[0] = 0.000120878
	times[0] = 0.000102997
	times[0] = 0.00815415
	times[0] = 0.000583172
	times[0] = 0.000126839
	times[0] = 0.000102043
	times[0] = 0.00068903
	times[0] = 0.00297093
	times[0] = 0.000442982
	times[0] = 0.000422955
	times[0] = 0.00316596
	times[0] = 0.000492096
	times[0] = 0.000494003
	times[0] = 0.0124371
	times[0] = 0.000618935
	times[0] = 0.000610113
	times[0] = 0.000931978
	times[0] = 0.000133038
	times[0] = 0.000151873
	times[0] = 0.00405216
	times[0] = 0.000369072
	times[0] = 0.000319004
	times[0] = 0.0106881
	times[0] = 0.00157905
	times[0] = 0.000225067
	times[0] = 0.000206947
	times[0] = 0.00132203
	times[0] = 0.00560999
	times[0] = 0.00184083
	times[0] = 0.000176907
	times[0] = 0.000150919
	times[0] = 0.000942945
	times[0] = 0.000114918
	times[0] = 8.2016e-05
	times[0] = 0.00257421
	times[0] = 0.000200987
	times[0] = 0.000169039
	times[0] = 0.000226021
	times[0] = 4.29153e-05
	times[0] = 2.59876e-05
	times[0] = 0.000272989
	times[0] = 5.07832e-05
	times[0] = 6.19888e-05
	times[0] = 0.00498581
	times[0] = 0.000694036
	times[0] = 7.79629e-05
	times[0] = 9.48906e-05
	times[0] = 0.000401974
	times[0] = 0.00165701
	times[0] = 0.000255108
	times[0] = 4.88758e-05
	times[0] = 6.69956e-05
	times[0] = 0.00100112
	times[0] = 3.60012e-05
	times[0] = 2.09808e-05
	times[0] = 0.000256062
	times[0] = 3.60012e-05
	times[0] = 0.0016551
	times[0] = 0.000159979
	times[0] = 0.000136852
	times[0] = 0.00120187
	times[0] = 0.000125885
	times[0] = 0.000102997
	times[0] = 0.00322795
	times[0] = 0.000202894
	times[0] = 0.00018692
	times[0] = 0.000414848
	times[0] = 5.91278e-05
	times[0] = 4.1008e-05
	times[0] = 0.000689983
	times[0] = 7.20024e-05
	times[0] = 5.79357e-05
	times[0] = 0.00546598
	times[0] = 0.000705004
	times[0] = 0.00011611
	times[0] = 5.88894e-05
	times[0] = 0.000390053
	times[0] = 0.00136805
	times[0] = 0.000128984
	times[0] = 0.000102043
	times[0] = 0.00133491
	times[0] = 0.000149012
	times[0] = 0.000138998
	times[0] = 0.00416112
	times[0] = 0.000267029
	times[0] = 0.000213146
	times[0] = 0.000448942
	times[0] = 5.60284e-05
	times[0] = 7.79629e-05
	times[0] = 0.000664949
	times[0] = 7.20024e-05
	times[0] = 5.79357e-05
	times[0] = 0.00552988
	times[0] = 0.000705004
	times[0] = 7.98702e-05
	times[0] = 6.00815e-05
	times[0] = 0.000388861
	times[0] = 0.00125098
	times[0] = 0.000149965
	times[0] = 9.5129e-05
	times[0] = 0.00143099
	times[0] = 0.000155926
	times[0] = 0.000118971
	times[0] = 0.00533199
	times[0] = 0.000285149
	times[0] = 0.000242949
	times[0] = 0.000396013
	times[0] = 5.79357e-05
	times[0] = 4.3869e-05
	times[0] = 0.00068593
	times[0] = 6.91414e-05
	times[0] = 5.91278e-05
	times[0] = 0.00545478
	times[0] = 0.000714064
	times[0] = 7.79629e-05
	times[0] = 0.000109911
	times[0] = 0.000452042
	times[0] = 0.00181079
	times[0] = 0.000259161
	times[0] = 5.10216e-05
	times[0] = 4.19617e-05
	times[0] = 0.00090909
	times[0] = 3.79086e-05
	times[0] = 2.19345e-05
	times[0] = 0.000283957
	times[0] = 3.69549e-05
	times[0] = 0.00261712
	times[0] = 0.000267982
	times[0] = 0.000218153
	times[0] = 0.00189185
	times[0] = 0.000179052
	times[0] = 0.000138998
	times[0] = 0.00662088
	times[0] = 0.000295877
	times[0] = 0.000305891
	times[0] = 0.000463009
	times[0] = 5.91278e-05
	times[0] = 3.79086e-05
	times[0] = 0.00132394
	times[0] = 0.00012517
	times[0] = 0.000130892
	times[0] = 0.00591207
	times[0] = 0.00133419
	times[0] = 0.00013113
	times[0] = 0.000104904
	times[0] = 0.00058794
	times[0] = 0.00238395
	times[0] = 0.00134897
	times[0] = 7.89165e-05
	times[0] = 8.70228e-05
	times[0] = 0.000869989
	times[0] = 6.69956e-05
	times[0] = 4.19617e-05
	times[0] = 0.00234699
	times[0] = 9.10759e-05
	times[0] = 7.20024e-05
	times[0] = 0.000215054
	times[0] = 6.29425e-05
	times[0] = 2.40803e-05
	times[0] = 0.00049901
	times[0] = 5.19753e-05
	times[0] = 3.60012e-05
	times[0] = 0.00234699
	times[0] = 0.000716925
	times[0] = 5.38826e-05
	times[0] = 3.60012e-05
	times[0] = 0.000162125
	times[0] = 0.00191903
	times[0] = 0.000104904
	times[0] = 8.2016e-05
	times[0] = 0.00103688
	times[0] = 7.70092e-05
	times[0] = 4.79221e-05
	times[0] = 0.00338912
	times[0] = 0.000103951
	times[0] = 8.10623e-05
	times[0] = 0.00029397
	times[0] = 3.88622e-05
	times[0] = 2.38419e-05
	times[0] = 0.000767946
	times[0] = 5.22137e-05
	times[0] = 3.69549e-05
	times[0] = 0.00236392
	times[0] = 0.000707865
	times[0] = 5.4121e-05
	times[0] = 3.60012e-05
	times[0] = 0.000198126
	times[0] = 0.000453949
	times[0] = 0.000266075
	times[0] = 3.91006e-05
	times[0] = 0.04919
	times[0] = 0.00336099
	times[0] = 0.00315714
	times[0] = 0.0116432
	times[0] = 0.0158672
	times[0] = 0.00190496
	times[0] = 0.000871181
	times[0] = 0.000947952
	times[0] = 0.0241439
	times[0] = 0.00239897
	times[0] = 0.00268602
	times[0] = 0.0492961
	times[0] = 0.00830889
	times[0] = 0.001158
	times[0] = 0.000226021
	times[0] = 0.000248194
	times[0] = 0.00164914
	times[0] = 0.000340939
	times[0] = 0.000334024
	times[0] = 0.00614309
	times[0] = 0.000427008
	times[0] = 0.000424862
	times[0] = 0.000375032
	times[0] = 7.98702e-05
	times[0] = 6.91414e-05
	times[0] = 0.000682116
	times[0] = 0.000118971
	times[0] = 0.000104904
	times[0] = 0.00812793
	times[0] = 0.000651836
	times[0] = 0.000124931
	times[0] = 0.000138044
	times[0] = 0.000733137
	times[0] = 0.00312304
	times[0] = 0.0004251
	times[0] = 0.000458956
	times[0] = 0.003088
	times[0] = 0.000452042
	times[0] = 0.000535011
	times[0] = 0.012435
	times[0] = 0.000654936
	times[0] = 0.000643015
	times[0] = 0.00090313
	times[0] = 0.0001688
	times[0] = 0.000110865
	times[0] = 0.00404096
	times[0] = 0.00032711
	times[0] = 0.000361204
	times[0] = 0.0106461
	times[0] = 0.00160289
	times[0] = 0.000224113
	times[0] = 0.000241995
	times[0] = 0.00131392
	times[0] = 0.00557685
	times[0] = 0.00184298
	times[0] = 0.000174999
	times[0] = 0.000174999
	times[0] = 0.000946999
	times[0] = 0.000155926
	times[0] = 8.39233e-05
	times[0] = 0.00257802
	times[0] = 0.000188112
	times[0] = 0.000198841
	times[0] = 0.000272036
	times[0] = 4.60148e-05
	times[0] = 2.71797e-05
	times[0] = 0.000270844
	times[0] = 5.4121e-05
	times[0] = 4.60148e-05
	times[0] = 0.00497007
	times[0] = 0.000689983
	times[0] = 8.41618e-05
	times[0] = 5.88894e-05
	times[0] = 0.000458956
	times[0] = 0.001683
	times[0] = 0.000252008
	times[0] = 5.38826e-05
	times[0] = 4.19617e-05
	times[0] = 0.00100589
	times[0] = 4.1008e-05
	times[0] = 2.12193e-05
	times[0] = 0.000255108
	times[0] = 4.1008e-05
	times[0] = 0.00167298
	times[0] = 0.000159025
	times[0] = 0.000139952
	times[0] = 0.00116587
	times[0] = 0.000127077
	times[0] = 9.89437e-05
	times[0] = 0.00323582
	times[0] = 0.000200987
	times[0] = 0.000221014
	times[0] = 0.00040102
	times[0] = 5.98431e-05
	times[0] = 3.69549e-05
	times[0] = 0.000682831
	times[0] = 7.29561e-05
	times[0] = 8.10623e-05
	times[0] = 0.00547194
	times[0] = 0.000993967
	times[0] = 0.000124931
	times[0] = 6.10352e-05
	times[0] = 0.000436068
	times[0] = 0.00134301
	times[0] = 0.000128031
	times[0] = 0.000102043
	times[0] = 0.00128913
	times[0] = 0.000148058
	times[0] = 0.000108957
	times[0] = 0.00415683
	times[0] = 0.000262976
	times[0] = 0.000212908
	times[0] = 0.000426054
	times[0] = 6.00815e-05
	times[0] = 3.79086e-05
	times[0] = 0.000664949
	times[0] = 7.20024e-05
	times[0] = 5.91278e-05
	times[0] = 0.00547504
	times[0] = 0.000724077
	times[0] = 8.10623e-05
	times[0] = 9.98974e-05
	times[0] = 0.000386953
	times[0] = 0.00116801
	times[0] = 0.000116825
	times[0] = 9.60827e-05
	times[0] = 0.001405
	times[0] = 0.000159025
	times[0] = 0.000116825
	times[0] = 0.00532699
	times[0] = 0.000253916
	times[0] = 0.000245094
	times[0] = 0.000467777
	times[0] = 5.81741e-05
	times[0] = 3.79086e-05
	times[0] = 0.000663042
	times[0] = 7.29561e-05
	times[0] = 5.88894e-05
	times[0] = 0.00544405
	times[0] = 0.000712156
	times[0] = 7.89165e-05
	times[0] = 9.60827e-05
	times[0] = 0.000393867
	times[0] = 0.00170517
	times[0] = 0.000261068
	times[0] = 5.10216e-05
	times[0] = 4.19617e-05
	times[0] = 0.000895023
	times[0] = 3.79086e-05
	times[0] = 2.09808e-05
	times[0] = 0.000258923
	times[0] = 3.60012e-05
	times[0] = 0.0025928
	times[0] = 0.000232935
	times[0] = 0.000212908
	times[0] = 0.00188208
	times[0] = 0.000179052
	times[0] = 0.000174046
	times[0] = 0.00663304
	times[0] = 0.000293016
	times[0] = 0.000275135
	times[0] = 0.000456095
	times[0] = 5.98431e-05
	times[0] = 3.69549e-05
	times[0] = 0.00131583
	times[0] = 0.000123024
	times[0] = 0.000109911
	times[0] = 0.00590992
	times[0] = 0.00132799
	times[0] = 0.000129938
	times[0] = 0.000106096
	times[0] = 0.000582933
	times[0] = 0.00238299
	times[0] = 0.00134087
	times[0] = 7.89165e-05
	times[0] = 6.00815e-05
	times[0] = 0.000868082
	times[0] = 6.50883e-05
	times[0] = 4.1008e-05
	times[0] = 0.00234413
	times[0] = 0.00012207
	times[0] = 7.00951e-05
	times[0] = 0.000215054
	times[0] = 4.00543e-05
	times[0] = 2.21729e-05
	times[0] = 0.000519991
	times[0] = 4.91142e-05
	times[0] = 3.60012e-05
	times[0] = 0.00234294
	times[0] = 0.000746965
	times[0] = 5.38826e-05
	times[0] = 6.8903e-05
	times[0] = 0.000159979
	times[0] = 0.00191808
	times[0] = 0.000105143
	times[0] = 8.10623e-05
	times[0] = 0.00103211
	times[0] = 7.60555e-05
	times[0] = 4.98295e-05
	times[0] = 0.00338793
	times[0] = 0.000103951
	times[0] = 8.10623e-05
	times[0] = 0.00029397
	times[0] = 4.31538e-05
	times[0] = 2.90871e-05
	times[0] = 0.000766039
	times[0] = 5.19753e-05
	times[0] = 3.69549e-05
	times[0] = 0.0023551
	times[0] = 0.000709057
	times[0] = 5.38826e-05
	times[0] = 3.79086e-05
	times[0] = 0.00019908
	times[0] = 0.000418901
	times[0] = 0.000311852
	times[0] = 3.50475e-05
	times[0] = 0.04933
	times[0] = 0.00339794
	times[0] = 0.00316191
	times[0] = 0.0116119
	times[0] = 0.015908
	times[0] = 0.001894
	times[0] = 0.000862122
	times[0] = 0.000910997
	times[0] = 0.024019
	times[0] = 0.00243807
	times[0] = 0.00271702
	times[0] = 0.0481
	times[0] = 0.00827599
	times[0] = 0.00111604
	times[0] = 0.000252962
	times[0] = 0.000215054
	times[0] = 0.00164604
	times[0] = 0.000375032
	times[0] = 0.000333071
	times[0] = 0.00614214
	times[0] = 0.000462055
	times[0] = 0.000423193
	times[0] = 0.000363111
	times[0] = 8.29697e-05
	times[0] = 6.69956e-05
	times[0] = 0.000681162
	times[0] = 0.000117064
	times[0] = 0.000125885
	times[0] = 0.00812912
	times[0] = 0.000610828
	times[0] = 0.000123978
	times[0] = 0.000105143
	times[0] = 0.000721931
	times[0] = 0.00307584
	times[0] = 0.000427008
	times[0] = 0.000453949
	times[0] = 0.00306892
	times[0] = 0.000452042
	times[0] = 0.000495195
	times[0] = 0.012445
	times[0] = 0.000653028
	times[0] = 0.000648022
	times[0] = 0.000906944
	times[0] = 0.000133991
	times[0] = 0.000111103
	times[0] = 0.00404406
	times[0] = 0.00032711
	times[0] = 0.000358105
	times[0] = 0.0106671
	times[0] = 0.00160384
	times[0] = 0.000222921
	times[0] = 0.0002141
	times[0] = 0.00136209
	times[0] = 0.00559998
	times[0] = 0.00182986
	times[0] = 0.000173092
	times[0] = 0.000159025
	times[0] = 0.00137591
	times[0] = 0.000134945
	times[0] = 8.89301e-05
	times[0] = 0.00258684
	times[0] = 0.00019002
	times[0] = 0.000200033
	times[0] = 0.000240088
	times[0] = 4.48227e-05
	times[0] = 2.69413e-05
	times[0] = 0.000271797
	times[0] = 5.50747e-05
	times[0] = 4.69685e-05
	times[0] = 0.00497007
	times[0] = 0.000681877
	times[0] = 8.39233e-05
	times[0] = 5.91278e-05
	times[0] = 0.000452042
	times[0] = 0.001683
	times[0] = 0.000252008
	times[0] = 5.00679e-05
	times[0] = 4.29153e-05
	times[0] = 0.00100207
	times[0] = 3.79086e-05
	times[0] = 2.19345e-05
	times[0] = 0.000254869
	times[0] = 4.1008e-05
	times[0] = 0.00167608
	times[0] = 0.000158072
	times[0] = 0.000141859
	times[0] = 0.00116515
	times[0] = 0.000127077
	times[0] = 9.98974e-05
	times[0] = 0.00324821
	times[0] = 0.000202894
	times[0] = 0.00022316
	times[0] = 0.000398159
	times[0] = 6.07967e-05
	times[0] = 3.71933e-05
	times[0] = 0.000686884
	times[0] = 7.20024e-05
	times[0] = 5.88894e-05
	times[0] = 0.00548983
	times[0] = 0.000669956
	times[0] = 8.17776e-05
	times[0] = 5.88894e-05
	times[0] = 0.00041914
	times[0] = 0.00151491
	times[0] = 0.000128984
	times[0] = 0.000132084
	times[0] = 0.00129485
	times[0] = 0.000144958
	times[0] = 0.00010705
	times[0] = 0.00415993
	times[0] = 0.000233173
	times[0] = 0.000239134
	times[0] = 0.000389099
	times[0] = 6.10352e-05
	times[0] = 3.60012e-05
	times[0] = 0.000684977
	times[0] = 6.98566e-05
	times[0] = 7.41482e-05
	times[0] = 0.00546503
	times[0] = 0.000664949
	times[0] = 8.4877e-05
	times[0] = 5.91278e-05
	times[0] = 0.000427961
	times[0] = 0.00125098
	times[0] = 0.000118017
	times[0] = 9.10759e-05
	times[0] = 0.00140905
	times[0] = 0.000156879
	times[0] = 0.000120163
	times[0] = 0.00532198
	times[0] = 0.000254154
	times[0] = 0.000272036
	times[0] = 0.000443935
	times[0] = 6.19888e-05
	times[0] = 3.8147e-05
	times[0] = 0.000677109
	times[0] = 7.00951e-05
	times[0] = 7.58171e-05
	times[0] = 0.0054419
	times[0] = 0.000669956
	times[0] = 8.29697e-05
	times[0] = 5.79357e-05
	times[0] = 0.000432968
	times[0] = 0.00173903
	times[0] = 0.000291109
	times[0] = 4.88758e-05
	times[0] = 4.41074e-05
	times[0] = 0.000893116
	times[0] = 3.88622e-05
	times[0] = 2.00272e-05
	times[0] = 0.000256062
	times[0] = 4.00543e-05
	times[0] = 0.00281882
	times[0] = 0.000272036
	times[0] = 0.000218868
	times[0] = 0.00186586
	times[0] = 0.000180006
	times[0] = 0.000139952
	times[0] = 0.00662088
	times[0] = 0.00029707
	times[0] = 0.000305891
	times[0] = 0.000415087
	times[0] = 6.19888e-05
	times[0] = 3.88622e-05
	times[0] = 0.00131488
	times[0] = 0.000123024
	times[0] = 0.000105143
	times[0] = 0.00593615
	times[0] = 0.00131202
	times[0] = 0.00013113
	times[0] = 0.000103951
	times[0] = 0.00059104
	times[0] = 0.00237703
	times[0] = 0.001369
	times[0] = 7.79629e-05
	times[0] = 5.79357e-05
	times[0] = 0.000874043
	times[0] = 6.60419e-05
	times[0] = 4.31538e-05
	times[0] = 0.00236011
	times[0] = 9.20296e-05
	times[0] = 6.91414e-05
	times[0] = 0.000219107
	times[0] = 3.69549e-05
	times[0] = 2.59876e-05
	times[0] = 0.000496149
	times[0] = 5.10216e-05
	times[0] = 3.69549e-05
	times[0] = 0.002321
	times[0] = 0.000712156
	times[0] = 5.29289e-05
	times[0] = 3.60012e-05
	times[0] = 0.000163078
	times[0] = 0.00192499
	times[0] = 0.000137091
	times[0] = 8.39233e-05
	times[0] = 0.00103688
	times[0] = 0.000108004
	times[0] = 5.00679e-05
	times[0] = 0.00337505
	times[0] = 0.000103951
	times[0] = 8.08239e-05
	times[0] = 0.00029397
	times[0] = 4.00543e-05
	times[0] = 2.38419e-05
	times[0] = 0.000736952
	times[0] = 5.6982e-05
	times[0] = 3.71933e-05
	times[0] = 0.00236702
	times[0] = 0.000709057
	times[0] = 5.31673e-05
	times[0] = 3.71933e-05
	times[0] = 0.00019908
	times[0] = 0.000460148
	times[0] = 0.000264883
	times[0] = 4.00543e-05
	times[0] = 0.0490811
	times[0] = 0.00337791
	times[0] = 0.00321007
	times[0] = 0.0116508
	times[0] = 0.0159011
	times[0] = 0.00190902
	times[0] = 0.000869036
	times[0] = 0.00095582
	times[0] = 0.0240428
	times[0] = 0.00242019
	times[0] = 0.00268888
	times[0] = 0.0481181
	times[0] = 0.00829697
	times[0] = 0.00112414
	times[0] = 0.000257969
	times[0] = 0.000467062
	times[0] = 0.00183296
	times[0] = 0.00037384
	times[0] = 0.000334978
	times[0] = 0.00667691
	times[0] = 0.0004282
	times[0] = 0.000426054
	times[0] = 0.000392914
	times[0] = 8.2016e-05
	times[0] = 0.000105143
	times[0] = 0.000664949
	times[0] = 0.000121117
	times[0] = 0.000104189
	times[0] = 0.00812483
	times[0] = 0.000618935
	times[0] = 0.000125885
	times[0] = 0.000102997
	times[0] = 0.000726938
	times[0] = 0.00307012
	times[0] = 0.000465155
	times[0] = 0.000463963
	times[0] = 0.0030539
	times[0] = 0.000487804
	times[0] = 0.000536919
	times[0] = 0.0124431
	times[0] = 0.000662088
	times[0] = 0.000652075
	times[0] = 0.000895977
	times[0] = 0.000130892
	times[0] = 0.000113964
	times[0] = 0.00405288
	times[0] = 0.000354052
	times[0] = 0.000320196
	times[0] = 0.010711
	times[0] = 0.00161195
	times[0] = 0.000222921
	times[0] = 0.000243187
	times[0] = 0.00132418
	times[0] = 0.0055778
	times[0] = 0.00181603
	times[0] = 0.000173092
	times[0] = 0.000155926
	times[0] = 0.000943184
	times[0] = 0.000118971
	times[0] = 8.60691e-05
	times[0] = 0.00258803
	times[0] = 0.00019002
	times[0] = 0.000196934
	times[0] = 0.000346899
	times[0] = 4.69685e-05
	times[0] = 2.5034e-05
	times[0] = 0.000271082
	times[0] = 5.38826e-05
	times[0] = 4.60148e-05
	times[0] = 0.00496697
	times[0] = 0.000650883
	times[0] = 8.39233e-05
	times[0] = 5.91278e-05
	times[0] = 0.000451088
	times[0] = 0.00168395
	times[0] = 0.000254869
	times[0] = 5.4121e-05
	times[0] = 4.31538e-05
	times[0] = 0.00100112
	times[0] = 4.00543e-05
	times[0] = 2.19345e-05
	times[0] = 0.000252962
	times[0] = 4.00543e-05
	times[0] = 0.0016768
	times[0] = 0.000159025
	times[0] = 0.000142097
	times[0] = 0.00120902
	times[0] = 0.000126123
	times[0] = 0.000100136
	times[0] = 0.00324488
	times[0] = 0.000202894
	times[0] = 0.000221014
	times[0] = 0.000398874
	times[0] = 5.88894e-05
	times[0] = 3.69549e-05
	times[0] = 0.000681877
	times[0] = 7.20024e-05
	times[0] = 6.00815e-05
	times[0] = 0.00546098
	times[0] = 0.00067997
	times[0] = 8.10623e-05
	times[0] = 5.91278e-05
	times[0] = 0.000409842
	times[0] = 0.00135708
	times[0] = 0.000130177
	times[0] = 0.000102997
	times[0] = 0.00126696
	times[0] = 0.00018692
	times[0] = 0.000109196
	times[0] = 0.00415897
	times[0] = 0.000230074
	times[0] = 0.000208855
	times[0] = 0.000394106
	times[0] = 5.98431e-05
	times[0] = 3.71933e-05
	times[0] = 0.000682831
	times[0] = 6.8903e-05
	times[0] = 5.6982e-05
	times[0] = 0.00546384
	times[0] = 0.000664949
	times[0] = 8.39233e-05
	times[0] = 5.91278e-05
	times[0] = 0.000422955
	times[0] = 0.00116706
	times[0] = 0.000117064
	times[0] = 9.29832e-05
	times[0] = 0.00144196
	times[0] = 0.000154018
	times[0] = 0.000151157
	times[0] = 0.00532079
	times[0] = 0.000254869
	times[0] = 0.000239134
	times[0] = 0.000426054
	times[0] = 6.41346e-05
	times[0] = 3.8147e-05
	times[0] = 0.000686169
	times[0] = 6.8903e-05
	times[0] = 5.81741e-05
	times[0] = 0.0054462
	times[0] = 0.000669003
	times[0] = 8.39233e-05
	times[0] = 5.88894e-05
	times[0] = 0.000429153
	times[0] = 0.00176001
	times[0] = 0.000261068
	times[0] = 5.00679e-05
	times[0] = 4.22001e-05
	times[0] = 0.000895023
	times[0] = 6.79493e-05
	times[0] = 2.19345e-05
	times[0] = 0.000256062
	times[0] = 4.22001e-05
	times[0] = 0.00260687
	times[0] = 0.000236034
	times[0] = 0.000218868
	times[0] = 0.00183916
	times[0] = 0.000219107
	times[0] = 0.000141859
	times[0] = 0.00663304
	times[0] = 0.000329971
	times[0] = 0.000273943
	times[0] = 0.000439882
	times[0] = 8.98838e-05
	times[0] = 4.00543e-05
	times[0] = 0.00131011
	times[0] = 0.000123024
	times[0] = 0.000106096
	times[0] = 0.00593591
	times[0] = 0.00130606
	times[0] = 0.000164032
	times[0] = 0.000105143
	times[0] = 0.000639915
	times[0] = 0.00241899
	times[0] = 0.00134087
	times[0] = 7.89165e-05
	times[0] = 5.79357e-05
	times[0] = 0.000862837
	times[0] = 6.69956e-05
	times[0] = 4.41074e-05
	times[0] = 0.00236416
	times[0] = 9.17912e-05
	times[0] = 6.8903e-05
	times[0] = 0.000233173
	times[0] = 3.60012e-05
	times[0] = 2.19345e-05
	times[0] = 0.000520945
	times[0] = 4.81606e-05
	times[0] = 3.8147e-05
	times[0] = 0.002841
	times[0] = 0.000699043
	times[0] = 5.57899e-05
	times[0] = 3.91006e-05
	times[0] = 0.000159979
	times[0] = 0.00193596
	times[0] = 0.000104904
	times[0] = 8.10623e-05
	times[0] = 0.00102401
	times[0] = 7.70092e-05
	times[0] = 4.88758e-05
	times[0] = 0.00337601
	times[0] = 0.000104189
	times[0] = 0.000113964
	times[0] = 0.000296831
	times[0] = 4.29153e-05
	times[0] = 2.31266e-05
	times[0] = 0.000767946
	times[0] = 5.00679e-05
	times[0] = 3.69549e-05
	times[0] = 0.002352
	times[0] = 0.000701904
	times[0] = 8.2016e-05
	times[0] = 3.69549e-05
	times[0] = 0.000201941
	times[0] = 0.000422001
	times[0] = 0.000293016
	times[0] = 3.50475e-05
	times[0] = 0.0492201
	times[0] = 0.00340104
	times[0] = 0.00316
	times[0] = 0.0116251
	times[0] = 0.015902
	times[0] = 0.00191092
	times[0] = 0.000870943
	times[0] = 0.000951052
	times[0] = 0.0240769
	times[0] = 0.00243402
	times[0] = 0.00272489
	times[0] = 0.048146
	times[0] = 0.00829101
	times[0] = 0.00111818
	times[0] = 0.000225067
	times[0] = 0.000216007
	times[0] = 0.00164318
	times[0] = 0.000374079
	times[0] = 0.000334978
	times[0] = 0.00613022
	times[0] = 0.000463963
	times[0] = 0.000417948
	times[0] = 0.000360966
	times[0] = 8.29697e-05
	times[0] = 6.60419e-05
	times[0] = 0.00067997
	times[0] = 0.000118971
	times[0] = 0.000108004
	times[0] = 0.00811887
	times[0] = 0.000586033
	times[0] = 0.000164032
	times[0] = 0.000102043
	times[0] = 0.000721931
	times[0] = 0.00297093
	times[0] = 0.000426054
	times[0] = 0.000452995
	times[0] = 0.00307107
	times[0] = 0.000447989
	times[0] = 0.000496864
	times[0] = 0.0124612
	times[0] = 0.000658989
	times[0] = 0.000643969
	times[0] = 0.000900984
	times[0] = 0.000133038
	times[0] = 0.000109911
	times[0] = 0.00402498
	times[0] = 0.00032711
	times[0] = 0.000354052
	times[0] = 0.010679
	times[0] = 0.00160098
	times[0] = 0.00022006
	times[0] = 0.000211954
	times[0] = 0.00135112
	times[0] = 0.00562286
	times[0] = 0.00181818
	times[0] = 0.000211954
	times[0] = 0.000154972
	times[0] = 0.000987053
	times[0] = 0.000117064
	times[0] = 8.29697e-05
	times[0] = 0.00258088
	times[0] = 0.00019002
	times[0] = 0.000169992
	times[0] = 0.000295877
	times[0] = 4.31538e-05
	times[0] = 2.59876e-05
	times[0] = 0.000290155
	times[0] = 5.31673e-05
	times[0] = 4.57764e-05
	times[0] = 0.00498509
	times[0] = 0.000665903
	times[0] = 8.2016e-05
	times[0] = 5.81741e-05
	times[0] = 0.000432968
	times[0] = 0.00169492
	times[0] = 0.000282049
	times[0] = 4.81606e-05
	times[0] = 4.19617e-05
	times[0] = 0.000996828
	times[0] = 3.91006e-05
	times[0] = 2.19345e-05
	times[0] = 0.000290871
	times[0] = 3.60012e-05
	times[0] = 0.00167203
	times[0] = 0.000201225
	times[0] = 0.000138044
	times[0] = 0.00118804
	times[0] = 0.000126839
	times[0] = 0.000101089
	times[0] = 0.00323892
	times[0] = 0.000201941
	times[0] = 0.000192881
	times[0] = 0.000435829
	times[0] = 5.79357e-05
	times[0] = 3.69549e-05
	times[0] = 0.000666857
	times[0] = 7.39098e-05
	times[0] = 5.81741e-05
	times[0] = 0.00547504
	times[0] = 0.00070405
	times[0] = 7.70092e-05
	times[0] = 5.91278e-05
	times[0] = 0.000386
	times[0] = 0.00136805
	times[0] = 0.000128984
	times[0] = 0.00010705
	times[0] = 0.00127196
	times[0] = 0.000146866
	times[0] = 0.000106096
	times[0] = 0.00418019
	times[0] = 0.00022912
	times[0] = 0.000213861
	times[0] = 0.000427008
	times[0] = 5.6982e-05
	times[0] = 3.71933e-05
	times[0] = 0.000679016
	times[0] = 7.00951e-05
	times[0] = 5.88894e-05
	times[0] = 0.00545192
	times[0] = 0.000705957
	times[0] = 7.79629e-05
	times[0] = 5.79357e-05
	times[0] = 0.000401974
	times[0] = 0.00120521
	times[0] = 0.00011611
	times[0] = 9.20296e-05
	times[0] = 0.00140595
	times[0] = 0.000154018
	times[0] = 0.000118971
	times[0] = 0.00532079
	times[0] = 0.000253916
	times[0] = 0.000273943
	times[0] = 0.000399113
	times[0] = 6.31809e-05
	times[0] = 3.71933e-05
	times[0] = 0.000680923
	times[0] = 6.98566e-05
	times[0] = 5.91278e-05
	times[0] = 0.00543404
	times[0] = 0.000669956
	times[0] = 8.29697e-05
	times[0] = 5.91278e-05
	times[0] = 0.000414133
	times[0] = 0.00174189
	times[0] = 0.00028491
	timesTraining ...
Iteration 0 -- 
FP                   : 1869.210 ms
BP+WU                : 0.001 ms
Total Time           : 1869.211 ms

Iteration 1 -- 
FP                   : 426.128 ms
BP+WU                : 0.001 ms
Total Time           : 426.129 ms

Iteration 2 -- 
FP                   : 425.672 ms
BP+WU                : 0.001 ms
Total Time           : 425.673 ms

Iteration 3 -- 
FP                   : 425.655 ms
BP+WU                : 0.001 ms
Total Time           : 425.656 ms

Iteration 4 -- 
FP                   : 434.525 ms
BP+WU                : 0.001 ms
Total Time           : 434.526 ms

Iteration 5 -- 
FP                   : 425.318 ms
BP+WU                : 0.001 ms
Total Time           : 425.319 ms

Iteration 6 -- 
FP                   : 426.046 ms
BP+WU                : 0.001 ms
Total Time           : 426.048 ms

Iteration 7 -- 
FP                   : 425.586 ms
BP+WU                : 0.001 ms
Total Time           : 425.587 ms

Iteration 8 -- 
FP                   : 427.201 ms
BP+WU                : 0.001 ms
Total Time           : 427.202 ms

Iteration 9 -- 
FP                   : 425.191 ms
BP+WU                : 0.001 ms
Total Time           : 425.192 ms

Total FP                   : 5710.533 ms
Total BP+WU                : 0.010 ms
Total Time                 : 5710.543 ms
Total Inference Throughput : 224.147 images/second
Total Training Throughput  : 224.147 images/second
[0] = 5.10216e-05
	times[0] = 5.00679e-05
	times[0] = 0.00103688
	times[0] = 3.91006e-05
	times[0] = 2.38419e-05
	times[0] = 0.000257969
	times[0] = 7.31945e-05
	times[0] = 0.00264096
	times[0] = 0.000231028
	times[0] = 0.000251055
	times[0] = 0.00184321
	times[0] = 0.000182152
	times[0] = 0.000142813
	times[0] = 0.006634
	times[0] = 0.000335932
	times[0] = 0.000272036
	times[0] = 0.000414133
	times[0] = 5.81741e-05
	times[0] = 4.19617e-05
	times[0] = 0.00131416
	times[0] = 0.000124216
	times[0] = 0.00010705
	times[0] = 0.00592303
	times[0] = 0.00132084
	times[0] = 0.000130892
	times[0] = 0.000108004
	times[0] = 0.000639915
	times[0] = 0.00241399
	times[0] = 0.00134301
	times[0] = 8.01086e-05
	times[0] = 5.91278e-05
	times[0] = 0.000859976
	times[0] = 6.98566e-05
	times[0] = 4.1008e-05
	times[0] = 0.00234222
	times[0] = 9.20296e-05
	times[0] = 7.00951e-05
	times[0] = 0.000235081
	times[0] = 3.8147e-05
	times[0] = 2.19345e-05
	times[0] = 0.000516891
	times[0] = 5.00679e-05
	times[0] = 5.79357e-05
	times[0] = 0.00234199
	times[0] = 0.000675917
	times[0] = 5.98431e-05
	times[0] = 3.60012e-05
	times[0] = 0.000159025
	times[0] = 0.00192285
	times[0] = 0.000102997
	times[0] = 8.2016e-05
	times[0] = 0.00103903
	times[0] = 7.41482e-05
	times[0] = 4.79221e-05
	times[0] = 0.00338292
	times[0] = 0.000133991
	times[0] = 8.29697e-05
	times[0] = 0.000295877
	times[0] = 4.50611e-05
	times[0] = 2.28882e-05
	times[0] = 0.000761986
	times[0] = 7.48634e-05
	times[0] = 3.79086e-05
	times[0] = 0.00239801
	times[0] = 0.000669003
	times[0] = 5.91278e-05
	times[0] = 3.69549e-05
	times[0] = 0.000231981
	times[0] = 0.00041604
	times[0] = 0.000267982
	times[0] = 4.00543e-05
