icpc: command line remark #10411: option '-openmp' is deprecated and will be removed in a future release. Please use the replacement option '-qopenmp'
INFO:latte:========== Configuration ==========
INFO:latte:    march             = AVX-512
INFO:latte:    parallel_strategy = OPENMP
INFO:latte:    nthreads          = 64
INFO:latte:    codegen_strategy = AUTOVEC
INFO:latte:===================================
icpc: command line remark #10411: option '-openmp' is deprecated and will be removed in a future release. Please use the replacement option '-qopenmp'
icpc: command line remark #10411: option '-openmp' is deprecated and will be removed in a future release. Please use the replacement option '-qopenmp'
INFO:latte:Initializing ensembles and synthesizing functions...
INFO:latte:    ensemble1 [shape=(512, 14, 14)]
INFO:latte:    ensemble2 [shape=(160, 14, 14)]
INFO:latte:    ensemble3 [shape=(160, 14, 14)]
INFO:latte:    ensemble4 [shape=(160, 14, 14)]
INFO:latte:    ensemble5 [shape=(112, 14, 14)]
INFO:latte:    ensemble6 [shape=(112, 14, 14)]
INFO:latte:    ensemble7 [shape=(112, 14, 14)]
INFO:latte:    ensemble8 [shape=(224, 14, 14)]
INFO:latte:    ensemble9 [shape=(224, 14, 14)]
INFO:latte:    ensemble10 [shape=(224, 14, 14)]
INFO:latte:    ensemble11 [shape=(32, 14, 14)]
INFO:latte:    ensemble12 [shape=(32, 14, 14)]
INFO:latte:    ensemble13 [shape=(32, 14, 14)]
INFO:latte:    ensemble14 [shape=(64, 14, 14)]
INFO:latte:    ensemble15 [shape=(64, 14, 14)]
INFO:latte:    ensemble16 [shape=(64, 14, 14)]
INFO:latte:    ensemble17 [shape=(512, 14, 14)]
INFO:latte:    ensemble18 [shape=(64, 14, 14)]
INFO:latte:    ensemble19 [shape=(64, 14, 14)]
INFO:latte:    ensemble20 [shape=(64, 14, 14)]
INFO:latte:    ensemble21 [shape=(512, 14, 14)]
INFO:latte:    ensemble22 [shape=(128, 14, 14)]
INFO:latte:    ensemble23 [shape=(128, 14, 14)]
INFO:latte:    ensemble24 [shape=(128, 14, 14)]
INFO:latte:    ensemble25 [shape=(128, 14, 14)]
INFO:latte:    ensemble26 [shape=(128, 14, 14)]
INFO:latte:    ensemble27 [shape=(128, 14, 14)]
INFO:latte:    ensemble28 [shape=(256, 14, 14)]
INFO:latte:    ensemble29 [shape=(256, 14, 14)]
INFO:latte:    ensemble30 [shape=(256, 14, 14)]
INFO:latte:    ensemble31 [shape=(32, 14, 14)]
INFO:latte:    ensemble32 [shape=(32, 14, 14)]
INFO:latte:    ensemble33 [shape=(32, 14, 14)]
INFO:latte:    ensemble34 [shape=(64, 14, 14)]
INFO:latte:    ensemble35 [shape=(64, 14, 14)]
INFO:latte:    ensemble36 [shape=(64, 14, 14)]
INFO:latte:    ensemble37 [shape=(512, 14, 14)]
INFO:latte:    ensemble38 [shape=(64, 14, 14)]
INFO:latte:    ensemble39 [shape=(64, 14, 14)]
INFO:latte:    ensemble40 [shape=(64, 14, 14)]
INFO:latte:    ensemble41 [shape=(512, 14, 14)]
INFO:latte:    ensemble42 [shape=(112, 14, 14)]
INFO:latte:    ensemble43 [shape=(112, 14, 14)]
INFO:latte:    ensemble44 [shape=(112, 14, 14)]
INFO:latte:    ensemble45 [shape=(144, 14, 14)]
INFO:latte:    ensemble46 [shape=(144, 14, 14)]
INFO:latte:    ensemble47 [shape=(144, 14, 14)]
INFO:latte:    ensemble48 [shape=(288, 14, 14)]
INFO:latte:    ensemble49 [shape=(288, 14, 14)]
INFO:latte:    ensemble50 [shape=(288, 14, 14)]
INFO:latte:    ensemble51 [shape=(32, 14, 14)]
INFO:latte:    ensemble52 [shape=(32, 14, 14)]
INFO:latte:    ensemble53 [shape=(32, 14, 14)]
INFO:latte:    ensemble54 [shape=(64, 14, 14)]
INFO:latte:    ensemble55 [shape=(64, 14, 14)]
INFO:latte:    ensemble56 [shape=(64, 14, 14)]
INFO:latte:    ensemble57 [shape=(512, 14, 14)]
INFO:latte:    ensemble58 [shape=(64, 14, 14)]
INFO:latte:    ensemble59 [shape=(64, 14, 14)]
INFO:latte:    ensemble60 [shape=(64, 14, 14)]
INFO:latte:    ensemble61 [shape=(528, 14, 14)]
INFO:latte:    ensemble62 [shape=(528, 4, 4)]
INFO:latte:    ensemble63 [shape=(128, 4, 4)]
INFO:latte:    ensemble64 [shape=(128, 4, 4)]
INFO:latte:    ensemble65 [shape=(128, 4, 4)]
INFO:latte:    ensemble66 [shape=(1024,)]
INFO:latte:    ensemble67 [shape=(1024,)]
INFO:latte:    ensemble68 [shape=(1024,)]
INFO:latte:    ensemble69 [shape=(1008,)]
INFO:latte:    ensemble70 [shape=(1008,)]
INFO:latte:    ensemble71 [shape=(256, 14, 14)]
INFO:latte:    ensemble72 [shape=(256, 14, 14)]
INFO:latte:    ensemble73 [shape=(256, 14, 14)]
INFO:latte:    ensemble74 [shape=(160, 14, 14)]
INFO:latte:    ensemble75 [shape=(160, 14, 14)]
INFO:latte:    ensemble76 [shape=(160, 14, 14)]
INFO:latte:    ensemble77 [shape=(320, 14, 14)]
INFO:latte:    ensemble78 [shape=(320, 14, 14)]
INFO:latte:    ensemble79 [shape=(320, 14, 14)]
INFO:latte:    ensemble80 [shape=(32, 14, 14)]
INFO:latte:    ensemble81 [shape=(32, 14, 14)]
INFO:latte:    ensemble82 [shape=(32, 14, 14)]
INFO:latte:    ensemble83 [shape=(128, 14, 14)]
INFO:latte:    ensemble84 [shape=(128, 14, 14)]
INFO:latte:    ensemble85 [shape=(128, 14, 14)]
INFO:latte:    ensemble86 [shape=(528, 14, 14)]
INFO:latte:    ensemble87 [shape=(128, 14, 14)]
INFO:latte:    ensemble88 [shape=(128, 14, 14)]
INFO:latte:    ensemble89 [shape=(128, 14, 14)]
INFO:latte:    ensemble90 [shape=(832, 14, 14)]
INFO:latte:    ensemble91 [shape=(832, 7, 7)]
INFO:latte:    ensemble92 [shape=(256, 7, 7)]
INFO:latte:    ensemble93 [shape=(256, 7, 7)]
INFO:latte:    ensemble94 [shape=(256, 7, 7)]
INFO:latte:    ensemble95 [shape=(160, 7, 7)]
INFO:latte:    ensemble96 [shape=(160, 7, 7)]
INFO:latte:    ensemble97 [shape=(160, 7, 7)]
INFO:latte:    ensemble98 [shape=(320, 7, 7)]
INFO:latte:    ensemble99 [shape=(320, 7, 7)]
INFO:latte:    ensemble100 [shape=(320, 7, 7)]
INFO:latte:    ensemble101 [shape=(32, 7, 7)]
INFO:latte:    ensemble102 [shape=(32, 7, 7)]
INFO:latte:    ensemble103 [shape=(32, 7, 7)]
INFO:latte:    ensemble104 [shape=(128, 7, 7)]
INFO:latte:    ensemble105 [shape=(128, 7, 7)]
INFO:latte:    ensemble106 [shape=(128, 7, 7)]
INFO:latte:    ensemble107 [shape=(832, 7, 7)]
INFO:latte:    ensemble108 [shape=(128, 7, 7)]
INFO:latte:    ensemble109 [shape=(128, 7, 7)]
INFO:latte:    ensemble110 [shape=(128, 7, 7)]
INFO:latte:    ensemble111 [shape=(832, 7, 7)]
INFO:latte:    ensemble112 [shape=(384, 7, 7)]
INFO:latte:    ensemble113 [shape=(384, 7, 7)]
INFO:latte:    ensemble114 [shape=(384, 7, 7)]
INFO:latte:    ensemble115 [shape=(192, 7, 7)]
INFO:latte:    ensemble116 [shape=(192, 7, 7)]
INFO:latte:    ensemble117 [shape=(192, 7, 7)]
INFO:latte:    ensemble118 [shape=(384, 7, 7)]
INFO:latte:    ensemble119 [shape=(384, 7, 7)]
INFO:latte:    ensemble120 [shape=(384, 7, 7)]
INFO:latte:    ensemble121 [shape=(48, 7, 7)]
INFO:latte:    ensemble122 [shape=(48, 7, 7)]
INFO:latte:    ensemble123 [shape=(48, 7, 7)]
INFO:latte:    ensemble124 [shape=(128, 7, 7)]
INFO:latte:    ensemble125 [shape=(128, 7, 7)]
INFO:latte:    ensemble126 [shape=(128, 7, 7)]
INFO:latte:    ensemble127 [shape=(832, 7, 7)]
INFO:latte:    ensemble128 [shape=(128, 7, 7)]
INFO:latte:    ensemble129 [shape=(128, 7, 7)]
INFO:latte:    ensemble130 [shape=(128, 7, 7)]
INFO:latte:    ensemble131 [shape=(1024, 7, 7)]
INFO:latte:    ensemble132 [shape=(1024, 1, 1)]
INFO:latte:    ensemble133 [shape=(1008,)]
INFO:latte:    ensemble134 [shape=(1008,)]
INFO:latte:Compiling functions...
icpc: command line remark #10411: option '-openmp' is deprecated and will be removed in a future release. Please use the replacement option '-qopenmp'
INFO:latte:Finished compiling Net
Training ...
Iteration 0 -- 
FP                   : 385.350 ms
BP+WU                : 0.001 ms
Total Time           : 385.351 ms

Iteration 1 -- 
FP                   : 210.724 ms
BP+WU                : 0.001 ms
Total Time           : 210.725 ms

Total FP                   : 596.074 ms
Total BP+WU                : 0.002 ms
Total Time                 : 596.076 ms
Total Inference Throughput : 429.477 images/second
Total Training Throughput  : 429.476 images/second
