icpc: command line remark #10411: option '-openmp' is deprecated and will be removed in a future release. Please use the replacement option '-qopenmp'
INFO:latte:========== Configuration ==========
INFO:latte:    march             = AVX-512
INFO:latte:    parallel_strategy = OPENMP
INFO:latte:    nthreads          = 64
INFO:latte:    codegen_strategy = AUTOVEC
INFO:latte:===================================
icpc: command line remark #10411: option '-openmp' is deprecated and will be removed in a future release. Please use the replacement option '-qopenmp'
icpc: command line remark #10411: option '-openmp' is deprecated and will be removed in a future release. Please use the replacement option '-qopenmp'
INFO:latte:Initializing ensembles and synthesizing functions...
INFO:latte:    ensemble1 [shape=(3, 224, 224)]
INFO:latte:    ensemble2 [shape=(64, 112, 112)]
INFO:latte:    ensemble3 [shape=(64, 112, 112)]
INFO:latte:    ensemble4 [shape=(64, 112, 112)]
INFO:latte:    ensemble5 [shape=(64, 56, 56)]
INFO:latte:    ensemble6 [shape=(64, 56, 56)]
INFO:latte:    ensemble7 [shape=(64, 56, 56)]
INFO:latte:    ensemble8 [shape=(64, 56, 56)]
INFO:latte:    ensemble9 [shape=(192, 56, 56)]
INFO:latte:    ensemble10 [shape=(192, 56, 56)]
INFO:latte:    ensemble11 [shape=(192, 56, 56)]
INFO:latte:    ensemble12 [shape=(192, 28, 28)]
INFO:latte:    ensemble13 [shape=(64, 28, 28)]
INFO:latte:    ensemble14 [shape=(64, 28, 28)]
INFO:latte:    ensemble15 [shape=(64, 28, 28)]
INFO:latte:    ensemble16 [shape=(96, 28, 28)]
INFO:latte:    ensemble17 [shape=(96, 28, 28)]
INFO:latte:    ensemble18 [shape=(96, 28, 28)]
INFO:latte:    ensemble19 [shape=(128, 28, 28)]
INFO:latte:    ensemble20 [shape=(128, 28, 28)]
INFO:latte:    ensemble21 [shape=(128, 28, 28)]
INFO:latte:    ensemble22 [shape=(16, 28, 28)]
INFO:latte:    ensemble23 [shape=(16, 28, 28)]
INFO:latte:    ensemble24 [shape=(16, 28, 28)]
INFO:latte:    ensemble25 [shape=(32, 28, 28)]
INFO:latte:    ensemble26 [shape=(32, 28, 28)]
INFO:latte:    ensemble27 [shape=(32, 28, 28)]
INFO:latte:    ensemble28 [shape=(192, 28, 28)]
INFO:latte:    ensemble29 [shape=(32, 28, 28)]
INFO:latte:    ensemble30 [shape=(32, 28, 28)]
INFO:latte:    ensemble31 [shape=(32, 28, 28)]
INFO:latte:    ensemble32 [shape=(256, 28, 28)]
INFO:latte:    ensemble33 [shape=(128, 28, 28)]
INFO:latte:    ensemble34 [shape=(128, 28, 28)]
INFO:latte:    ensemble35 [shape=(128, 28, 28)]
INFO:latte:    ensemble36 [shape=(128, 28, 28)]
INFO:latte:    ensemble37 [shape=(128, 28, 28)]
INFO:latte:    ensemble38 [shape=(128, 28, 28)]
INFO:latte:    ensemble39 [shape=(192, 28, 28)]
INFO:latte:    ensemble40 [shape=(192, 28, 28)]
INFO:latte:    ensemble41 [shape=(192, 28, 28)]
INFO:latte:    ensemble42 [shape=(32, 28, 28)]
INFO:latte:    ensemble43 [shape=(32, 28, 28)]
INFO:latte:    ensemble44 [shape=(32, 28, 28)]
INFO:latte:    ensemble45 [shape=(96, 28, 28)]
INFO:latte:    ensemble46 [shape=(96, 28, 28)]
INFO:latte:    ensemble47 [shape=(96, 28, 28)]
INFO:latte:    ensemble48 [shape=(256, 28, 28)]
INFO:latte:    ensemble49 [shape=(64, 28, 28)]
INFO:latte:    ensemble50 [shape=(64, 28, 28)]
INFO:latte:    ensemble51 [shape=(64, 28, 28)]
INFO:latte:    ensemble52 [shape=(480, 28, 28)]
INFO:latte:    ensemble53 [shape=(480, 14, 14)]
INFO:latte:    ensemble54 [shape=(192, 14, 14)]
INFO:latte:    ensemble55 [shape=(192, 14, 14)]
INFO:latte:    ensemble56 [shape=(192, 14, 14)]
INFO:latte:    ensemble57 [shape=(96, 14, 14)]
INFO:latte:    ensemble58 [shape=(96, 14, 14)]
INFO:latte:    ensemble59 [shape=(96, 14, 14)]
INFO:latte:    ensemble60 [shape=(208, 14, 14)]
INFO:latte:    ensemble61 [shape=(208, 14, 14)]
INFO:latte:    ensemble62 [shape=(208, 14, 14)]
INFO:latte:    ensemble63 [shape=(16, 14, 14)]
INFO:latte:    ensemble64 [shape=(16, 14, 14)]
INFO:latte:    ensemble65 [shape=(16, 14, 14)]
INFO:latte:    ensemble66 [shape=(48, 14, 14)]
INFO:latte:    ensemble67 [shape=(48, 14, 14)]
INFO:latte:    ensemble68 [shape=(48, 14, 14)]
INFO:latte:    ensemble69 [shape=(480, 14, 14)]
INFO:latte:    ensemble70 [shape=(64, 14, 14)]
INFO:latte:    ensemble71 [shape=(64, 14, 14)]
INFO:latte:    ensemble72 [shape=(64, 14, 14)]
INFO:latte:    ensemble73 [shape=(512, 14, 14)]
INFO:latte:    ensemble74 [shape=(512, 4, 4)]
INFO:latte:    ensemble75 [shape=(128, 4, 4)]
INFO:latte:    ensemble76 [shape=(128, 4, 4)]
INFO:latte:    ensemble77 [shape=(128, 4, 4)]
INFO:latte:    ensemble78 [shape=(1024,)]
INFO:latte:    ensemble79 [shape=(1024,)]
INFO:latte:    ensemble80 [shape=(1024,)]
INFO:latte:    ensemble81 [shape=(1008,)]
INFO:latte:    ensemble82 [shape=(1008,)]
INFO:latte:    ensemble83 [shape=(160, 14, 14)]
INFO:latte:    ensemble84 [shape=(160, 14, 14)]
INFO:latte:    ensemble85 [shape=(160, 14, 14)]
INFO:latte:    ensemble86 [shape=(112, 14, 14)]
INFO:latte:    ensemble87 [shape=(112, 14, 14)]
INFO:latte:    ensemble88 [shape=(112, 14, 14)]
INFO:latte:    ensemble89 [shape=(224, 14, 14)]
INFO:latte:    ensemble90 [shape=(224, 14, 14)]
INFO:latte:    ensemble91 [shape=(224, 14, 14)]
INFO:latte:    ensemble92 [shape=(32, 14, 14)]
INFO:latte:    ensemble93 [shape=(32, 14, 14)]
INFO:latte:    ensemble94 [shape=(32, 14, 14)]
INFO:latte:    ensemble95 [shape=(64, 14, 14)]
INFO:latte:    ensemble96 [shape=(64, 14, 14)]
INFO:latte:    ensemble97 [shape=(64, 14, 14)]
INFO:latte:    ensemble98 [shape=(512, 14, 14)]
INFO:latte:    ensemble99 [shape=(64, 14, 14)]
INFO:latte:    ensemble100 [shape=(64, 14, 14)]
INFO:latte:    ensemble101 [shape=(64, 14, 14)]
INFO:latte:Compiling functions...
icpc: command line remark #10411: option '-openmp' is deprecated and will be removed in a future release. Please use the replacement option '-qopenmp'
icpc: command line remark #10411: option '-openmp' is deprecated and will be removed in a future release. Please use the replacement option '-qopenmp'
.compiled/backward1.cpp(2117): (col. 5) warning #13379:  was not vectorized with "simd"
.compiled/backward1.cpp(2276): (col. 5) warning #13379:  was not vectorized with "simd"
INFO:latte:Finished compiling Net
Training ...
Iteration 0 -- 
FP                   : 500.812 ms
BP+WU                : 3936.150 ms
Total Time           : 4436.961 ms

Iteration 1 -- 
FP                   : 284.126 ms
BP+WU                : 3807.846 ms
Total Time           : 4091.972 ms

Total FP                   : 784.937 ms
Total BP+WU                : 7743.996 ms
Total Time                 : 8528.933 ms
Total Inference Throughput : 326.141 images/second
Total Training Throughput  : 30.015 images/second
icpc: command line remark #10411: option '-openmp' is deprecated and will be removed in a future release. Please use the replacement option '-qopenmp'
INFO:latte:========== Configuration ==========
INFO:latte:    march             = AVX-512
INFO:latte:    parallel_strategy = OPENMP
INFO:latte:    nthreads          = 64
INFO:latte:    codegen_strategy = AUTOVEC
INFO:latte:===================================
icpc: command line remark #10411: option '-openmp' is deprecated and will be removed in a future release. Please use the replacement option '-qopenmp'
icpc: command line remark #10411: option '-openmp' is deprecated and will be removed in a future release. Please use the replacement option '-qopenmp'
INFO:latte:Initializing ensembles and synthesizing functions...
INFO:latte:    ensemble1 [shape=(3, 224, 224)]
INFO:latte:    ensemble2 [shape=(64, 112, 112)]
INFO:latte:    ensemble3 [shape=(64, 112, 112)]
INFO:latte:    ensemble4 [shape=(64, 112, 112)]
INFO:latte:    ensemble5 [shape=(64, 56, 56)]
INFO:latte:    ensemble6 [shape=(64, 56, 56)]
INFO:latte:    ensemble7 [shape=(64, 56, 56)]
INFO:latte:    ensemble8 [shape=(64, 56, 56)]
INFO:latte:    ensemble9 [shape=(192, 56, 56)]
INFO:latte:    ensemble10 [shape=(192, 56, 56)]
INFO:latte:    ensemble11 [shape=(192, 56, 56)]
INFO:latte:    ensemble12 [shape=(192, 28, 28)]
INFO:latte:    ensemble13 [shape=(64, 28, 28)]
INFO:latte:    ensemble14 [shape=(64, 28, 28)]
INFO:latte:    ensemble15 [shape=(64, 28, 28)]
INFO:latte:    ensemble16 [shape=(96, 28, 28)]
INFO:latte:    ensemble17 [shape=(96, 28, 28)]
INFO:latte:    ensemble18 [shape=(96, 28, 28)]
INFO:latte:    ensemble19 [shape=(128, 28, 28)]
INFO:latte:    ensemble20 [shape=(128, 28, 28)]
INFO:latte:    ensemble21 [shape=(128, 28, 28)]
INFO:latte:    ensemble22 [shape=(16, 28, 28)]
INFO:latte:    ensemble23 [shape=(16, 28, 28)]
INFO:latte:    ensemble24 [shape=(16, 28, 28)]
INFO:latte:    ensemble25 [shape=(32, 28, 28)]
INFO:latte:    ensemble26 [shape=(32, 28, 28)]
INFO:latte:    ensemble27 [shape=(32, 28, 28)]
INFO:latte:    ensemble28 [shape=(192, 28, 28)]
INFO:latte:    ensemble29 [shape=(32, 28, 28)]
INFO:latte:    ensemble30 [shape=(32, 28, 28)]
INFO:latte:    ensemble31 [shape=(32, 28, 28)]
INFO:latte:    ensemble32 [shape=(256, 28, 28)]
INFO:latte:    ensemble33 [shape=(128, 28, 28)]
INFO:latte:    ensemble34 [shape=(128, 28, 28)]
INFO:latte:    ensemble35 [shape=(128, 28, 28)]
INFO:latte:    ensemble36 [shape=(128, 28, 28)]
INFO:latte:    ensemble37 [shape=(128, 28, 28)]
INFO:latte:    ensemble38 [shape=(128, 28, 28)]
INFO:latte:    ensemble39 [shape=(192, 28, 28)]
INFO:latte:    ensemble40 [shape=(192, 28, 28)]
INFO:latte:    ensemble41 [shape=(192, 28, 28)]
INFO:latte:    ensemble42 [shape=(32, 28, 28)]
INFO:latte:    ensemble43 [shape=(32, 28, 28)]
INFO:latte:    ensemble44 [shape=(32, 28, 28)]
INFO:latte:    ensemble45 [shape=(96, 28, 28)]
INFO:latte:    ensemble46 [shape=(96, 28, 28)]
INFO:latte:    ensemble47 [shape=(96, 28, 28)]
INFO:latte:    ensemble48 [shape=(256, 28, 28)]
INFO:latte:    ensemble49 [shape=(64, 28, 28)]
INFO:latte:    ensemble50 [shape=(64, 28, 28)]
INFO:latte:    ensemble51 [shape=(64, 28, 28)]
INFO:latte:    ensemble52 [shape=(480, 28, 28)]
INFO:latte:    ensemble53 [shape=(480, 14, 14)]
INFO:latte:    ensemble54 [shape=(192, 14, 14)]
INFO:latte:    ensemble55 [shape=(192, 14, 14)]
INFO:latte:    ensemble56 [shape=(192, 14, 14)]
INFO:latte:    ensemble57 [shape=(96, 14, 14)]
INFO:latte:    ensemble58 [shape=(96, 14, 14)]
INFO:latte:    ensemble59 [shape=(96, 14, 14)]
INFO:latte:    ensemble60 [shape=(208, 14, 14)]
INFO:latte:    ensemble61 [shape=(208, 14, 14)]
INFO:latte:    ensemble62 [shape=(208, 14, 14)]
INFO:latte:    ensemble63 [shape=(16, 14, 14)]
INFO:latte:    ensemble64 [shape=(16, 14, 14)]
INFO:latte:    ensemble65 [shape=(16, 14, 14)]
INFO:latte:    ensemble66 [shape=(48, 14, 14)]
INFO:latte:    ensemble67 [shape=(48, 14, 14)]
INFO:latte:    ensemble68 [shape=(48, 14, 14)]
INFO:latte:    ensemble69 [shape=(480, 14, 14)]
INFO:latte:    ensemble70 [shape=(64, 14, 14)]
INFO:latte:    ensemble71 [shape=(64, 14, 14)]
INFO:latte:    ensemble72 [shape=(64, 14, 14)]
INFO:latte:    ensemble73 [shape=(512, 14, 14)]
INFO:latte:    ensemble74 [shape=(512, 4, 4)]
INFO:latte:    ensemble75 [shape=(128, 4, 4)]
INFO:latte:    ensemble76 [shape=(128, 4, 4)]
INFO:latte:    ensemble77 [shape=(128, 4, 4)]
INFO:latte:    ensemble78 [shape=(1024,)]
INFO:latte:    ensemble79 [shape=(1024,)]
INFO:latte:    ensemble80 [shape=(1024,)]
INFO:latte:    ensemble81 [shape=(1008,)]
INFO:latte:    ensemble82 [shape=(1008,)]
INFO:latte:    ensemble83 [shape=(160, 14, 14)]
INFO:latte:    ensemble84 [shape=(160, 14, 14)]
INFO:latte:    ensemble85 [shape=(160, 14, 14)]
INFO:latte:    ensemble86 [shape=(112, 14, 14)]
INFO:latte:    ensemble87 [shape=(112, 14, 14)]
INFO:latte:    ensemble88 [shape=(112, 14, 14)]
INFO:latte:    ensemble89 [shape=(224, 14, 14)]
INFO:latte:    ensemble90 [shape=(224, 14, 14)]
INFO:latte:    ensemble91 [shape=(224, 14, 14)]
INFO:latte:    ensemble92 [shape=(32, 14, 14)]
INFO:latte:    ensemble93 [shape=(32, 14, 14)]
INFO:latte:    ensemble94 [shape=(32, 14, 14)]
INFO:latte:    ensemble95 [shape=(64, 14, 14)]
INFO:latte:    ensemble96 [shape=(64, 14, 14)]
INFO:latte:    ensemble97 [shape=(64, 14, 14)]
INFO:latte:    ensemble98 [shape=(512, 14, 14)]
INFO:latte:    ensemble99 [shape=(64, 14, 14)]
INFO:latte:    ensemble100 [shape=(64, 14, 14)]
INFO:latte:    ensemble101 [shape=(64, 14, 14)]
INFO:latte:Compiling functions...
icpc: command line remark #10411: option '-openmp' is deprecated and will be removed in a future release. Please use the replacement option '-qopenmp'
icpc: command line remark #10411: option '-openmp' is deprecated and will be removed in a future release. Please use the replacement option '-qopenmp'
.compiled/backward1.cpp(2117): (col. 5) warning #13379:  was not vectorized with "simd"
.compiled/backward1.cpp(2276): (col. 5) warning #13379:  was not vectorized with "simd"
INFO:latte:Finished compiling Net
srun: error: pcl-knl11: task 0: Segmentation fault (core dumped)
