INFO:latte:========== Configuration ==========
INFO:latte:    march             = AVX-512
INFO:latte:    parallel_strategy = OPENMP
INFO:latte:    nthreads          = 64
INFO:latte:    codegen_strategy = AUTOVEC
INFO:latte:    prefetch_option = ON
INFO:latte:    mode = RELEASE
INFO:latte:    timer = ON
INFO:latte:===================================
INFO:latte:Initializing ensembles and synthesizing functions...
INFO:latte:    ensemble1 [shape=(3, 224, 224)]
INFO:latte:    ensemble2 [shape=(64, 112, 112)]
INFO:latte:    ensemble3 [shape=(64, 112, 112)]
INFO:latte:    ensemble4 [shape=(64, 112, 112)]
INFO:latte:    ensemble5 [shape=(64, 56, 56)]
INFO:latte:    ensemble6 [shape=(64, 56, 56)]
INFO:latte:    ensemble7 [shape=(64, 56, 56)]
INFO:latte:    ensemble8 [shape=(64, 56, 56)]
INFO:latte:    ensemble9 [shape=(64, 56, 56)]
INFO:latte:    ensemble10 [shape=(192, 56, 56)]
INFO:latte:    ensemble11 [shape=(192, 56, 56)]
INFO:latte:    ensemble12 [shape=(192, 56, 56)]
INFO:latte:    ensemble13 [shape=(192, 56, 56)]
INFO:latte:    ensemble14 [shape=(192, 28, 28)]
INFO:latte:    ensemble15 [shape=(64, 28, 28)]
INFO:latte:    ensemble16 [shape=(64, 28, 28)]
INFO:latte:    ensemble17 [shape=(64, 28, 28)]
INFO:latte:    ensemble18 [shape=(96, 28, 28)]
INFO:latte:    ensemble19 [shape=(96, 28, 28)]
INFO:latte:    ensemble20 [shape=(96, 28, 28)]
INFO:latte:    ensemble21 [shape=(128, 28, 28)]
INFO:latte:    ensemble22 [shape=(128, 28, 28)]
INFO:latte:    ensemble23 [shape=(128, 28, 28)]
INFO:latte:    ensemble24 [shape=(16, 28, 28)]
INFO:latte:    ensemble25 [shape=(16, 28, 28)]
INFO:latte:    ensemble26 [shape=(16, 28, 28)]
INFO:latte:    ensemble27 [shape=(32, 28, 28)]
INFO:latte:    ensemble28 [shape=(32, 28, 28)]
INFO:latte:    ensemble29 [shape=(32, 28, 28)]
INFO:latte:    ensemble30 [shape=(192, 28, 28)]
INFO:latte:    ensemble31 [shape=(32, 28, 28)]
INFO:latte:    ensemble32 [shape=(32, 28, 28)]
INFO:latte:    ensemble33 [shape=(32, 28, 28)]
INFO:latte:    ensemble34 [shape=(256, 28, 28)]
INFO:latte:    ensemble35 [shape=(128, 28, 28)]
INFO:latte:    ensemble36 [shape=(128, 28, 28)]
INFO:latte:    ensemble37 [shape=(128, 28, 28)]
INFO:latte:    ensemble38 [shape=(128, 28, 28)]
INFO:latte:    ensemble39 [shape=(128, 28, 28)]
INFO:latte:    ensemble40 [shape=(128, 28, 28)]
INFO:latte:    ensemble41 [shape=(192, 28, 28)]
INFO:latte:    ensemble42 [shape=(192, 28, 28)]
INFO:latte:    ensemble43 [shape=(192, 28, 28)]
INFO:latte:    ensemble44 [shape=(32, 28, 28)]
INFO:latte:    ensemble45 [shape=(32, 28, 28)]
INFO:latte:    ensemble46 [shape=(32, 28, 28)]
INFO:latte:    ensemble47 [shape=(96, 28, 28)]
INFO:latte:    ensemble48 [shape=(96, 28, 28)]
INFO:latte:    ensemble49 [shape=(96, 28, 28)]
INFO:latte:    ensemble50 [shape=(256, 28, 28)]
INFO:latte:    ensemble51 [shape=(64, 28, 28)]
INFO:latte:    ensemble52 [shape=(64, 28, 28)]
INFO:latte:    ensemble53 [shape=(64, 28, 28)]
INFO:latte:    ensemble54 [shape=(480, 28, 28)]
INFO:latte:    ensemble55 [shape=(480, 14, 14)]
INFO:latte:    ensemble56 [shape=(192, 14, 14)]
INFO:latte:    ensemble57 [shape=(192, 14, 14)]
INFO:latte:    ensemble58 [shape=(192, 14, 14)]
INFO:latte:    ensemble59 [shape=(96, 14, 14)]
INFO:latte:    ensemble60 [shape=(96, 14, 14)]
INFO:latte:    ensemble61 [shape=(96, 14, 14)]
INFO:latte:    ensemble62 [shape=(208, 14, 14)]
INFO:latte:    ensemble63 [shape=(208, 14, 14)]
INFO:latte:    ensemble64 [shape=(208, 14, 14)]
INFO:latte:    ensemble65 [shape=(16, 14, 14)]
INFO:latte:    ensemble66 [shape=(16, 14, 14)]
INFO:latte:    ensemble67 [shape=(16, 14, 14)]
INFO:latte:    ensemble68 [shape=(48, 14, 14)]
INFO:latte:    ensemble69 [shape=(48, 14, 14)]
INFO:latte:    ensemble70 [shape=(48, 14, 14)]
INFO:latte:    ensemble71 [shape=(480, 14, 14)]
INFO:latte:    ensemble72 [shape=(64, 14, 14)]
INFO:latte:    ensemble73 [shape=(64, 14, 14)]
INFO:latte:    ensemble74 [shape=(64, 14, 14)]
INFO:latte:    ensemble75 [shape=(512, 14, 14)]
INFO:latte:    ensemble76 [shape=(512, 4, 4)]
INFO:latte:    ensemble77 [shape=(128, 4, 4)]
INFO:latte:    ensemble78 [shape=(128, 4, 4)]
INFO:latte:    ensemble79 [shape=(128, 4, 4)]
INFO:latte:    ensemble80 [shape=(1024,)]
INFO:latte:    ensemble81 [shape=(1024,)]
INFO:latte:    ensemble82 [shape=(1024,)]
INFO:latte:    ensemble83 [shape=(1008,)]
INFO:latte:    ensemble84 [shape=(1008,)]
INFO:latte:    ensemble85 [shape=(160, 14, 14)]
INFO:latte:    ensemble86 [shape=(160, 14, 14)]
INFO:latte:    ensemble87 [shape=(160, 14, 14)]
INFO:latte:    ensemble88 [shape=(112, 14, 14)]
INFO:latte:    ensemble89 [shape=(112, 14, 14)]
INFO:latte:    ensemble90 [shape=(112, 14, 14)]
INFO:latte:    ensemble91 [shape=(224, 14, 14)]
INFO:latte:    ensemble92 [shape=(224, 14, 14)]
INFO:latte:    ensemble93 [shape=(224, 14, 14)]
INFO:latte:    ensemble94 [shape=(32, 14, 14)]
INFO:latte:    ensemble95 [shape=(32, 14, 14)]
INFO:latte:    ensemble96 [shape=(32, 14, 14)]
INFO:latte:    ensemble97 [shape=(64, 14, 14)]
INFO:latte:    ensemble98 [shape=(64, 14, 14)]
INFO:latte:    ensemble99 [shape=(64, 14, 14)]
INFO:latte:    ensemble100 [shape=(512, 14, 14)]
INFO:latte:    ensemble101 [shape=(64, 14, 14)]
INFO:latte:    ensemble102 [shape=(64, 14, 14)]
INFO:latte:    ensemble103 [shape=(64, 14, 14)]
INFO:latte:    ensemble104 [shape=(512, 14, 14)]
INFO:latte:    ensemble105 [shape=(128, 14, 14)]
INFO:latte:    ensemble106 [shape=(128, 14, 14)]
INFO:latte:    ensemble107 [shape=(128, 14, 14)]
INFO:latte:    ensemble108 [shape=(128, 14, 14)]
INFO:latte:    ensemble109 [shape=(128, 14, 14)]
INFO:latte:    ensemble110 [shape=(128, 14, 14)]
INFO:latte:    ensemble111 [shape=(256, 14, 14)]
INFO:latte:    ensemble112 [shape=(256, 14, 14)]
INFO:latte:    ensemble113 [shape=(256, 14, 14)]
INFO:latte:    ensemble114 [shape=(32, 14, 14)]
INFO:latte:    ensemble115 [shape=(32, 14, 14)]
INFO:latte:    ensemble116 [shape=(32, 14, 14)]
INFO:latte:    ensemble117 [shape=(64, 14, 14)]
INFO:latte:    ensemble118 [shape=(64, 14, 14)]
INFO:latte:    ensemble119 [shape=(64, 14, 14)]
INFO:latte:    ensemble120 [shape=(512, 14, 14)]
INFO:latte:    ensemble121 [shape=(64, 14, 14)]
INFO:latte:    ensemble122 [shape=(64, 14, 14)]
INFO:latte:    ensemble123 [shape=(64, 14, 14)]
INFO:latte:    ensemble124 [shape=(512, 14, 14)]
INFO:latte:    ensemble125 [shape=(112, 14, 14)]
INFO:latte:    ensemble126 [shape=(112, 14, 14)]
INFO:latte:    ensemble127 [shape=(112, 14, 14)]
INFO:latte:    ensemble128 [shape=(144, 14, 14)]
INFO:latte:    ensemble129 [shape=(144, 14, 14)]
INFO:latte:    ensemble130 [shape=(144, 14, 14)]
INFO:latte:    ensemble131 [shape=(288, 14, 14)]
INFO:latte:    ensemble132 [shape=(288, 14, 14)]
INFO:latte:    ensemble133 [shape=(288, 14, 14)]
INFO:latte:    ensemble134 [shape=(32, 14, 14)]
INFO:latte:    ensemble135 [shape=(32, 14, 14)]
INFO:latte:    ensemble136 [shape=(32, 14, 14)]
INFO:latte:    ensemble137 [shape=(64, 14, 14)]
INFO:latte:    ensemble138 [shape=(64, 14, 14)]
INFO:latte:    ensemble139 [shape=(64, 14, 14)]
INFO:latte:    ensemble140 [shape=(512, 14, 14)]
INFO:latte:    ensemble141 [shape=(64, 14, 14)]
INFO:latte:    ensemble142 [shape=(64, 14, 14)]
INFO:latte:    ensemble143 [shape=(64, 14, 14)]
INFO:latte:    ensemble144 [shape=(528, 14, 14)]
INFO:latte:    ensemble145 [shape=(528, 4, 4)]
INFO:latte:    ensemble146 [shape=(128, 4, 4)]
INFO:latte:    ensemble147 [shape=(128, 4, 4)]
INFO:latte:    ensemble148 [shape=(128, 4, 4)]
INFO:latte:    ensemble149 [shape=(1024,)]
INFO:latte:    ensemble150 [shape=(1024,)]
INFO:latte:    ensemble151 [shape=(1024,)]
INFO:latte:    ensemble152 [shape=(1008,)]
INFO:latte:    ensemble153 [shape=(1008,)]
INFO:latte:    ensemble154 [shape=(256, 14, 14)]
INFO:latte:    ensemble155 [shape=(256, 14, 14)]
INFO:latte:    ensemble156 [shape=(256, 14, 14)]
INFO:latte:    ensemble157 [shape=(160, 14, 14)]
INFO:latte:    ensemble158 [shape=(160, 14, 14)]
INFO:latte:    ensemble159 [shape=(160, 14, 14)]
INFO:latte:    ensemble160 [shape=(320, 14, 14)]
INFO:latte:    ensemble161 [shape=(320, 14, 14)]
INFO:latte:    ensemble162 [shape=(320, 14, 14)]
INFO:latte:    ensemble163 [shape=(32, 14, 14)]
INFO:latte:    ensemble164 [shape=(32, 14, 14)]
INFO:latte:    ensemble165 [shape=(32, 14, 14)]
INFO:latte:    ensemble166 [shape=(128, 14, 14)]
INFO:latte:    ensemble167 [shape=(128, 14, 14)]
INFO:latte:    ensemble168 [shape=(128, 14, 14)]
INFO:latte:    ensemble169 [shape=(528, 14, 14)]
INFO:latte:    ensemble170 [shape=(128, 14, 14)]
INFO:latte:    ensemble171 [shape=(128, 14, 14)]
INFO:latte:    ensemble172 [shape=(128, 14, 14)]
INFO:latte:    ensemble173 [shape=(832, 14, 14)]
INFO:latte:    ensemble174 [shape=(832, 7, 7)]
INFO:latte:    ensemble175 [shape=(256, 7, 7)]
INFO:latte:    ensemble176 [shape=(256, 7, 7)]
INFO:latte:    ensemble177 [shape=(256, 7, 7)]
INFO:latte:    ensemble178 [shape=(160, 7, 7)]
INFO:latte:    ensemble179 [shape=(160, 7, 7)]
INFO:latte:    ensemble180 [shape=(160, 7, 7)]
INFO:latte:    ensemble181 [shape=(320, 7, 7)]
INFO:latte:    ensemble182 [shape=(320, 7, 7)]
INFO:latte:    ensemble183 [shape=(320, 7, 7)]
INFO:latte:    ensemble184 [shape=(32, 7, 7)]
INFO:latte:    ensemble185 [shape=(32, 7, 7)]
INFO:latte:    ensemble186 [shape=(32, 7, 7)]
INFO:latte:    ensemble187 [shape=(128, 7, 7)]
INFO:latte:    ensemble188 [shape=(128, 7, 7)]
INFO:latte:    ensemble189 [shape=(128, 7, 7)]
INFO:latte:    ensemble190 [shape=(832, 7, 7)]
INFO:latte:    ensemble191 [shape=(128, 7, 7)]
INFO:latte:    ensemble192 [shape=(128, 7, 7)]
INFO:latte:    ensemble193 [shape=(128, 7, 7)]
INFO:latte:    ensemble194 [shape=(832, 7, 7)]
INFO:latte:    ensemble195 [shape=(384, 7, 7)]
INFO:latte:    ensemble196 [shape=(384, 7, 7)]
INFO:latte:    ensemble197 [shape=(384, 7, 7)]
INFO:latte:    ensemble198 [shape=(192, 7, 7)]
INFO:latte:    ensemble199 [shape=(192, 7, 7)]
INFO:latte:    ensemble200 [shape=(192, 7, 7)]
INFO:latte:    ensemble201 [shape=(384, 7, 7)]
INFO:latte:    ensemble202 [shape=(384, 7, 7)]
INFO:latte:    ensemble203 [shape=(384, 7, 7)]
INFO:latte:    ensemble204 [shape=(48, 7, 7)]
INFO:latte:    ensemble205 [shape=(48, 7, 7)]
INFO:latte:    ensemble206 [shape=(48, 7, 7)]
INFO:latte:    ensemble207 [shape=(128, 7, 7)]
INFO:latte:    ensemble208 [shape=(128, 7, 7)]
INFO:latte:    ensemble209 [shape=(128, 7, 7)]
INFO:latte:    ensemble210 [shape=(832, 7, 7)]
INFO:latte:    ensemble211 [shape=(128, 7, 7)]
INFO:latte:    ensemble212 [shape=(128, 7, 7)]
INFO:latte:    ensemble213 [shape=(128, 7, 7)]
INFO:latte:    ensemble214 [shape=(1024, 7, 7)]
INFO:latte:    ensemble215 [shape=(1024, 1, 1)]
INFO:latte:    ensemble216 [shape=(1008,)]
INFO:latte:    ensemble217 [shape=(1008,)]
INFO:latte:Compiling functions...
INFO:latte:Finished compiling Net
Training ...
Iteration 0 -- 
FP                   : 40038.922 ms
BP+WU                : 0.001 ms
Total Time           : 40038.923 ms

Iteration 1 -- 
FP                   : 39328.418 ms
BP+WU                : 0.001 ms
Total Time           : 39328.419 ms

Total FP                   : 79367.340 ms
Total BP+WU                : 0.002 ms
Total Time                 : 79367.342 ms
Total Inference Throughput : 3.226 images/second
Total Training Throughput  : 3.226 images/second
	times[0] = 11.683
	times[1] = 0.303669
	times[2] = 7.75606
	times[3] = 0.153526
	times[4] = 0.232967
	times[5] = 0.697377
	times[6] = 0.0387039
	times[7] = 1.0376
	times[8] = 0.110519
	times[9] = 0.387414
	times[10] = 0.397537
	times[11] = 1.3649
	times[12] = 0.098871
	times[13] = 1.7592
	times[14] = 0.878233
	times[15] = 0.289243
	times[16] = 0.145787
	times[17] = 0.29959
	times[18] = 0.0231311
	times[19] = 0.717893
	times[20] = 0.21503
	times[21] = 0.033951
	times[22] = 0.098151
	times[23] = 0.000380039
	times[24] = 0.0226929
	times[25] = 0.000200033
	times[26] = 0.232833
	times[27] = 0.171036
	times[28] = 0.372374
	times[29] = 0.0496399
	times[30] = 0.812307
	times[31] = 0.11139
	times[32] = 0.183343
	times[33] = 0.197011
	times[34] = 0.483649
	times[35] = 0.0499539
	times[36] = 0.812878
	times[37] = 0.11124
	times[38] = 0.161529
	times[39] = 0.222205
	times[40] = 0.606482
	times[41] = 0.0497608
	times[42] = 0.814629
	times[43] = 0.224435
	times[44] = 0.03492
	times[45] = 0.115083
	times[46] = 0.000349998
	times[47] = 0.0229909
	times[48] = 0.000200987
	times[49] = 0.381032
	times[50] = 0.256083
	times[51] = 0.753996
	times[52] = 0.0513201
	times[53] = 0.923613
	times[54] = 0.528202
	times[55] = 0.218889
	times[56] = 0.134548
	times[57] = 0.234757
	times[58] = 0.0270331
	times[59] = 0.357109
	times[60] = 0.115145
	times[61] = 0.328148
	times[62] = 0.161837
	times[63] = 0.351608
	times[64] = 0.0403919
	times[65] = 0.371785
	times[66] = 0.147145
	times[67] = 0.024091
	times[68] = 0.000211954
	times[0] = 11.519
	times[1] = 0.285831
	times[2] = 7.61296
	times[3] = 0.150082
	times[4] = 0.226301
	times[5] = 0.68588
	times[6] = 0.0376291
	times[7] = 1.01785
	times[8] = 0.094831
	times[9] = 0.378654
	times[10] = 0.38851
	times[11] = 1.3503
	times[12] = 0.0961559
	times[13] = 1.73115
	times[14] = 0.835861
	times[15] = 0.286112
	times[16] = 0.14414
	times[17] = 0.295492
	times[18] = 0.0230842
	times[19] = 0.706708
	times[20] = 0.206563
	times[21] = 0.0338778
	times[22] = 0.0972812
	times[23] = 0.000362873
	times[24] = 0.0226722
	times[25] = 0.000200033
	times[26] = 0.230559
	times[27] = 0.169245
	times[28] = 0.367797
	times[29] = 0.0490642
	times[30] = 0.801981
	times[31] = 0.102761
	times[32] = 0.180913
	times[33] = 0.194716
	times[34] = 0.479937
	times[35] = 0.0491431
	times[36] = 0.802589
	times[37] = 0.103032
	times[38] = 0.15901
	times[39] = 0.218571
	times[40] = 0.599471
	times[41] = 0.049098
	times[42] = 0.802948
	times[43] = 0.215083
	times[44] = 0.034873
	times[45] = 0.114078
	times[46] = 0.000350952
	times[47] = 0.022485
	times[48] = 0.000200033
	times[49] = 0.375635
	times[50] = 0.251064
	times[51] = 0.748871
	times[52] = 0.0505331
	times[53] = 0.908409
	times[54] = 0.50578
	times[55] = 0.218927
	times[56] = 0.133197
	times[57] = 0.234051
	times[58] = 0.0269151
	times[59] = 0.343391
	times[60] = 0.111955
	times[61] = 0.328231
	times[62] = 0.160432
	times[63] = 0.341958
	times[64] = 0.040777
	times[65] = 0.366178
	times[66] = 0.145341
	times[67] = 0.0239282
	times[68] = 0.000211
